16:16:16 DEBUG : Logs will be stored at '/home/jashshah/Desktop/Embedded_Lab/Lab_0/workspace/IDE.log'.
16:16:22 INFO  : Launching XSCT server: xsct -n  -interactive /home/jashshah/Desktop/Embedded_Lab/Lab_0/workspace/temp_xsdb_launch_script.tcl
16:16:23 INFO  : Registering command handlers for Vitis TCF services
16:16:25 INFO  : Platform repository initialization has completed.
16:16:26 INFO  : XSCT server has started successfully.
16:16:31 INFO  : Successfully done setting XSCT server connection channel  
16:16:31 INFO  : plnx-install-location is set to ''
16:16:31 INFO  : Successfully done query RDI_DATADIR 
16:16:31 INFO  : Successfully done setting workspace for the tool. 
16:18:14 INFO  : Result from executing command 'getProjects': Pratyush
16:18:14 INFO  : Result from executing command 'getPlatforms': xilinx_vck190_base_202210_1|/ece/Xilinx/Vitis/2022.1/base_platforms/xilinx_vck190_base_202210_1/xilinx_vck190_base_202210_1.xpfm;xilinx_vck190_base_dfx_202210_1|/ece/Xilinx/Vitis/2022.1/base_platforms/xilinx_vck190_base_dfx_202210_1/xilinx_vck190_base_dfx_202210_1.xpfm;xilinx_vmk180_base_202210_1|/ece/Xilinx/Vitis/2022.1/base_platforms/xilinx_vmk180_base_202210_1/xilinx_vmk180_base_202210_1.xpfm;xilinx_zcu102_base_202210_1|/ece/Xilinx/Vitis/2022.1/base_platforms/xilinx_zcu102_base_202210_1/xilinx_zcu102_base_202210_1.xpfm;xilinx_zcu102_base_dfx_202210_1|/ece/Xilinx/Vitis/2022.1/base_platforms/xilinx_zcu102_base_dfx_202210_1/xilinx_zcu102_base_dfx_202210_1.xpfm;xilinx_zcu104_base_202210_1|/ece/Xilinx/Vitis/2022.1/base_platforms/xilinx_zcu104_base_202210_1/xilinx_zcu104_base_202210_1.xpfm
16:27:24 INFO  : Result from executing command 'getProjects': Pratyush
16:27:24 INFO  : Result from executing command 'getPlatforms': Pratyush|/home/jashshah/Desktop/Embedded_Lab/Lab_0/workspace/Pratyush/export/Pratyush/Pratyush.xpfm;xilinx_vck190_base_202210_1|/ece/Xilinx/Vitis/2022.1/base_platforms/xilinx_vck190_base_202210_1/xilinx_vck190_base_202210_1.xpfm;xilinx_vck190_base_dfx_202210_1|/ece/Xilinx/Vitis/2022.1/base_platforms/xilinx_vck190_base_dfx_202210_1/xilinx_vck190_base_dfx_202210_1.xpfm;xilinx_vmk180_base_202210_1|/ece/Xilinx/Vitis/2022.1/base_platforms/xilinx_vmk180_base_202210_1/xilinx_vmk180_base_202210_1.xpfm;xilinx_zcu102_base_202210_1|/ece/Xilinx/Vitis/2022.1/base_platforms/xilinx_zcu102_base_202210_1/xilinx_zcu102_base_202210_1.xpfm;xilinx_zcu102_base_dfx_202210_1|/ece/Xilinx/Vitis/2022.1/base_platforms/xilinx_zcu102_base_dfx_202210_1/xilinx_zcu102_base_dfx_202210_1.xpfm;xilinx_zcu104_base_202210_1|/ece/Xilinx/Vitis/2022.1/base_platforms/xilinx_zcu104_base_202210_1/xilinx_zcu104_base_202210_1.xpfm
16:27:28 INFO  : Checking for BSP changes to sync application flags for project 'Lab0'...
16:32:07 ERROR : Error while launch xterm: {}
java.io.IOException: Cannot run program "xterm" (in directory "/home/jashshah/Desktop/Embedded_Lab/Lab_0/workspace"): error=2, No such file or directory
	at java.lang.ProcessBuilder.start(ProcessBuilder.java:1128) ~[?:?]
	at java.lang.ProcessBuilder.start(ProcessBuilder.java:1071) ~[?:?]
	at com.xilinx.ide.tools.console.OpenXBashHandler$1.run(OpenXBashHandler.java:99) ~[?:?]
	at org.eclipse.swt.widgets.RunnableLock.run(RunnableLock.java:40) ~[org.eclipse.swt.gtk.linux.x86_64_3.114.0.v20200304-0601.jar:?]
	at org.eclipse.swt.widgets.Synchronizer.runAsyncMessages(Synchronizer.java:185) ~[org.eclipse.swt.gtk.linux.x86_64_3.114.0.v20200304-0601.jar:?]
	at org.eclipse.swt.widgets.Display.runAsyncMessages(Display.java:4930) ~[org.eclipse.swt.gtk.linux.x86_64_3.114.0.v20200304-0601.jar:?]
	at org.eclipse.swt.widgets.Display.readAndDispatch(Display.java:4451) ~[org.eclipse.swt.gtk.linux.x86_64_3.114.0.v20200304-0601.jar:?]
	at org.eclipse.e4.ui.internal.workbench.swt.PartRenderingEngine$5.run(PartRenderingEngine.java:1160) ~[?:?]
	at org.eclipse.core.databinding.observable.Realm.runWithDefault(Realm.java:338) ~[?:?]
	at org.eclipse.e4.ui.internal.workbench.swt.PartRenderingEngine.run(PartRenderingEngine.java:1049) ~[?:?]
	at org.eclipse.e4.ui.internal.workbench.E4Workbench.createAndRunUI(E4Workbench.java:155) ~[org.eclipse.e4.ui.workbench_1.11.200.v20200205-1503.jar:?]
	at org.eclipse.ui.internal.Workbench.lambda$3(Workbench.java:658) ~[org.eclipse.ui.workbench_3.118.0.v20200222-0719.jar:?]
	at org.eclipse.core.databinding.observable.Realm.runWithDefault(Realm.java:338) [org.eclipse.core.databinding.observable_1.9.0.v20200205-2119.jar:?]
	at org.eclipse.ui.internal.Workbench.createAndRunWorkbench(Workbench.java:557) [org.eclipse.ui.workbench_3.118.0.v20200222-0719.jar:?]
	at org.eclipse.ui.PlatformUI.createAndRunWorkbench(PlatformUI.java:154) [org.eclipse.ui.workbench_3.118.0.v20200222-0719.jar:?]
	at com.xilinx.ide.application.ui.Application.start(Application.java:80) [com.xilinx.ide.application.ui_1.0.0.202204140305.jar:?]
	at org.eclipse.equinox.internal.app.EclipseAppHandle.run(EclipseAppHandle.java:203) [org.eclipse.equinox.app_1.4.400.v20191212-0743.jar:?]
	at org.eclipse.core.runtime.internal.adaptor.EclipseAppLauncher.runApplication(EclipseAppLauncher.java:137) [org.eclipse.osgi_3.15.200.v20200214-1600.jar:?]
	at org.eclipse.core.runtime.internal.adaptor.EclipseAppLauncher.start(EclipseAppLauncher.java:107) [org.eclipse.osgi_3.15.200.v20200214-1600.jar:?]
	at org.eclipse.core.runtime.adaptor.EclipseStarter.run(EclipseStarter.java:401) [org.eclipse.osgi_3.15.200.v20200214-1600.jar:?]
	at org.eclipse.core.runtime.adaptor.EclipseStarter.run(EclipseStarter.java:255) [org.eclipse.osgi_3.15.200.v20200214-1600.jar:?]
	at jdk.internal.reflect.NativeMethodAccessorImpl.invoke0(Native Method) ~[?:?]
	at jdk.internal.reflect.NativeMethodAccessorImpl.invoke(NativeMethodAccessorImpl.java:62) ~[?:?]
	at jdk.internal.reflect.DelegatingMethodAccessorImpl.invoke(DelegatingMethodAccessorImpl.java:43) ~[?:?]
	at java.lang.reflect.Method.invoke(Method.java:566) ~[?:?]
	at org.eclipse.equinox.launcher.Main.invokeFramework(Main.java:657) [org.eclipse.equinox.launcher_1.5.700.v20200207-2156.jar:?]
	at org.eclipse.equinox.launcher.Main.basicRun(Main.java:594) [org.eclipse.equinox.launcher_1.5.700.v20200207-2156.jar:?]
	at org.eclipse.equinox.launcher.Main.run(Main.java:1447) [org.eclipse.equinox.launcher_1.5.700.v20200207-2156.jar:?]
	at org.eclipse.equinox.launcher.Main.main(Main.java:1420) [org.eclipse.equinox.launcher_1.5.700.v20200207-2156.jar:?]
Caused by: java.io.IOException: error=2, No such file or directory
	at java.lang.ProcessImpl.forkAndExec(Native Method) ~[?:?]
	at java.lang.ProcessImpl.<init>(ProcessImpl.java:340) ~[?:?]
	at java.lang.ProcessImpl.start(ProcessImpl.java:271) ~[?:?]
	at java.lang.ProcessBuilder.start(ProcessBuilder.java:1107) ~[?:?]
	... 28 more
16:32:07 ERROR : Error while launch konsole: {}
java.io.IOException: Cannot run program "konsole" (in directory "/home/jashshah/Desktop/Embedded_Lab/Lab_0/workspace"): error=2, No such file or directory
	at java.lang.ProcessBuilder.start(ProcessBuilder.java:1128) ~[?:?]
	at java.lang.ProcessBuilder.start(ProcessBuilder.java:1071) ~[?:?]
	at com.xilinx.ide.tools.console.OpenXBashHandler$1.run(OpenXBashHandler.java:109) ~[?:?]
	at org.eclipse.swt.widgets.RunnableLock.run(RunnableLock.java:40) ~[org.eclipse.swt.gtk.linux.x86_64_3.114.0.v20200304-0601.jar:?]
	at org.eclipse.swt.widgets.Synchronizer.runAsyncMessages(Synchronizer.java:185) ~[org.eclipse.swt.gtk.linux.x86_64_3.114.0.v20200304-0601.jar:?]
	at org.eclipse.swt.widgets.Display.runAsyncMessages(Display.java:4930) ~[org.eclipse.swt.gtk.linux.x86_64_3.114.0.v20200304-0601.jar:?]
	at org.eclipse.swt.widgets.Display.readAndDispatch(Display.java:4451) ~[org.eclipse.swt.gtk.linux.x86_64_3.114.0.v20200304-0601.jar:?]
	at org.eclipse.e4.ui.internal.workbench.swt.PartRenderingEngine$5.run(PartRenderingEngine.java:1160) ~[?:?]
	at org.eclipse.core.databinding.observable.Realm.runWithDefault(Realm.java:338) ~[?:?]
	at org.eclipse.e4.ui.internal.workbench.swt.PartRenderingEngine.run(PartRenderingEngine.java:1049) ~[?:?]
	at org.eclipse.e4.ui.internal.workbench.E4Workbench.createAndRunUI(E4Workbench.java:155) ~[org.eclipse.e4.ui.workbench_1.11.200.v20200205-1503.jar:?]
	at org.eclipse.ui.internal.Workbench.lambda$3(Workbench.java:658) ~[org.eclipse.ui.workbench_3.118.0.v20200222-0719.jar:?]
	at org.eclipse.core.databinding.observable.Realm.runWithDefault(Realm.java:338) [org.eclipse.core.databinding.observable_1.9.0.v20200205-2119.jar:?]
	at org.eclipse.ui.internal.Workbench.createAndRunWorkbench(Workbench.java:557) [org.eclipse.ui.workbench_3.118.0.v20200222-0719.jar:?]
	at org.eclipse.ui.PlatformUI.createAndRunWorkbench(PlatformUI.java:154) [org.eclipse.ui.workbench_3.118.0.v20200222-0719.jar:?]
	at com.xilinx.ide.application.ui.Application.start(Application.java:80) [com.xilinx.ide.application.ui_1.0.0.202204140305.jar:?]
	at org.eclipse.equinox.internal.app.EclipseAppHandle.run(EclipseAppHandle.java:203) [org.eclipse.equinox.app_1.4.400.v20191212-0743.jar:?]
	at org.eclipse.core.runtime.internal.adaptor.EclipseAppLauncher.runApplication(EclipseAppLauncher.java:137) [org.eclipse.osgi_3.15.200.v20200214-1600.jar:?]
	at org.eclipse.core.runtime.internal.adaptor.EclipseAppLauncher.start(EclipseAppLauncher.java:107) [org.eclipse.osgi_3.15.200.v20200214-1600.jar:?]
	at org.eclipse.core.runtime.adaptor.EclipseStarter.run(EclipseStarter.java:401) [org.eclipse.osgi_3.15.200.v20200214-1600.jar:?]
	at org.eclipse.core.runtime.adaptor.EclipseStarter.run(EclipseStarter.java:255) [org.eclipse.osgi_3.15.200.v20200214-1600.jar:?]
	at jdk.internal.reflect.NativeMethodAccessorImpl.invoke0(Native Method) ~[?:?]
	at jdk.internal.reflect.NativeMethodAccessorImpl.invoke(NativeMethodAccessorImpl.java:62) ~[?:?]
	at jdk.internal.reflect.DelegatingMethodAccessorImpl.invoke(DelegatingMethodAccessorImpl.java:43) ~[?:?]
	at java.lang.reflect.Method.invoke(Method.java:566) ~[?:?]
	at org.eclipse.equinox.launcher.Main.invokeFramework(Main.java:657) [org.eclipse.equinox.launcher_1.5.700.v20200207-2156.jar:?]
	at org.eclipse.equinox.launcher.Main.basicRun(Main.java:594) [org.eclipse.equinox.launcher_1.5.700.v20200207-2156.jar:?]
	at org.eclipse.equinox.launcher.Main.run(Main.java:1447) [org.eclipse.equinox.launcher_1.5.700.v20200207-2156.jar:?]
	at org.eclipse.equinox.launcher.Main.main(Main.java:1420) [org.eclipse.equinox.launcher_1.5.700.v20200207-2156.jar:?]
Caused by: java.io.IOException: error=2, No such file or directory
	at java.lang.ProcessImpl.forkAndExec(Native Method) ~[?:?]
	at java.lang.ProcessImpl.<init>(ProcessImpl.java:340) ~[?:?]
	at java.lang.ProcessImpl.start(ProcessImpl.java:271) ~[?:?]
	at java.lang.ProcessBuilder.start(ProcessBuilder.java:1107) ~[?:?]
	... 28 more
16:32:29 INFO  : Checking for BSP changes to sync application flags for project 'Lab0'...
16:36:13 INFO  : Connected to target on host '127.0.0.1' and port '3121'.
16:36:32 INFO  : ----------------XSDB Script----------------
connect -url tcp:127.0.0.1:3121
----------------End of Script----------------

16:36:32 ERROR : Could not find FPGA device on the board for connection 'Local'.


Troubleshooting hints:
1. Check whether board is connected to system properly.
2. In case of zynq board, check whether Digilent/Xilinx cable switch settings are correct.
3. If you are using Xilinx Platform Cable USB, ensure that status LED is green.
16:48:42 INFO  : Connected to target on host '127.0.0.1' and port '3121'.
16:48:42 INFO  : Jtag cable 'RealDigital Boo 8874042404B4A' is selected.
16:48:42 INFO  : 'jtag frequency' command is executed.
16:48:42 INFO  : 'targets -set -filter {jtag_cable_name =~ "RealDigital Boo 8874042404B4A" && level==0 && jtag_device_ctx=="jsn1-0362f093-0"}' command is executed.
16:48:43 INFO  : Device configured successfully with "/home/jashshah/Desktop/Embedded_Lab/Lab_0/workspace/Lab0/_ide/bitstream/bd_wrapper.bit"
16:48:43 INFO  : Context for processor 'microblaze_0' is selected.
16:48:43 INFO  : Hardware design and registers information is loaded from '/home/jashshah/Desktop/Embedded_Lab/Lab_0/workspace/Pratyush/export/Pratyush/hw/bd_wrapper.xsa'.
16:48:43 INFO  : 'configparams mdm-detect-bscan-mask 2' command is executed.
16:48:43 INFO  : Context for processor 'microblaze_0' is selected.
16:48:43 INFO  : System reset is completed.
16:48:46 INFO  : 'after 3000' command is executed.
16:48:46 INFO  : Context for processor 'microblaze_0' is selected.
16:48:46 INFO  : The application '/home/jashshah/Desktop/Embedded_Lab/Lab_0/workspace/Lab0/Debug/Lab0.elf' is downloaded to processor 'microblaze_0'.
16:48:46 INFO  : ----------------XSDB Script----------------
connect -url tcp:127.0.0.1:3121
targets -set -filter {jtag_cable_name =~ "RealDigital Boo 8874042404B4A" && level==0 && jtag_device_ctx=="jsn1-0362f093-0"}
fpga -file /home/jashshah/Desktop/Embedded_Lab/Lab_0/workspace/Lab0/_ide/bitstream/bd_wrapper.bit
targets -set -nocase -filter {name =~ "*microblaze*#0" && bscan=="USER2" }
loadhw -hw /home/jashshah/Desktop/Embedded_Lab/Lab_0/workspace/Pratyush/export/Pratyush/hw/bd_wrapper.xsa -regs
configparams mdm-detect-bscan-mask 2
targets -set -nocase -filter {name =~ "*microblaze*#0" && bscan=="USER2" }
rst -system
after 3000
targets -set -nocase -filter {name =~ "*microblaze*#0" && bscan=="USER2" }
dow /home/jashshah/Desktop/Embedded_Lab/Lab_0/workspace/Lab0/Debug/Lab0.elf
----------------End of Script----------------

16:48:46 INFO  : Context for processor 'microblaze_0' is selected.
16:48:46 INFO  : 'con' command is executed.
16:48:46 INFO  : ----------------XSDB Script (After Launch)----------------
targets -set -nocase -filter {name =~ "*microblaze*#0" && bscan=="USER2" }
con
----------------End of Script----------------

16:48:46 INFO  : Launch script is exported to file '/home/jashshah/Desktop/Embedded_Lab/Lab_0/workspace/Lab0_system/_ide/scripts/systemdebugger_lab0_system_1_standalone.tcl'
16:57:17 INFO  : Disconnected from the channel tcfchan#2.
17:39:53 DEBUG : Logs will be stored at '/home/jashshah/Desktop/Embedded_Lab/Lab_0/workspace/IDE.log'.
17:39:53 INFO  : Launching XSCT server: xsct -n  -interactive /home/jashshah/Desktop/Embedded_Lab/Lab_0/workspace/temp_xsdb_launch_script.tcl
17:39:55 INFO  : Registering command handlers for Vitis TCF services
17:39:55 INFO  : Platform repository initialization has completed.
17:39:55 INFO  : XSCT server has started successfully.
17:39:57 INFO  : Successfully done setting XSCT server connection channel  
17:39:57 INFO  : plnx-install-location is set to ''
17:39:57 INFO  : Successfully done query RDI_DATADIR 
17:39:57 INFO  : Successfully done setting workspace for the tool. 
17:40:05 INFO  : Checking for BSP changes to sync application flags for project 'Lab0'...
17:40:16 INFO  : Connected to target on host '127.0.0.1' and port '3121'.
17:40:17 INFO  : Jtag cable 'RealDigital Boo 8874042404B4A' is selected.
17:40:17 INFO  : 'jtag frequency' command is executed.
17:40:17 INFO  : 'targets -set -filter {jtag_cable_name =~ "RealDigital Boo 8874042404B4A" && level==0 && jtag_device_ctx=="jsn1-0362f093-0"}' command is executed.
17:40:19 INFO  : Device configured successfully with "/home/jashshah/Desktop/Embedded_Lab/Lab_0/workspace/Lab0/_ide/bitstream/bd_wrapper.bit"
17:40:19 INFO  : Context for processor 'microblaze_0' is selected.
17:40:19 INFO  : Hardware design and registers information is loaded from '/home/jashshah/Desktop/Embedded_Lab/Lab_0/workspace/Pratyush/export/Pratyush/hw/bd_wrapper.xsa'.
17:40:19 INFO  : 'configparams mdm-detect-bscan-mask 2' command is executed.
17:40:19 INFO  : Context for processor 'microblaze_0' is selected.
17:40:19 INFO  : System reset is completed.
17:40:22 INFO  : 'after 3000' command is executed.
17:40:22 INFO  : Context for processor 'microblaze_0' is selected.
17:40:22 INFO  : The application '/home/jashshah/Desktop/Embedded_Lab/Lab_0/workspace/Lab0/Debug/Lab0.elf' is downloaded to processor 'microblaze_0'.
17:40:22 INFO  : ----------------XSDB Script----------------
connect -url tcp:127.0.0.1:3121
targets -set -filter {jtag_cable_name =~ "RealDigital Boo 8874042404B4A" && level==0 && jtag_device_ctx=="jsn1-0362f093-0"}
fpga -file /home/jashshah/Desktop/Embedded_Lab/Lab_0/workspace/Lab0/_ide/bitstream/bd_wrapper.bit
targets -set -nocase -filter {name =~ "*microblaze*#0" && bscan=="USER2" }
loadhw -hw /home/jashshah/Desktop/Embedded_Lab/Lab_0/workspace/Pratyush/export/Pratyush/hw/bd_wrapper.xsa -regs
configparams mdm-detect-bscan-mask 2
targets -set -nocase -filter {name =~ "*microblaze*#0" && bscan=="USER2" }
rst -system
after 3000
targets -set -nocase -filter {name =~ "*microblaze*#0" && bscan=="USER2" }
dow /home/jashshah/Desktop/Embedded_Lab/Lab_0/workspace/Lab0/Debug/Lab0.elf
----------------End of Script----------------

17:40:23 INFO  : Context for processor 'microblaze_0' is selected.
17:40:23 INFO  : 'con' command is executed.
17:40:23 INFO  : ----------------XSDB Script (After Launch)----------------
targets -set -nocase -filter {name =~ "*microblaze*#0" && bscan=="USER2" }
con
----------------End of Script----------------

17:40:23 INFO  : Launch script is exported to file '/home/jashshah/Desktop/Embedded_Lab/Lab_0/workspace/Lab0_system/_ide/scripts/systemdebugger_lab0_system_2_standalone.tcl'
17:43:48 INFO  : Disconnected from the channel tcfchan#1.
17:43:49 INFO  : Connected to target on host '127.0.0.1' and port '3121'.
17:43:59 INFO  : ----------------XSDB Script----------------
connect -url tcp:127.0.0.1:3121
----------------End of Script----------------

17:43:59 ERROR : Could not find FPGA device on the board for connection 'Local'.


Troubleshooting hints:
1. Check whether board is connected to system properly.
2. In case of zynq board, check whether Digilent/Xilinx cable switch settings are correct.
3. If you are using Xilinx Platform Cable USB, ensure that status LED is green.
17:44:26 INFO  : Checking for BSP changes to sync application flags for project 'Lab0'...
17:44:34 INFO  : Connected to target on host '127.0.0.1' and port '3121'.
17:44:35 INFO  : Jtag cable 'RealDigital Boo 8874042404B4A' is selected.
17:44:35 INFO  : 'jtag frequency' command is executed.
17:44:35 INFO  : 'targets -set -filter {jtag_cable_name =~ "RealDigital Boo 8874042404B4A" && level==0 && jtag_device_ctx=="jsn1-0362f093-0"}' command is executed.
17:44:37 INFO  : Device configured successfully with "/home/jashshah/Desktop/Embedded_Lab/Lab_0/workspace/Lab0/_ide/bitstream/bd_wrapper.bit"
17:44:37 INFO  : Context for processor 'microblaze_0' is selected.
17:44:38 INFO  : Hardware design and registers information is loaded from '/home/jashshah/Desktop/Embedded_Lab/Lab_0/workspace/Pratyush/export/Pratyush/hw/bd_wrapper.xsa'.
17:44:38 INFO  : 'configparams mdm-detect-bscan-mask 2' command is executed.
17:44:38 INFO  : Context for processor 'microblaze_0' is selected.
17:44:38 INFO  : System reset is completed.
17:44:41 INFO  : 'after 3000' command is executed.
17:44:41 INFO  : Context for processor 'microblaze_0' is selected.
17:44:41 INFO  : The application '/home/jashshah/Desktop/Embedded_Lab/Lab_0/workspace/Lab0/Debug/Lab0.elf' is downloaded to processor 'microblaze_0'.
17:44:41 INFO  : ----------------XSDB Script----------------
connect -url tcp:127.0.0.1:3121
targets -set -filter {jtag_cable_name =~ "RealDigital Boo 8874042404B4A" && level==0 && jtag_device_ctx=="jsn1-0362f093-0"}
fpga -file /home/jashshah/Desktop/Embedded_Lab/Lab_0/workspace/Lab0/_ide/bitstream/bd_wrapper.bit
targets -set -nocase -filter {name =~ "*microblaze*#0" && bscan=="USER2" }
loadhw -hw /home/jashshah/Desktop/Embedded_Lab/Lab_0/workspace/Pratyush/export/Pratyush/hw/bd_wrapper.xsa -regs
configparams mdm-detect-bscan-mask 2
targets -set -nocase -filter {name =~ "*microblaze*#0" && bscan=="USER2" }
rst -system
after 3000
targets -set -nocase -filter {name =~ "*microblaze*#0" && bscan=="USER2" }
dow /home/jashshah/Desktop/Embedded_Lab/Lab_0/workspace/Lab0/Debug/Lab0.elf
----------------End of Script----------------

17:44:41 INFO  : Context for processor 'microblaze_0' is selected.
17:44:41 INFO  : 'con' command is executed.
17:44:41 INFO  : ----------------XSDB Script (After Launch)----------------
targets -set -nocase -filter {name =~ "*microblaze*#0" && bscan=="USER2" }
con
----------------End of Script----------------

17:44:42 INFO  : Launch script is exported to file '/home/jashshah/Desktop/Embedded_Lab/Lab_0/workspace/Lab0_system/_ide/scripts/systemdebugger_lab0_system_3_standalone.tcl'
17:47:03 INFO  : Connected to target on host '127.0.0.1' and port '3121'.
17:47:03 INFO  : Jtag cable 'RealDigital Boo 8874042404B4A' is selected.
17:47:03 INFO  : 'jtag frequency' command is executed.
17:47:03 INFO  : 'targets -set -filter {jtag_cable_name =~ "RealDigital Boo 8874042404B4A" && level==0 && jtag_device_ctx=="jsn1-0362f093-0"}' command is executed.
17:47:06 INFO  : Device configured successfully with "/home/jashshah/Desktop/Embedded_Lab/Lab_0/workspace/Lab0/_ide/bitstream/bd_wrapper.bit"
17:47:06 INFO  : Context for processor 'microblaze_0' is selected.
17:47:06 INFO  : Hardware design and registers information is loaded from '/home/jashshah/Desktop/Embedded_Lab/Lab_0/workspace/Pratyush/export/Pratyush/hw/bd_wrapper.xsa'.
17:47:06 INFO  : 'configparams mdm-detect-bscan-mask 2' command is executed.
17:47:06 INFO  : Context for processor 'microblaze_0' is selected.
17:47:06 INFO  : System reset is completed.
17:47:09 INFO  : 'after 3000' command is executed.
17:47:09 INFO  : Context for processor 'microblaze_0' is selected.
17:47:09 INFO  : The application '/home/jashshah/Desktop/Embedded_Lab/Lab_0/workspace/Lab0/Debug/Lab0.elf' is downloaded to processor 'microblaze_0'.
17:47:09 INFO  : ----------------XSDB Script----------------
connect -url tcp:127.0.0.1:3121
targets -set -filter {jtag_cable_name =~ "RealDigital Boo 8874042404B4A" && level==0 && jtag_device_ctx=="jsn1-0362f093-0"}
fpga -file /home/jashshah/Desktop/Embedded_Lab/Lab_0/workspace/Lab0/_ide/bitstream/bd_wrapper.bit
targets -set -nocase -filter {name =~ "*microblaze*#0" && bscan=="USER2" }
loadhw -hw /home/jashshah/Desktop/Embedded_Lab/Lab_0/workspace/Pratyush/export/Pratyush/hw/bd_wrapper.xsa -regs
configparams mdm-detect-bscan-mask 2
targets -set -nocase -filter {name =~ "*microblaze*#0" && bscan=="USER2" }
rst -system
after 3000
targets -set -nocase -filter {name =~ "*microblaze*#0" && bscan=="USER2" }
dow /home/jashshah/Desktop/Embedded_Lab/Lab_0/workspace/Lab0/Debug/Lab0.elf
----------------End of Script----------------

17:47:09 INFO  : Context for processor 'microblaze_0' is selected.
17:47:09 INFO  : 'con' command is executed.
17:47:09 INFO  : ----------------XSDB Script (After Launch)----------------
targets -set -nocase -filter {name =~ "*microblaze*#0" && bscan=="USER2" }
con
----------------End of Script----------------

17:47:09 INFO  : Launch script is exported to file '/home/jashshah/Desktop/Embedded_Lab/Lab_0/workspace/Lab0_system/_ide/scripts/debugger_lab0-default_1.tcl'
17:52:04 ERROR : Error while launch xterm: {}
java.io.IOException: Cannot run program "xterm" (in directory "/home/jashshah/Desktop/Embedded_Lab/Lab_0/workspace"): error=2, No such file or directory
	at java.lang.ProcessBuilder.start(ProcessBuilder.java:1128) ~[?:?]
	at java.lang.ProcessBuilder.start(ProcessBuilder.java:1071) ~[?:?]
	at com.xilinx.ide.tools.console.OpenXBashHandler$1.run(OpenXBashHandler.java:99) ~[?:?]
	at org.eclipse.swt.widgets.RunnableLock.run(RunnableLock.java:40) ~[org.eclipse.swt.gtk.linux.x86_64_3.114.0.v20200304-0601.jar:?]
	at org.eclipse.swt.widgets.Synchronizer.runAsyncMessages(Synchronizer.java:185) ~[org.eclipse.swt.gtk.linux.x86_64_3.114.0.v20200304-0601.jar:?]
	at org.eclipse.swt.widgets.Display.runAsyncMessages(Display.java:4930) ~[org.eclipse.swt.gtk.linux.x86_64_3.114.0.v20200304-0601.jar:?]
	at org.eclipse.swt.widgets.Display.readAndDispatch(Display.java:4451) ~[org.eclipse.swt.gtk.linux.x86_64_3.114.0.v20200304-0601.jar:?]
	at org.eclipse.e4.ui.internal.workbench.swt.PartRenderingEngine$5.run(PartRenderingEngine.java:1160) ~[?:?]
	at org.eclipse.core.databinding.observable.Realm.runWithDefault(Realm.java:338) ~[?:?]
	at org.eclipse.e4.ui.internal.workbench.swt.PartRenderingEngine.run(PartRenderingEngine.java:1049) ~[?:?]
	at org.eclipse.e4.ui.internal.workbench.E4Workbench.createAndRunUI(E4Workbench.java:155) ~[org.eclipse.e4.ui.workbench_1.11.200.v20200205-1503.jar:?]
	at org.eclipse.ui.internal.Workbench.lambda$3(Workbench.java:658) ~[org.eclipse.ui.workbench_3.118.0.v20200222-0719.jar:?]
	at org.eclipse.core.databinding.observable.Realm.runWithDefault(Realm.java:338) [org.eclipse.core.databinding.observable_1.9.0.v20200205-2119.jar:?]
	at org.eclipse.ui.internal.Workbench.createAndRunWorkbench(Workbench.java:557) [org.eclipse.ui.workbench_3.118.0.v20200222-0719.jar:?]
	at org.eclipse.ui.PlatformUI.createAndRunWorkbench(PlatformUI.java:154) [org.eclipse.ui.workbench_3.118.0.v20200222-0719.jar:?]
	at com.xilinx.ide.application.ui.Application.start(Application.java:80) [com.xilinx.ide.application.ui_1.0.0.202204140305.jar:?]
	at org.eclipse.equinox.internal.app.EclipseAppHandle.run(EclipseAppHandle.java:203) [org.eclipse.equinox.app_1.4.400.v20191212-0743.jar:?]
	at org.eclipse.core.runtime.internal.adaptor.EclipseAppLauncher.runApplication(EclipseAppLauncher.java:137) [org.eclipse.osgi_3.15.200.v20200214-1600.jar:?]
	at org.eclipse.core.runtime.internal.adaptor.EclipseAppLauncher.start(EclipseAppLauncher.java:107) [org.eclipse.osgi_3.15.200.v20200214-1600.jar:?]
	at org.eclipse.core.runtime.adaptor.EclipseStarter.run(EclipseStarter.java:401) [org.eclipse.osgi_3.15.200.v20200214-1600.jar:?]
	at org.eclipse.core.runtime.adaptor.EclipseStarter.run(EclipseStarter.java:255) [org.eclipse.osgi_3.15.200.v20200214-1600.jar:?]
	at jdk.internal.reflect.NativeMethodAccessorImpl.invoke0(Native Method) ~[?:?]
	at jdk.internal.reflect.NativeMethodAccessorImpl.invoke(NativeMethodAccessorImpl.java:62) ~[?:?]
	at jdk.internal.reflect.DelegatingMethodAccessorImpl.invoke(DelegatingMethodAccessorImpl.java:43) ~[?:?]
	at java.lang.reflect.Method.invoke(Method.java:566) ~[?:?]
	at org.eclipse.equinox.launcher.Main.invokeFramework(Main.java:657) [org.eclipse.equinox.launcher_1.5.700.v20200207-2156.jar:?]
	at org.eclipse.equinox.launcher.Main.basicRun(Main.java:594) [org.eclipse.equinox.launcher_1.5.700.v20200207-2156.jar:?]
	at org.eclipse.equinox.launcher.Main.run(Main.java:1447) [org.eclipse.equinox.launcher_1.5.700.v20200207-2156.jar:?]
	at org.eclipse.equinox.launcher.Main.main(Main.java:1420) [org.eclipse.equinox.launcher_1.5.700.v20200207-2156.jar:?]
Caused by: java.io.IOException: error=2, No such file or directory
	at java.lang.ProcessImpl.forkAndExec(Native Method) ~[?:?]
	at java.lang.ProcessImpl.<init>(ProcessImpl.java:340) ~[?:?]
	at java.lang.ProcessImpl.start(ProcessImpl.java:271) ~[?:?]
	at java.lang.ProcessBuilder.start(ProcessBuilder.java:1107) ~[?:?]
	... 28 more
17:52:04 ERROR : Error while launch konsole: {}
java.io.IOException: Cannot run program "konsole" (in directory "/home/jashshah/Desktop/Embedded_Lab/Lab_0/workspace"): error=2, No such file or directory
	at java.lang.ProcessBuilder.start(ProcessBuilder.java:1128) ~[?:?]
	at java.lang.ProcessBuilder.start(ProcessBuilder.java:1071) ~[?:?]
	at com.xilinx.ide.tools.console.OpenXBashHandler$1.run(OpenXBashHandler.java:109) ~[?:?]
	at org.eclipse.swt.widgets.RunnableLock.run(RunnableLock.java:40) ~[org.eclipse.swt.gtk.linux.x86_64_3.114.0.v20200304-0601.jar:?]
	at org.eclipse.swt.widgets.Synchronizer.runAsyncMessages(Synchronizer.java:185) ~[org.eclipse.swt.gtk.linux.x86_64_3.114.0.v20200304-0601.jar:?]
	at org.eclipse.swt.widgets.Display.runAsyncMessages(Display.java:4930) ~[org.eclipse.swt.gtk.linux.x86_64_3.114.0.v20200304-0601.jar:?]
	at org.eclipse.swt.widgets.Display.readAndDispatch(Display.java:4451) ~[org.eclipse.swt.gtk.linux.x86_64_3.114.0.v20200304-0601.jar:?]
	at org.eclipse.e4.ui.internal.workbench.swt.PartRenderingEngine$5.run(PartRenderingEngine.java:1160) ~[?:?]
	at org.eclipse.core.databinding.observable.Realm.runWithDefault(Realm.java:338) ~[?:?]
	at org.eclipse.e4.ui.internal.workbench.swt.PartRenderingEngine.run(PartRenderingEngine.java:1049) ~[?:?]
	at org.eclipse.e4.ui.internal.workbench.E4Workbench.createAndRunUI(E4Workbench.java:155) ~[org.eclipse.e4.ui.workbench_1.11.200.v20200205-1503.jar:?]
	at org.eclipse.ui.internal.Workbench.lambda$3(Workbench.java:658) ~[org.eclipse.ui.workbench_3.118.0.v20200222-0719.jar:?]
	at org.eclipse.core.databinding.observable.Realm.runWithDefault(Realm.java:338) [org.eclipse.core.databinding.observable_1.9.0.v20200205-2119.jar:?]
	at org.eclipse.ui.internal.Workbench.createAndRunWorkbench(Workbench.java:557) [org.eclipse.ui.workbench_3.118.0.v20200222-0719.jar:?]
	at org.eclipse.ui.PlatformUI.createAndRunWorkbench(PlatformUI.java:154) [org.eclipse.ui.workbench_3.118.0.v20200222-0719.jar:?]
	at com.xilinx.ide.application.ui.Application.start(Application.java:80) [com.xilinx.ide.application.ui_1.0.0.202204140305.jar:?]
	at org.eclipse.equinox.internal.app.EclipseAppHandle.run(EclipseAppHandle.java:203) [org.eclipse.equinox.app_1.4.400.v20191212-0743.jar:?]
	at org.eclipse.core.runtime.internal.adaptor.EclipseAppLauncher.runApplication(EclipseAppLauncher.java:137) [org.eclipse.osgi_3.15.200.v20200214-1600.jar:?]
	at org.eclipse.core.runtime.internal.adaptor.EclipseAppLauncher.start(EclipseAppLauncher.java:107) [org.eclipse.osgi_3.15.200.v20200214-1600.jar:?]
	at org.eclipse.core.runtime.adaptor.EclipseStarter.run(EclipseStarter.java:401) [org.eclipse.osgi_3.15.200.v20200214-1600.jar:?]
	at org.eclipse.core.runtime.adaptor.EclipseStarter.run(EclipseStarter.java:255) [org.eclipse.osgi_3.15.200.v20200214-1600.jar:?]
	at jdk.internal.reflect.NativeMethodAccessorImpl.invoke0(Native Method) ~[?:?]
	at jdk.internal.reflect.NativeMethodAccessorImpl.invoke(NativeMethodAccessorImpl.java:62) ~[?:?]
	at jdk.internal.reflect.DelegatingMethodAccessorImpl.invoke(DelegatingMethodAccessorImpl.java:43) ~[?:?]
	at java.lang.reflect.Method.invoke(Method.java:566) ~[?:?]
	at org.eclipse.equinox.launcher.Main.invokeFramework(Main.java:657) [org.eclipse.equinox.launcher_1.5.700.v20200207-2156.jar:?]
	at org.eclipse.equinox.launcher.Main.basicRun(Main.java:594) [org.eclipse.equinox.launcher_1.5.700.v20200207-2156.jar:?]
	at org.eclipse.equinox.launcher.Main.run(Main.java:1447) [org.eclipse.equinox.launcher_1.5.700.v20200207-2156.jar:?]
	at org.eclipse.equinox.launcher.Main.main(Main.java:1420) [org.eclipse.equinox.launcher_1.5.700.v20200207-2156.jar:?]
Caused by: java.io.IOException: error=2, No such file or directory
	at java.lang.ProcessImpl.forkAndExec(Native Method) ~[?:?]
	at java.lang.ProcessImpl.<init>(ProcessImpl.java:340) ~[?:?]
	at java.lang.ProcessImpl.start(ProcessImpl.java:271) ~[?:?]
	at java.lang.ProcessBuilder.start(ProcessBuilder.java:1107) ~[?:?]
	... 28 more
17:52:16 INFO  : Checking for BSP changes to sync application flags for project 'Lab0'...
17:52:43 INFO  : Checking for BSP changes to sync application flags for project 'Lab0'...
17:53:05 INFO  : Disconnected from the channel tcfchan#2.
17:53:07 INFO  : Connected to target on host '127.0.0.1' and port '3121'.
17:53:07 INFO  : Jtag cable 'RealDigital Boo 8874042404B4A' is selected.
17:53:07 INFO  : 'jtag frequency' command is executed.
17:53:07 INFO  : 'targets -set -filter {jtag_cable_name =~ "RealDigital Boo 8874042404B4A" && level==0 && jtag_device_ctx=="jsn1-0362f093-0"}' command is executed.
17:53:09 INFO  : Device configured successfully with "/home/jashshah/Desktop/Embedded_Lab/Lab_0/workspace/Lab0/_ide/bitstream/bd_wrapper.bit"
17:53:09 INFO  : Context for processor 'microblaze_0' is selected.
17:53:10 INFO  : Hardware design and registers information is loaded from '/home/jashshah/Desktop/Embedded_Lab/Lab_0/workspace/Pratyush/export/Pratyush/hw/bd_wrapper.xsa'.
17:53:10 INFO  : 'configparams mdm-detect-bscan-mask 2' command is executed.
17:53:10 INFO  : Context for processor 'microblaze_0' is selected.
17:53:10 INFO  : System reset is completed.
17:53:13 INFO  : 'after 3000' command is executed.
17:53:13 INFO  : Context for processor 'microblaze_0' is selected.
17:53:13 INFO  : The application '/home/jashshah/Desktop/Embedded_Lab/Lab_0/workspace/Lab0/Debug/Lab0.elf' is downloaded to processor 'microblaze_0'.
17:53:13 INFO  : ----------------XSDB Script----------------
connect -url tcp:127.0.0.1:3121
targets -set -filter {jtag_cable_name =~ "RealDigital Boo 8874042404B4A" && level==0 && jtag_device_ctx=="jsn1-0362f093-0"}
fpga -file /home/jashshah/Desktop/Embedded_Lab/Lab_0/workspace/Lab0/_ide/bitstream/bd_wrapper.bit
targets -set -nocase -filter {name =~ "*microblaze*#0" && bscan=="USER2" }
loadhw -hw /home/jashshah/Desktop/Embedded_Lab/Lab_0/workspace/Pratyush/export/Pratyush/hw/bd_wrapper.xsa -regs
configparams mdm-detect-bscan-mask 2
targets -set -nocase -filter {name =~ "*microblaze*#0" && bscan=="USER2" }
rst -system
after 3000
targets -set -nocase -filter {name =~ "*microblaze*#0" && bscan=="USER2" }
dow /home/jashshah/Desktop/Embedded_Lab/Lab_0/workspace/Lab0/Debug/Lab0.elf
----------------End of Script----------------

17:53:14 INFO  : Context for processor 'microblaze_0' is selected.
17:53:14 INFO  : 'con' command is executed.
17:53:14 INFO  : ----------------XSDB Script (After Launch)----------------
targets -set -nocase -filter {name =~ "*microblaze*#0" && bscan=="USER2" }
con
----------------End of Script----------------

17:53:14 INFO  : Launch script is exported to file '/home/jashshah/Desktop/Embedded_Lab/Lab_0/workspace/Lab0_system/_ide/scripts/debugger_lab0-default.tcl'
17:53:43 INFO  : Disconnected from the channel tcfchan#3.
17:53:44 INFO  : Connected to target on host '127.0.0.1' and port '3121'.
17:53:44 INFO  : Jtag cable 'RealDigital Boo 8874042404B4A' is selected.
17:53:44 INFO  : 'jtag frequency' command is executed.
17:53:45 INFO  : 'targets -set -filter {jtag_cable_name =~ "RealDigital Boo 8874042404B4A" && level==0 && jtag_device_ctx=="jsn1-0362f093-0"}' command is executed.
17:53:47 INFO  : Device configured successfully with "/home/jashshah/Desktop/Embedded_Lab/Lab_0/workspace/Lab0/_ide/bitstream/bd_wrapper.bit"
17:53:47 INFO  : Context for processor 'microblaze_0' is selected.
17:53:48 INFO  : Hardware design and registers information is loaded from '/home/jashshah/Desktop/Embedded_Lab/Lab_0/workspace/Pratyush/export/Pratyush/hw/bd_wrapper.xsa'.
17:53:48 INFO  : 'configparams mdm-detect-bscan-mask 2' command is executed.
17:53:48 INFO  : Context for processor 'microblaze_0' is selected.
17:53:48 INFO  : System reset is completed.
17:53:51 INFO  : 'after 3000' command is executed.
17:53:51 INFO  : Context for processor 'microblaze_0' is selected.
17:53:52 INFO  : The application '/home/jashshah/Desktop/Embedded_Lab/Lab_0/workspace/Lab0/Debug/Lab0.elf' is downloaded to processor 'microblaze_0'.
17:53:52 INFO  : ----------------XSDB Script----------------
connect -url tcp:127.0.0.1:3121
targets -set -filter {jtag_cable_name =~ "RealDigital Boo 8874042404B4A" && level==0 && jtag_device_ctx=="jsn1-0362f093-0"}
fpga -file /home/jashshah/Desktop/Embedded_Lab/Lab_0/workspace/Lab0/_ide/bitstream/bd_wrapper.bit
targets -set -nocase -filter {name =~ "*microblaze*#0" && bscan=="USER2" }
loadhw -hw /home/jashshah/Desktop/Embedded_Lab/Lab_0/workspace/Pratyush/export/Pratyush/hw/bd_wrapper.xsa -regs
configparams mdm-detect-bscan-mask 2
targets -set -nocase -filter {name =~ "*microblaze*#0" && bscan=="USER2" }
rst -system
after 3000
targets -set -nocase -filter {name =~ "*microblaze*#0" && bscan=="USER2" }
dow /home/jashshah/Desktop/Embedded_Lab/Lab_0/workspace/Lab0/Debug/Lab0.elf
----------------End of Script----------------

17:53:52 INFO  : Context for processor 'microblaze_0' is selected.
17:53:52 INFO  : 'con' command is executed.
17:53:52 INFO  : ----------------XSDB Script (After Launch)----------------
targets -set -nocase -filter {name =~ "*microblaze*#0" && bscan=="USER2" }
con
----------------End of Script----------------

17:53:52 INFO  : Launch script is exported to file '/home/jashshah/Desktop/Embedded_Lab/Lab_0/workspace/Lab0_system/_ide/scripts/systemdebugger_lab0_system_standalone.tcl'
17:54:07 INFO  : Checking for BSP changes to sync application flags for project 'Lab0'...
17:54:32 INFO  : Disconnected from the channel tcfchan#4.
17:54:33 INFO  : Connected to target on host '127.0.0.1' and port '3121'.
17:54:33 INFO  : Jtag cable 'RealDigital Boo 8874042404B4A' is selected.
17:54:33 INFO  : 'jtag frequency' command is executed.
17:54:33 INFO  : 'targets -set -filter {jtag_cable_name =~ "RealDigital Boo 8874042404B4A" && level==0 && jtag_device_ctx=="jsn1-0362f093-0"}' command is executed.
17:54:35 INFO  : Device configured successfully with "/home/jashshah/Desktop/Embedded_Lab/Lab_0/workspace/Lab0/_ide/bitstream/bd_wrapper.bit"
17:54:35 INFO  : Context for processor 'microblaze_0' is selected.
17:54:36 INFO  : Hardware design and registers information is loaded from '/home/jashshah/Desktop/Embedded_Lab/Lab_0/workspace/Pratyush/export/Pratyush/hw/bd_wrapper.xsa'.
17:54:36 INFO  : 'configparams mdm-detect-bscan-mask 2' command is executed.
17:54:36 INFO  : Context for processor 'microblaze_0' is selected.
17:54:36 INFO  : System reset is completed.
17:54:39 INFO  : 'after 3000' command is executed.
17:54:39 INFO  : Context for processor 'microblaze_0' is selected.
17:54:40 INFO  : The application '/home/jashshah/Desktop/Embedded_Lab/Lab_0/workspace/Lab0/Debug/Lab0.elf' is downloaded to processor 'microblaze_0'.
17:54:40 INFO  : ----------------XSDB Script----------------
connect -url tcp:127.0.0.1:3121
targets -set -filter {jtag_cable_name =~ "RealDigital Boo 8874042404B4A" && level==0 && jtag_device_ctx=="jsn1-0362f093-0"}
fpga -file /home/jashshah/Desktop/Embedded_Lab/Lab_0/workspace/Lab0/_ide/bitstream/bd_wrapper.bit
targets -set -nocase -filter {name =~ "*microblaze*#0" && bscan=="USER2" }
loadhw -hw /home/jashshah/Desktop/Embedded_Lab/Lab_0/workspace/Pratyush/export/Pratyush/hw/bd_wrapper.xsa -regs
configparams mdm-detect-bscan-mask 2
targets -set -nocase -filter {name =~ "*microblaze*#0" && bscan=="USER2" }
rst -system
after 3000
targets -set -nocase -filter {name =~ "*microblaze*#0" && bscan=="USER2" }
dow /home/jashshah/Desktop/Embedded_Lab/Lab_0/workspace/Lab0/Debug/Lab0.elf
----------------End of Script----------------

17:54:40 INFO  : Context for processor 'microblaze_0' is selected.
17:54:40 INFO  : 'con' command is executed.
17:54:40 INFO  : ----------------XSDB Script (After Launch)----------------
targets -set -nocase -filter {name =~ "*microblaze*#0" && bscan=="USER2" }
con
----------------End of Script----------------

17:54:40 INFO  : Launch script is exported to file '/home/jashshah/Desktop/Embedded_Lab/Lab_0/workspace/Lab0_system/_ide/scripts/systemdebugger_lab0_system_1_standalone.tcl'
17:54:50 INFO  : Checking for BSP changes to sync application flags for project 'Lab0'...
17:54:59 INFO  : Connected to target on host '127.0.0.1' and port '3121'.
17:54:59 INFO  : Jtag cable 'RealDigital Boo 8874042404B4A' is selected.
17:54:59 INFO  : 'jtag frequency' command is executed.
17:54:59 INFO  : 'targets -set -filter {jtag_cable_name =~ "RealDigital Boo 8874042404B4A" && level==0 && jtag_device_ctx=="jsn1-0362f093-0"}' command is executed.
17:55:01 INFO  : Device configured successfully with "/home/jashshah/Desktop/Embedded_Lab/Lab_0/workspace/Lab0/_ide/bitstream/bd_wrapper.bit"
17:55:01 INFO  : Context for processor 'microblaze_0' is selected.
17:55:01 INFO  : Hardware design and registers information is loaded from '/home/jashshah/Desktop/Embedded_Lab/Lab_0/workspace/Pratyush/export/Pratyush/hw/bd_wrapper.xsa'.
17:55:01 INFO  : 'configparams mdm-detect-bscan-mask 2' command is executed.
17:55:01 INFO  : Context for processor 'microblaze_0' is selected.
17:55:01 INFO  : System reset is completed.
17:55:04 INFO  : 'after 3000' command is executed.
17:55:05 INFO  : Context for processor 'microblaze_0' is selected.
17:55:05 INFO  : The application '/home/jashshah/Desktop/Embedded_Lab/Lab_0/workspace/Lab0/Debug/Lab0.elf' is downloaded to processor 'microblaze_0'.
17:55:05 INFO  : ----------------XSDB Script----------------
connect -url tcp:127.0.0.1:3121
targets -set -filter {jtag_cable_name =~ "RealDigital Boo 8874042404B4A" && level==0 && jtag_device_ctx=="jsn1-0362f093-0"}
fpga -file /home/jashshah/Desktop/Embedded_Lab/Lab_0/workspace/Lab0/_ide/bitstream/bd_wrapper.bit
targets -set -nocase -filter {name =~ "*microblaze*#0" && bscan=="USER2" }
loadhw -hw /home/jashshah/Desktop/Embedded_Lab/Lab_0/workspace/Pratyush/export/Pratyush/hw/bd_wrapper.xsa -regs
configparams mdm-detect-bscan-mask 2
targets -set -nocase -filter {name =~ "*microblaze*#0" && bscan=="USER2" }
rst -system
after 3000
targets -set -nocase -filter {name =~ "*microblaze*#0" && bscan=="USER2" }
dow /home/jashshah/Desktop/Embedded_Lab/Lab_0/workspace/Lab0/Debug/Lab0.elf
----------------End of Script----------------

17:55:05 INFO  : Context for processor 'microblaze_0' is selected.
17:55:05 INFO  : 'con' command is executed.
17:55:05 INFO  : ----------------XSDB Script (After Launch)----------------
targets -set -nocase -filter {name =~ "*microblaze*#0" && bscan=="USER2" }
con
----------------End of Script----------------

17:55:05 INFO  : Launch script is exported to file '/home/jashshah/Desktop/Embedded_Lab/Lab_0/workspace/Lab0_system/_ide/scripts/systemdebugger_lab0_system_2_standalone.tcl'
17:55:20 INFO  : Checking for BSP changes to sync application flags for project 'Lab0'...
17:55:45 INFO  : Disconnected from the channel tcfchan#5.
17:55:46 INFO  : Connected to target on host '127.0.0.1' and port '3121'.
17:55:46 INFO  : Jtag cable 'RealDigital Boo 8874042404B4A' is selected.
17:55:46 INFO  : 'jtag frequency' command is executed.
17:55:46 INFO  : 'targets -set -filter {jtag_cable_name =~ "RealDigital Boo 8874042404B4A" && level==0 && jtag_device_ctx=="jsn1-0362f093-0"}' command is executed.
17:55:48 INFO  : Device configured successfully with "/home/jashshah/Desktop/Embedded_Lab/Lab_0/workspace/Lab0/_ide/bitstream/bd_wrapper.bit"
17:55:48 INFO  : Context for processor 'microblaze_0' is selected.
17:55:49 INFO  : Hardware design and registers information is loaded from '/home/jashshah/Desktop/Embedded_Lab/Lab_0/workspace/Pratyush/export/Pratyush/hw/bd_wrapper.xsa'.
17:55:49 INFO  : 'configparams mdm-detect-bscan-mask 2' command is executed.
17:55:49 INFO  : Context for processor 'microblaze_0' is selected.
17:55:49 INFO  : System reset is completed.
17:55:52 INFO  : 'after 3000' command is executed.
17:55:52 INFO  : Context for processor 'microblaze_0' is selected.
17:55:53 INFO  : The application '/home/jashshah/Desktop/Embedded_Lab/Lab_0/workspace/Lab0/Debug/Lab0.elf' is downloaded to processor 'microblaze_0'.
17:55:53 INFO  : ----------------XSDB Script----------------
connect -url tcp:127.0.0.1:3121
targets -set -filter {jtag_cable_name =~ "RealDigital Boo 8874042404B4A" && level==0 && jtag_device_ctx=="jsn1-0362f093-0"}
fpga -file /home/jashshah/Desktop/Embedded_Lab/Lab_0/workspace/Lab0/_ide/bitstream/bd_wrapper.bit
targets -set -nocase -filter {name =~ "*microblaze*#0" && bscan=="USER2" }
loadhw -hw /home/jashshah/Desktop/Embedded_Lab/Lab_0/workspace/Pratyush/export/Pratyush/hw/bd_wrapper.xsa -regs
configparams mdm-detect-bscan-mask 2
targets -set -nocase -filter {name =~ "*microblaze*#0" && bscan=="USER2" }
rst -system
after 3000
targets -set -nocase -filter {name =~ "*microblaze*#0" && bscan=="USER2" }
dow /home/jashshah/Desktop/Embedded_Lab/Lab_0/workspace/Lab0/Debug/Lab0.elf
----------------End of Script----------------

17:55:53 INFO  : Context for processor 'microblaze_0' is selected.
17:55:53 INFO  : 'con' command is executed.
17:55:53 INFO  : ----------------XSDB Script (After Launch)----------------
targets -set -nocase -filter {name =~ "*microblaze*#0" && bscan=="USER2" }
con
----------------End of Script----------------

17:55:53 INFO  : Launch script is exported to file '/home/jashshah/Desktop/Embedded_Lab/Lab_0/workspace/Lab0_system/_ide/scripts/systemdebugger_lab0_system_3_standalone.tcl'
17:56:53 WARN  : channel "tcfchan#5" closed
17:56:54 INFO  : Connected to target on host '127.0.0.1' and port '3121'.
17:56:54 INFO  : Jtag cable 'RealDigital Boo 8874042404B4A' is selected.
17:56:54 INFO  : 'jtag frequency' command is executed.
17:56:54 INFO  : 'targets -set -filter {jtag_cable_name =~ "RealDigital Boo 8874042404B4A" && level==0 && jtag_device_ctx=="jsn1-0362f093-0"}' command is executed.
17:56:56 INFO  : Device configured successfully with "/home/jashshah/Desktop/Embedded_Lab/Lab_0/workspace/Lab0/_ide/bitstream/bd_wrapper.bit"
17:56:56 INFO  : Context for processor 'microblaze_0' is selected.
17:56:56 INFO  : Hardware design and registers information is loaded from '/home/jashshah/Desktop/Embedded_Lab/Lab_0/workspace/Pratyush/export/Pratyush/hw/bd_wrapper.xsa'.
17:56:56 INFO  : 'configparams mdm-detect-bscan-mask 2' command is executed.
17:56:56 INFO  : Context for processor 'microblaze_0' is selected.
17:56:56 INFO  : System reset is completed.
17:56:59 INFO  : 'after 3000' command is executed.
17:56:59 INFO  : Context for processor 'microblaze_0' is selected.
17:57:00 INFO  : The application '/home/jashshah/Desktop/Embedded_Lab/Lab_0/workspace/Lab0/Debug/Lab0.elf' is downloaded to processor 'microblaze_0'.
17:57:00 INFO  : ----------------XSDB Script----------------
connect -url tcp:127.0.0.1:3121
targets -set -filter {jtag_cable_name =~ "RealDigital Boo 8874042404B4A" && level==0 && jtag_device_ctx=="jsn1-0362f093-0"}
fpga -file /home/jashshah/Desktop/Embedded_Lab/Lab_0/workspace/Lab0/_ide/bitstream/bd_wrapper.bit
targets -set -nocase -filter {name =~ "*microblaze*#0" && bscan=="USER2" }
loadhw -hw /home/jashshah/Desktop/Embedded_Lab/Lab_0/workspace/Pratyush/export/Pratyush/hw/bd_wrapper.xsa -regs
configparams mdm-detect-bscan-mask 2
targets -set -nocase -filter {name =~ "*microblaze*#0" && bscan=="USER2" }
rst -system
after 3000
targets -set -nocase -filter {name =~ "*microblaze*#0" && bscan=="USER2" }
dow /home/jashshah/Desktop/Embedded_Lab/Lab_0/workspace/Lab0/Debug/Lab0.elf
----------------End of Script----------------

17:57:00 INFO  : Context for processor 'microblaze_0' is selected.
17:57:00 INFO  : 'con' command is executed.
17:57:00 INFO  : ----------------XSDB Script (After Launch)----------------
targets -set -nocase -filter {name =~ "*microblaze*#0" && bscan=="USER2" }
con
----------------End of Script----------------

17:57:00 INFO  : Launch script is exported to file '/home/jashshah/Desktop/Embedded_Lab/Lab_0/workspace/Lab0_system/_ide/scripts/systemdebugger_lab0_system_1_standalone.tcl'
17:57:18 INFO  : Disconnected from the channel tcfchan#6.
17:57:20 INFO  : Connected to target on host '127.0.0.1' and port '3121'.
17:57:20 INFO  : Jtag cable 'RealDigital Boo 8874042404B4A' is selected.
17:57:20 INFO  : 'jtag frequency' command is executed.
17:57:20 INFO  : 'targets -set -filter {jtag_cable_name =~ "RealDigital Boo 8874042404B4A" && level==0 && jtag_device_ctx=="jsn1-0362f093-0"}' command is executed.
17:57:22 INFO  : Device configured successfully with "/home/jashshah/Desktop/Embedded_Lab/Lab_0/workspace/Lab0/_ide/bitstream/bd_wrapper.bit"
17:57:22 INFO  : Context for processor 'microblaze_0' is selected.
17:57:23 INFO  : Hardware design and registers information is loaded from '/home/jashshah/Desktop/Embedded_Lab/Lab_0/workspace/Pratyush/export/Pratyush/hw/bd_wrapper.xsa'.
17:57:23 INFO  : 'configparams mdm-detect-bscan-mask 2' command is executed.
17:57:23 INFO  : Context for processor 'microblaze_0' is selected.
17:57:23 INFO  : System reset is completed.
17:57:26 INFO  : 'after 3000' command is executed.
17:57:29 ERROR : no targets found with "name =~ "*microblaze*#0" && bscan=="USER2" ". available targets: none
17:57:29 INFO  : ----------------XSDB Script----------------
connect -url tcp:127.0.0.1:3121
targets -set -filter {jtag_cable_name =~ "RealDigital Boo 8874042404B4A" && level==0 && jtag_device_ctx=="jsn1-0362f093-0"}
fpga -file /home/jashshah/Desktop/Embedded_Lab/Lab_0/workspace/Lab0/_ide/bitstream/bd_wrapper.bit
targets -set -nocase -filter {name =~ "*microblaze*#0" && bscan=="USER2" }
loadhw -hw /home/jashshah/Desktop/Embedded_Lab/Lab_0/workspace/Pratyush/export/Pratyush/hw/bd_wrapper.xsa -regs
configparams mdm-detect-bscan-mask 2
targets -set -nocase -filter {name =~ "*microblaze*#0" && bscan=="USER2" }
rst -system
after 3000
targets -set -nocase -filter {name =~ "*microblaze*#0" && bscan=="USER2" }
----------------End of Script----------------

17:57:29 ERROR : no targets found with "name =~ "*microblaze*#0" && bscan=="USER2" ". available targets: none
17:57:34 INFO  : Checking for BSP changes to sync application flags for project 'Lab0'...
17:57:45 INFO  : Checking for BSP changes to sync application flags for project 'Lab0'...
17:58:02 WARN  : channel "tcfchan#6" closed
17:58:03 INFO  : Connected to target on host '127.0.0.1' and port '3121'.
17:58:21 INFO  : ----------------XSDB Script----------------
connect -url tcp:127.0.0.1:3121
----------------End of Script----------------

17:58:21 ERROR : Could not find FPGA device on the board for connection 'Local'.


Troubleshooting hints:
1. Check whether board is connected to system properly.
2. In case of zynq board, check whether Digilent/Xilinx cable switch settings are correct.
3. If you are using Xilinx Platform Cable USB, ensure that status LED is green.
17:59:24 INFO  : Connected to target on host '127.0.0.1' and port '3121'.
17:59:43 INFO  : ----------------XSDB Script----------------
connect -url tcp:127.0.0.1:3121
----------------End of Script----------------

17:59:43 ERROR : Could not find FPGA device on the board for connection 'Local'.


Troubleshooting hints:
1. Check whether board is connected to system properly.
2. In case of zynq board, check whether Digilent/Xilinx cable switch settings are correct.
3. If you are using Xilinx Platform Cable USB, ensure that status LED is green.
18:00:01 WARN  : channel "tcfchan#2" closed
18:05:25 DEBUG : Logs will be stored at '/home/jashshah/Desktop/Embedded_Lab/Lab_0/workspace/IDE.log'.
18:05:26 INFO  : Launching XSCT server: xsct -n  -interactive /home/jashshah/Desktop/Embedded_Lab/Lab_0/workspace/temp_xsdb_launch_script.tcl
18:05:27 INFO  : Registering command handlers for Vitis TCF services
18:05:27 INFO  : Platform repository initialization has completed.
18:05:28 INFO  : XSCT server has started successfully.
18:05:29 INFO  : Successfully done setting XSCT server connection channel  
18:05:29 INFO  : plnx-install-location is set to ''
18:05:29 INFO  : Successfully done query RDI_DATADIR 
18:05:29 INFO  : Successfully done setting workspace for the tool. 
18:05:35 INFO  : Checking for BSP changes to sync application flags for project 'Lab0'...
18:05:41 INFO  : Connected to target on host '127.0.0.1' and port '3121'.
18:05:53 INFO  : Jtag cable 'RealDigital Boo 8874042404B4A' is selected.
18:05:53 INFO  : 'jtag frequency' command is executed.
18:05:53 INFO  : 'targets -set -filter {jtag_cable_name =~ "RealDigital Boo 8874042404B4A" && level==0 && jtag_device_ctx=="jsn1-0362f093-0"}' command is executed.
18:05:55 INFO  : Device configured successfully with "/home/jashshah/Desktop/Embedded_Lab/Lab_0/workspace/Lab0/_ide/bitstream/bd_wrapper.bit"
18:05:55 INFO  : Context for processor 'microblaze_0' is selected.
18:05:55 INFO  : Hardware design and registers information is loaded from '/home/jashshah/Desktop/Embedded_Lab/Lab_0/workspace/Pratyush/export/Pratyush/hw/bd_wrapper.xsa'.
18:05:55 INFO  : 'configparams mdm-detect-bscan-mask 2' command is executed.
18:05:55 INFO  : Context for processor 'microblaze_0' is selected.
18:05:55 INFO  : System reset is completed.
18:05:58 INFO  : 'after 3000' command is executed.
18:06:09 ERROR : no targets found with "name =~ "*microblaze*#0" && bscan=="USER2" ". available targets:
  4  whole scan chain (ftdi_transfer_data_done failed: usb bulk read failed)
18:06:09 INFO  : ----------------XSDB Script----------------
connect -url tcp:127.0.0.1:3121
targets -set -filter {jtag_cable_name =~ "RealDigital Boo 8874042404B4A" && level==0 && jtag_device_ctx=="jsn1-0362f093-0"}
fpga -file /home/jashshah/Desktop/Embedded_Lab/Lab_0/workspace/Lab0/_ide/bitstream/bd_wrapper.bit
targets -set -nocase -filter {name =~ "*microblaze*#0" && bscan=="USER2" }
loadhw -hw /home/jashshah/Desktop/Embedded_Lab/Lab_0/workspace/Pratyush/export/Pratyush/hw/bd_wrapper.xsa -regs
configparams mdm-detect-bscan-mask 2
targets -set -nocase -filter {name =~ "*microblaze*#0" && bscan=="USER2" }
rst -system
after 3000
targets -set -nocase -filter {name =~ "*microblaze*#0" && bscan=="USER2" }
----------------End of Script----------------

18:06:09 ERROR : no targets found with "name =~ "*microblaze*#0" && bscan=="USER2" ". available targets:
  4  whole scan chain (ftdi_transfer_data_done failed: usb bulk read failed)
18:06:34 INFO  : Checking for BSP changes to sync application flags for project 'Lab0'...
18:06:41 INFO  : Connected to target on host '127.0.0.1' and port '3121'.
18:06:55 INFO  : ----------------XSDB Script----------------
connect -url tcp:127.0.0.1:3121
----------------End of Script----------------

18:06:55 ERROR : Could not find FPGA device on the board for connection 'Local'.


Troubleshooting hints:
1. Check whether board is connected to system properly.
2. In case of zynq board, check whether Digilent/Xilinx cable switch settings are correct.
3. If you are using Xilinx Platform Cable USB, ensure that status LED is green.
18:08:21 DEBUG : Logs will be stored at '/home/jashshah/Desktop/Embedded_Lab/Lab_0/workspace/IDE.log'.
18:08:21 INFO  : Launching XSCT server: xsct -n  -interactive /home/jashshah/Desktop/Embedded_Lab/Lab_0/workspace/temp_xsdb_launch_script.tcl
18:08:22 INFO  : Registering command handlers for Vitis TCF services
18:08:23 INFO  : Platform repository initialization has completed.
18:08:23 INFO  : XSCT server has started successfully.
18:08:23 INFO  : Successfully done setting XSCT server connection channel  
18:08:25 INFO  : plnx-install-location is set to ''
18:08:25 INFO  : Successfully done setting workspace for the tool. 
18:08:25 INFO  : Successfully done query RDI_DATADIR 
18:10:39 INFO  : Connected to target on host '127.0.0.1' and port '3121'.
18:11:01 INFO  : ----------------XSDB Script----------------
connect -url tcp:127.0.0.1:3121
----------------End of Script----------------

18:11:01 ERROR : Could not find FPGA device on the board for connection 'Local'.


Troubleshooting hints:
1. Check whether board is connected to system properly.
2. In case of zynq board, check whether Digilent/Xilinx cable switch settings are correct.
3. If you are using Xilinx Platform Cable USB, ensure that status LED is green.
19:30:24 DEBUG : Logs will be stored at '/home/jashshah/Desktop/Embedded_Lab/Lab_0/workspace/IDE.log'.
19:30:25 INFO  : Launching XSCT server: xsct -n  -interactive /home/jashshah/Desktop/Embedded_Lab/Lab_0/workspace/temp_xsdb_launch_script.tcl
19:30:26 INFO  : Registering command handlers for Vitis TCF services
19:30:27 INFO  : XSCT server has started successfully.
19:30:27 INFO  : Platform repository initialization has completed.
19:30:28 INFO  : plnx-install-location is set to ''
19:30:28 INFO  : Successfully done setting XSCT server connection channel  
19:30:28 INFO  : Successfully done query RDI_DATADIR 
19:30:28 INFO  : Successfully done setting workspace for the tool. 
19:30:51 INFO  : Checking for BSP changes to sync application flags for project 'Lab0'...
19:31:04 INFO  : Connected to target on host '127.0.0.1' and port '3121'.
19:31:05 INFO  : Jtag cable 'RealDigital Boo 8874042404B4A' is selected.
19:31:05 INFO  : 'jtag frequency' command is executed.
19:31:05 INFO  : 'targets -set -filter {jtag_cable_name =~ "RealDigital Boo 8874042404B4A" && level==0 && jtag_device_ctx=="jsn1-0362f093-0"}' command is executed.
19:31:08 INFO  : Device configured successfully with "/home/jashshah/Desktop/Embedded_Lab/Lab_0/workspace/Lab0/_ide/bitstream/bd_wrapper.bit"
19:31:08 INFO  : Context for processor 'microblaze_0' is selected.
19:31:08 INFO  : Hardware design and registers information is loaded from '/home/jashshah/Desktop/Embedded_Lab/Lab_0/workspace/Pratyush/export/Pratyush/hw/bd_wrapper.xsa'.
19:31:08 INFO  : 'configparams mdm-detect-bscan-mask 2' command is executed.
19:31:08 INFO  : Context for processor 'microblaze_0' is selected.
19:31:08 INFO  : System reset is completed.
19:31:11 INFO  : 'after 3000' command is executed.
19:31:12 INFO  : Context for processor 'microblaze_0' is selected.
19:31:12 INFO  : The application '/home/jashshah/Desktop/Embedded_Lab/Lab_0/workspace/Lab0/Debug/Lab0.elf' is downloaded to processor 'microblaze_0'.
19:31:12 INFO  : ----------------XSDB Script----------------
connect -url tcp:127.0.0.1:3121
targets -set -filter {jtag_cable_name =~ "RealDigital Boo 8874042404B4A" && level==0 && jtag_device_ctx=="jsn1-0362f093-0"}
fpga -file /home/jashshah/Desktop/Embedded_Lab/Lab_0/workspace/Lab0/_ide/bitstream/bd_wrapper.bit
targets -set -nocase -filter {name =~ "*microblaze*#0" && bscan=="USER2" }
loadhw -hw /home/jashshah/Desktop/Embedded_Lab/Lab_0/workspace/Pratyush/export/Pratyush/hw/bd_wrapper.xsa -regs
configparams mdm-detect-bscan-mask 2
targets -set -nocase -filter {name =~ "*microblaze*#0" && bscan=="USER2" }
rst -system
after 3000
targets -set -nocase -filter {name =~ "*microblaze*#0" && bscan=="USER2" }
dow /home/jashshah/Desktop/Embedded_Lab/Lab_0/workspace/Lab0/Debug/Lab0.elf
----------------End of Script----------------

19:31:12 INFO  : Context for processor 'microblaze_0' is selected.
19:31:12 INFO  : 'con' command is executed.
19:31:12 INFO  : ----------------XSDB Script (After Launch)----------------
targets -set -nocase -filter {name =~ "*microblaze*#0" && bscan=="USER2" }
con
----------------End of Script----------------

19:31:12 INFO  : Launch script is exported to file '/home/jashshah/Desktop/Embedded_Lab/Lab_0/workspace/Lab0_system/_ide/scripts/systemdebugger_lab0_system_7_standalone.tcl'
20:57:37 INFO  : Disconnected from the channel tcfchan#1.
