
*** Running vivado
    with args -log bd_clk_wiz_0_0.vds -m64 -product Vivado -mode batch -messageDb vivado.pb -notrace -source bd_clk_wiz_0_0.tcl


****** Vivado v2022.1 (64-bit)
  **** SW Build 3526262 on Mon Apr 18 15:47:01 MDT 2022
  **** IP Build 3524634 on Mon Apr 18 20:55:01 MDT 2022
    ** Copyright 1986-2022 Xilinx, Inc. All Rights Reserved.

source bd_clk_wiz_0_0.tcl -notrace
create_project: Time (s): cpu = 00:00:08 ; elapsed = 00:00:09 . Memory (MB): peak = 2744.570 ; gain = 2.016 ; free physical = 1577 ; free virtual = 52612
INFO: [IP_Flow 19-234] Refreshing IP repositories
INFO: [IP_Flow 19-1700] Loaded user IP repository '/home/jashshah/Desktop/Embedded_Lab/Lab_2/SevenSeg_Urbana_1.0'.
INFO: [IP_Flow 19-2313] Loaded Vivado IP repository '/ece/Xilinx/Vivado/2022.1/data/ip'.
Command: synth_design -top bd_clk_wiz_0_0 -part xc7s50csga324-1 -incremental_mode off -mode out_of_context
Starting synth_design
Attempting to get a license for feature 'Synthesis' and/or device 'xc7s50'
INFO: [Common 17-349] Got license for feature 'Synthesis' and/or device 'xc7s50'
INFO: [Device 21-403] Loading part xc7s50csga324-1
INFO: [Synth 8-7079] Multithreading enabled for synth_design using a maximum of 4 processes.
INFO: [Synth 8-7078] Launching helper process for spawning children vivado processes
INFO: [Synth 8-7075] Helper process launched with PID 478955
WARNING: [Synth 8-9501] generate block is allowed only inside loop and conditional generate in SystemVerilog mode [/ece/Xilinx/Vivado/2022.1/data/ip/xpm/xpm_fifo/hdl/xpm_fifo.sv:4023]
---------------------------------------------------------------------------------
Starting RTL Elaboration : Time (s): cpu = 00:00:04 ; elapsed = 00:00:05 . Memory (MB): peak = 2967.520 ; gain = 218.777 ; free physical = 151 ; free virtual = 48998
---------------------------------------------------------------------------------
INFO: [Synth 8-6157] synthesizing module 'bd_clk_wiz_0_0' [/home/jashshah/Desktop/Embedded_Lab/Lab_0/jash_project_1/jash_project_1.gen/sources_1/bd/bd/ip/bd_clk_wiz_0_0/bd_clk_wiz_0_0.v:68]
INFO: [Synth 8-6157] synthesizing module 'bd_clk_wiz_0_0_clk_wiz' [/home/jashshah/Desktop/Embedded_Lab/Lab_0/jash_project_1/jash_project_1.gen/sources_1/bd/bd/ip/bd_clk_wiz_0_0/bd_clk_wiz_0_0_clk_wiz.v:68]
INFO: [Synth 8-6157] synthesizing module 'IBUF' [/ece/Xilinx/Vivado/2022.1/scripts/rt/data/unisim_comp.v:55203]
INFO: [Synth 8-6155] done synthesizing module 'IBUF' (0#1) [/ece/Xilinx/Vivado/2022.1/scripts/rt/data/unisim_comp.v:55203]
INFO: [Synth 8-6157] synthesizing module 'MMCME2_ADV' [/ece/Xilinx/Vivado/2022.1/scripts/rt/data/unisim_comp.v:63509]
	Parameter BANDWIDTH bound to: OPTIMIZED - type: string 
	Parameter CLKFBOUT_MULT_F bound to: 8.500000 - type: double 
	Parameter CLKFBOUT_PHASE bound to: 0.000000 - type: double 
	Parameter CLKFBOUT_USE_FINE_PS bound to: FALSE - type: string 
	Parameter CLKIN1_PERIOD bound to: 10.000000 - type: double 
	Parameter CLKOUT0_DIVIDE_F bound to: 42.500000 - type: double 
	Parameter CLKOUT0_DUTY_CYCLE bound to: 0.500000 - type: double 
	Parameter CLKOUT0_PHASE bound to: 0.000000 - type: double 
	Parameter CLKOUT0_USE_FINE_PS bound to: FALSE - type: string 
	Parameter CLKOUT4_CASCADE bound to: FALSE - type: string 
	Parameter COMPENSATION bound to: ZHOLD - type: string 
	Parameter DIVCLK_DIVIDE bound to: 1 - type: integer 
	Parameter STARTUP_WAIT bound to: FALSE - type: string 
INFO: [Synth 8-6155] done synthesizing module 'MMCME2_ADV' (0#1) [/ece/Xilinx/Vivado/2022.1/scripts/rt/data/unisim_comp.v:63509]
INFO: [Synth 8-6157] synthesizing module 'BUFG' [/ece/Xilinx/Vivado/2022.1/scripts/rt/data/unisim_comp.v:1082]
INFO: [Synth 8-6155] done synthesizing module 'BUFG' (0#1) [/ece/Xilinx/Vivado/2022.1/scripts/rt/data/unisim_comp.v:1082]
INFO: [Synth 8-6155] done synthesizing module 'bd_clk_wiz_0_0_clk_wiz' (0#1) [/home/jashshah/Desktop/Embedded_Lab/Lab_0/jash_project_1/jash_project_1.gen/sources_1/bd/bd/ip/bd_clk_wiz_0_0/bd_clk_wiz_0_0_clk_wiz.v:68]
INFO: [Synth 8-6155] done synthesizing module 'bd_clk_wiz_0_0' (0#1) [/home/jashshah/Desktop/Embedded_Lab/Lab_0/jash_project_1/jash_project_1.gen/sources_1/bd/bd/ip/bd_clk_wiz_0_0/bd_clk_wiz_0_0.v:68]
---------------------------------------------------------------------------------
Finished RTL Elaboration : Time (s): cpu = 00:00:05 ; elapsed = 00:00:08 . Memory (MB): peak = 3031.457 ; gain = 282.715 ; free physical = 214 ; free virtual = 48028
---------------------------------------------------------------------------------
---------------------------------------------------------------------------------
Start Handling Custom Attributes
---------------------------------------------------------------------------------
---------------------------------------------------------------------------------
Finished Handling Custom Attributes : Time (s): cpu = 00:00:05 ; elapsed = 00:00:08 . Memory (MB): peak = 3049.270 ; gain = 300.527 ; free physical = 163 ; free virtual = 47918
---------------------------------------------------------------------------------
---------------------------------------------------------------------------------
Finished RTL Optimization Phase 1 : Time (s): cpu = 00:00:05 ; elapsed = 00:00:08 . Memory (MB): peak = 3049.270 ; gain = 300.527 ; free physical = 163 ; free virtual = 47918
---------------------------------------------------------------------------------
Netlist sorting complete. Time (s): cpu = 00:00:00 ; elapsed = 00:00:00.02 . Memory (MB): peak = 3055.207 ; gain = 0.000 ; free physical = 152 ; free virtual = 47690
INFO: [Netlist 29-17] Analyzing 1 Unisim elements for replacement
INFO: [Netlist 29-28] Unisim Transformation completed in 0 CPU seconds
INFO: [Project 1-570] Preparing netlist for logic optimization

Processing XDC Constraints
Initializing timing engine
Parsing XDC File [/home/jashshah/Desktop/Embedded_Lab/Lab_0/jash_project_1/jash_project_1.gen/sources_1/bd/bd/ip/bd_clk_wiz_0_0/bd_clk_wiz_0_0_ooc.xdc] for cell 'inst'
Finished Parsing XDC File [/home/jashshah/Desktop/Embedded_Lab/Lab_0/jash_project_1/jash_project_1.gen/sources_1/bd/bd/ip/bd_clk_wiz_0_0/bd_clk_wiz_0_0_ooc.xdc] for cell 'inst'
Parsing XDC File [/home/jashshah/Desktop/Embedded_Lab/Lab_0/jash_project_1/jash_project_1.gen/sources_1/bd/bd/ip/bd_clk_wiz_0_0/bd_clk_wiz_0_0_board.xdc] for cell 'inst'
Finished Parsing XDC File [/home/jashshah/Desktop/Embedded_Lab/Lab_0/jash_project_1/jash_project_1.gen/sources_1/bd/bd/ip/bd_clk_wiz_0_0/bd_clk_wiz_0_0_board.xdc] for cell 'inst'
Parsing XDC File [/home/jashshah/Desktop/Embedded_Lab/Lab_0/jash_project_1/jash_project_1.gen/sources_1/bd/bd/ip/bd_clk_wiz_0_0/bd_clk_wiz_0_0.xdc] for cell 'inst'
Finished Parsing XDC File [/home/jashshah/Desktop/Embedded_Lab/Lab_0/jash_project_1/jash_project_1.gen/sources_1/bd/bd/ip/bd_clk_wiz_0_0/bd_clk_wiz_0_0.xdc] for cell 'inst'
INFO: [Project 1-236] Implementation specific constraints were found while reading constraint file [/home/jashshah/Desktop/Embedded_Lab/Lab_0/jash_project_1/jash_project_1.gen/sources_1/bd/bd/ip/bd_clk_wiz_0_0/bd_clk_wiz_0_0.xdc]. These constraints will be ignored for synthesis but will be used in implementation. Impacted constraints are listed in the file [.Xil/bd_clk_wiz_0_0_propImpl.xdc].
Resolution: To avoid this warning, move constraints listed in [.Xil/bd_clk_wiz_0_0_propImpl.xdc] to another XDC file and exclude this new file from synthesis with the used_in_synthesis property (File Properties dialog in GUI) and re-run elaboration/synthesis.
INFO: [Timing 38-2] Deriving generated clocks
Parsing XDC File [/home/jashshah/Desktop/Embedded_Lab/Lab_0/jash_project_1/jash_project_1.runs/bd_clk_wiz_0_0_synth_1/dont_touch.xdc]
Finished Parsing XDC File [/home/jashshah/Desktop/Embedded_Lab/Lab_0/jash_project_1/jash_project_1.runs/bd_clk_wiz_0_0_synth_1/dont_touch.xdc]
Completed Processing XDC Constraints

Netlist sorting complete. Time (s): cpu = 00:00:00 ; elapsed = 00:00:00 . Memory (MB): peak = 3125.176 ; gain = 0.000 ; free physical = 4390 ; free virtual = 49199
INFO: [Project 1-111] Unisim Transformation Summary:
No Unisim elements were transformed.

Constraint Validation Runtime : Time (s): cpu = 00:00:00.01 ; elapsed = 00:00:00.12 . Memory (MB): peak = 3125.176 ; gain = 0.000 ; free physical = 4488 ; free virtual = 49323
INFO: [Designutils 20-5008] Incremental synthesis strategy off
---------------------------------------------------------------------------------
Finished Constraint Validation : Time (s): cpu = 00:00:11 ; elapsed = 00:00:17 . Memory (MB): peak = 3125.176 ; gain = 376.434 ; free physical = 4635 ; free virtual = 49656
---------------------------------------------------------------------------------
---------------------------------------------------------------------------------
Start Loading Part and Timing Information
---------------------------------------------------------------------------------
Loading part: xc7s50csga324-1
---------------------------------------------------------------------------------
Finished Loading Part and Timing Information : Time (s): cpu = 00:00:11 ; elapsed = 00:00:17 . Memory (MB): peak = 3125.176 ; gain = 376.434 ; free physical = 4626 ; free virtual = 49647
---------------------------------------------------------------------------------
---------------------------------------------------------------------------------
Start Applying 'set_property' XDC Constraints
---------------------------------------------------------------------------------
Applied set_property KEEP_HIERARCHY = SOFT for inst. (constraint file  /home/jashshah/Desktop/Embedded_Lab/Lab_0/jash_project_1/jash_project_1.runs/bd_clk_wiz_0_0_synth_1/dont_touch.xdc, line 9).
---------------------------------------------------------------------------------
Finished applying 'set_property' XDC Constraints : Time (s): cpu = 00:00:11 ; elapsed = 00:00:17 . Memory (MB): peak = 3125.176 ; gain = 376.434 ; free physical = 4615 ; free virtual = 49637
---------------------------------------------------------------------------------
---------------------------------------------------------------------------------
Finished RTL Optimization Phase 2 : Time (s): cpu = 00:00:11 ; elapsed = 00:00:18 . Memory (MB): peak = 3125.176 ; gain = 376.434 ; free physical = 4490 ; free virtual = 49517
---------------------------------------------------------------------------------
---------------------------------------------------------------------------------
Start RTL Component Statistics 
---------------------------------------------------------------------------------
Detailed RTL Component Info : 
---------------------------------------------------------------------------------
Finished RTL Component Statistics 
---------------------------------------------------------------------------------
---------------------------------------------------------------------------------
Start Part Resource Summary
---------------------------------------------------------------------------------
Part Resources:
DSPs: 120 (col length:60)
BRAMs: 150 (col length: RAMB18 60 RAMB36 30)
---------------------------------------------------------------------------------
Finished Part Resource Summary
---------------------------------------------------------------------------------
---------------------------------------------------------------------------------
Start Cross Boundary and Area Optimization
---------------------------------------------------------------------------------
WARNING: [Synth 8-7080] Parallel synthesis criteria is not met
---------------------------------------------------------------------------------
Finished Cross Boundary and Area Optimization : Time (s): cpu = 00:00:11 ; elapsed = 00:00:19 . Memory (MB): peak = 3125.176 ; gain = 376.434 ; free physical = 4604 ; free virtual = 49645
---------------------------------------------------------------------------------
---------------------------------------------------------------------------------
Start Applying XDC Timing Constraints
---------------------------------------------------------------------------------
---------------------------------------------------------------------------------
Finished Applying XDC Timing Constraints : Time (s): cpu = 00:00:15 ; elapsed = 00:00:22 . Memory (MB): peak = 3125.176 ; gain = 376.434 ; free physical = 4194 ; free virtual = 49371
---------------------------------------------------------------------------------
---------------------------------------------------------------------------------
Start Timing Optimization
---------------------------------------------------------------------------------
---------------------------------------------------------------------------------
Finished Timing Optimization : Time (s): cpu = 00:00:15 ; elapsed = 00:00:22 . Memory (MB): peak = 3125.176 ; gain = 376.434 ; free physical = 4190 ; free virtual = 49368
---------------------------------------------------------------------------------
---------------------------------------------------------------------------------
Start Technology Mapping
---------------------------------------------------------------------------------
---------------------------------------------------------------------------------
Finished Technology Mapping : Time (s): cpu = 00:00:15 ; elapsed = 00:00:23 . Memory (MB): peak = 3125.176 ; gain = 376.434 ; free physical = 4179 ; free virtual = 49357
---------------------------------------------------------------------------------
---------------------------------------------------------------------------------
Start IO Insertion
---------------------------------------------------------------------------------
---------------------------------------------------------------------------------
Start Flattening Before IO Insertion
---------------------------------------------------------------------------------
---------------------------------------------------------------------------------
Finished Flattening Before IO Insertion
---------------------------------------------------------------------------------
---------------------------------------------------------------------------------
Start Final Netlist Cleanup
---------------------------------------------------------------------------------
---------------------------------------------------------------------------------
Finished Final Netlist Cleanup
---------------------------------------------------------------------------------
---------------------------------------------------------------------------------
Finished IO Insertion : Time (s): cpu = 00:00:18 ; elapsed = 00:00:25 . Memory (MB): peak = 3125.176 ; gain = 376.434 ; free physical = 4029 ; free virtual = 49231
---------------------------------------------------------------------------------
---------------------------------------------------------------------------------
Start Renaming Generated Instances
---------------------------------------------------------------------------------
---------------------------------------------------------------------------------
Finished Renaming Generated Instances : Time (s): cpu = 00:00:18 ; elapsed = 00:00:25 . Memory (MB): peak = 3125.176 ; gain = 376.434 ; free physical = 4037 ; free virtual = 49239
---------------------------------------------------------------------------------
---------------------------------------------------------------------------------
Start Rebuilding User Hierarchy
---------------------------------------------------------------------------------
---------------------------------------------------------------------------------
Finished Rebuilding User Hierarchy : Time (s): cpu = 00:00:18 ; elapsed = 00:00:25 . Memory (MB): peak = 3125.176 ; gain = 376.434 ; free physical = 4020 ; free virtual = 49222
---------------------------------------------------------------------------------
---------------------------------------------------------------------------------
Start Renaming Generated Ports
---------------------------------------------------------------------------------
---------------------------------------------------------------------------------
Finished Renaming Generated Ports : Time (s): cpu = 00:00:18 ; elapsed = 00:00:25 . Memory (MB): peak = 3125.176 ; gain = 376.434 ; free physical = 4015 ; free virtual = 49218
---------------------------------------------------------------------------------
---------------------------------------------------------------------------------
Start Handling Custom Attributes
---------------------------------------------------------------------------------
---------------------------------------------------------------------------------
Finished Handling Custom Attributes : Time (s): cpu = 00:00:18 ; elapsed = 00:00:25 . Memory (MB): peak = 3125.176 ; gain = 376.434 ; free physical = 4015 ; free virtual = 49217
---------------------------------------------------------------------------------
---------------------------------------------------------------------------------
Start Renaming Generated Nets
---------------------------------------------------------------------------------
---------------------------------------------------------------------------------
Finished Renaming Generated Nets : Time (s): cpu = 00:00:18 ; elapsed = 00:00:25 . Memory (MB): peak = 3125.176 ; gain = 376.434 ; free physical = 4022 ; free virtual = 49225
---------------------------------------------------------------------------------
---------------------------------------------------------------------------------
Start Writing Synthesis Report
---------------------------------------------------------------------------------

Report BlackBoxes: 
+-+--------------+----------+
| |BlackBox name |Instances |
+-+--------------+----------+
+-+--------------+----------+

Report Cell Usage: 
+------+-----------+------+
|      |Cell       |Count |
+------+-----------+------+
|1     |BUFG       |     2|
|2     |MMCME2_ADV |     1|
|3     |IBUF       |     1|
+------+-----------+------+
---------------------------------------------------------------------------------
Finished Writing Synthesis Report : Time (s): cpu = 00:00:18 ; elapsed = 00:00:25 . Memory (MB): peak = 3125.176 ; gain = 376.434 ; free physical = 4022 ; free virtual = 49225
---------------------------------------------------------------------------------
Synthesis finished with 0 errors, 0 critical warnings and 1 warnings.
Synthesis Optimization Runtime : Time (s): cpu = 00:00:16 ; elapsed = 00:00:21 . Memory (MB): peak = 3125.176 ; gain = 300.527 ; free physical = 4073 ; free virtual = 49276
Synthesis Optimization Complete : Time (s): cpu = 00:00:18 ; elapsed = 00:00:25 . Memory (MB): peak = 3125.176 ; gain = 376.434 ; free physical = 4066 ; free virtual = 49272
INFO: [Project 1-571] Translating synthesized netlist
Netlist sorting complete. Time (s): cpu = 00:00:00 ; elapsed = 00:00:00 . Memory (MB): peak = 3125.176 ; gain = 0.000 ; free physical = 4017 ; free virtual = 49235
INFO: [Netlist 29-17] Analyzing 1 Unisim elements for replacement
INFO: [Netlist 29-28] Unisim Transformation completed in 0 CPU seconds
INFO: [Project 1-570] Preparing netlist for logic optimization
INFO: [Opt 31-138] Pushed 0 inverter(s) to 0 load pin(s).
Netlist sorting complete. Time (s): cpu = 00:00:00 ; elapsed = 00:00:00 . Memory (MB): peak = 3125.176 ; gain = 0.000 ; free physical = 4061 ; free virtual = 49308
INFO: [Project 1-111] Unisim Transformation Summary:
No Unisim elements were transformed.

Synth Design complete, checksum: ee5a6f0
INFO: [Common 17-83] Releasing license: Synthesis
32 Infos, 2 Warnings, 0 Critical Warnings and 0 Errors encountered.
synth_design completed successfully
synth_design: Time (s): cpu = 00:00:25 ; elapsed = 00:00:31 . Memory (MB): peak = 3125.176 ; gain = 380.605 ; free physical = 4350 ; free virtual = 49597
INFO: [Common 17-1381] The checkpoint '/home/jashshah/Desktop/Embedded_Lab/Lab_0/jash_project_1/jash_project_1.runs/bd_clk_wiz_0_0_synth_1/bd_clk_wiz_0_0.dcp' has been generated.
INFO: [Coretcl 2-1648] Added synthesis output to IP cache for IP bd_clk_wiz_0_0, cache-ID = e9417d40e29968c2
INFO: [Common 17-1381] The checkpoint '/home/jashshah/Desktop/Embedded_Lab/Lab_0/jash_project_1/jash_project_1.runs/bd_clk_wiz_0_0_synth_1/bd_clk_wiz_0_0.dcp' has been generated.
INFO: [runtcl-4] Executing : report_utilization -file bd_clk_wiz_0_0_utilization_synth.rpt -pb bd_clk_wiz_0_0_utilization_synth.pb
INFO: [Common 17-206] Exiting Vivado at Thu Oct 30 20:40:08 2025...
