
*** Running vivado
    with args -log bd_rst_clk_wiz_1_100M_0.vds -m64 -product Vivado -mode batch -messageDb vivado.pb -notrace -source bd_rst_clk_wiz_1_100M_0.tcl


****** Vivado v2022.1 (64-bit)
  **** SW Build 3526262 on Mon Apr 18 15:47:01 MDT 2022
  **** IP Build 3524634 on Mon Apr 18 20:55:01 MDT 2022
    ** Copyright 1986-2022 Xilinx, Inc. All Rights Reserved.

source bd_rst_clk_wiz_1_100M_0.tcl -notrace
create_project: Time (s): cpu = 00:00:15 ; elapsed = 00:00:20 . Memory (MB): peak = 2737.551 ; gain = 2.016 ; free physical = 261 ; free virtual = 58993
Command: synth_design -top bd_rst_clk_wiz_1_100M_0 -part xc7s50csga324-1 -incremental_mode off -mode out_of_context
Starting synth_design
Attempting to get a license for feature 'Synthesis' and/or device 'xc7s50'
INFO: [Common 17-349] Got license for feature 'Synthesis' and/or device 'xc7s50'
INFO: [Device 21-403] Loading part xc7s50csga324-1
INFO: [Synth 8-7079] Multithreading enabled for synth_design using a maximum of 4 processes.
INFO: [Synth 8-7078] Launching helper process for spawning children vivado processes
INFO: [Synth 8-7075] Helper process launched with PID 161615
WARNING: [Synth 8-9501] generate block is allowed only inside loop and conditional generate in SystemVerilog mode [/ece/Xilinx/Vivado/2022.1/data/ip/xpm/xpm_fifo/hdl/xpm_fifo.sv:4023]
---------------------------------------------------------------------------------
Starting RTL Elaboration : Time (s): cpu = 00:00:07 ; elapsed = 00:00:13 . Memory (MB): peak = 2965.500 ; gain = 223.777 ; free physical = 196 ; free virtual = 48350
---------------------------------------------------------------------------------
INFO: [Synth 8-638] synthesizing module 'bd_rst_clk_wiz_1_100M_0' [/home/jashshah/Desktop/Embedded_Lab/Lab_0/jash_project_1/jash_project_1.gen/sources_1/bd/bd/ip/bd_rst_clk_wiz_1_100M_0/synth/bd_rst_clk_wiz_1_100M_0.vhd:74]
	Parameter C_FAMILY bound to: spartan7 - type: string 
	Parameter C_EXT_RST_WIDTH bound to: 4 - type: integer 
	Parameter C_AUX_RST_WIDTH bound to: 4 - type: integer 
	Parameter C_EXT_RESET_HIGH bound to: 1'b1 
	Parameter C_AUX_RESET_HIGH bound to: 1'b0 
	Parameter C_NUM_BUS_RST bound to: 1 - type: integer 
	Parameter C_NUM_PERP_RST bound to: 1 - type: integer 
	Parameter C_NUM_INTERCONNECT_ARESETN bound to: 1 - type: integer 
	Parameter C_NUM_PERP_ARESETN bound to: 1 - type: integer 
INFO: [Synth 8-3491] module 'proc_sys_reset' declared at '/home/jashshah/Desktop/Embedded_Lab/Lab_0/jash_project_1/jash_project_1.gen/sources_1/bd/bd/ipshared/8842/hdl/proc_sys_reset_v5_0_vh_rfs.vhd:1264' bound to instance 'U0' of component 'proc_sys_reset' [/home/jashshah/Desktop/Embedded_Lab/Lab_0/jash_project_1/jash_project_1.gen/sources_1/bd/bd/ip/bd_rst_clk_wiz_1_100M_0/synth/bd_rst_clk_wiz_1_100M_0.vhd:129]
INFO: [Synth 8-638] synthesizing module 'proc_sys_reset' [/home/jashshah/Desktop/Embedded_Lab/Lab_0/jash_project_1/jash_project_1.gen/sources_1/bd/bd/ipshared/8842/hdl/proc_sys_reset_v5_0_vh_rfs.vhd:1323]
	Parameter INIT bound to: 1'b1 
INFO: [Synth 8-113] binding component instance 'FDRE_inst' to cell 'FDRE' [/home/jashshah/Desktop/Embedded_Lab/Lab_0/jash_project_1/jash_project_1.gen/sources_1/bd/bd/ipshared/8842/hdl/proc_sys_reset_v5_0_vh_rfs.vhd:1392]
	Parameter INIT bound to: 1'b1 
INFO: [Synth 8-113] binding component instance 'FDRE_BSR' to cell 'FDRE' [/home/jashshah/Desktop/Embedded_Lab/Lab_0/jash_project_1/jash_project_1.gen/sources_1/bd/bd/ipshared/8842/hdl/proc_sys_reset_v5_0_vh_rfs.vhd:1408]
	Parameter INIT bound to: 1'b0 
INFO: [Synth 8-113] binding component instance 'FDRE_BSR_N' to cell 'FDRE' [/home/jashshah/Desktop/Embedded_Lab/Lab_0/jash_project_1/jash_project_1.gen/sources_1/bd/bd/ipshared/8842/hdl/proc_sys_reset_v5_0_vh_rfs.vhd:1434]
	Parameter INIT bound to: 1'b1 
INFO: [Synth 8-113] binding component instance 'FDRE_PER' to cell 'FDRE' [/home/jashshah/Desktop/Embedded_Lab/Lab_0/jash_project_1/jash_project_1.gen/sources_1/bd/bd/ipshared/8842/hdl/proc_sys_reset_v5_0_vh_rfs.vhd:1457]
	Parameter INIT bound to: 1'b0 
INFO: [Synth 8-113] binding component instance 'FDRE_PER_N' to cell 'FDRE' [/home/jashshah/Desktop/Embedded_Lab/Lab_0/jash_project_1/jash_project_1.gen/sources_1/bd/bd/ipshared/8842/hdl/proc_sys_reset_v5_0_vh_rfs.vhd:1481]
INFO: [Synth 8-638] synthesizing module 'lpf' [/home/jashshah/Desktop/Embedded_Lab/Lab_0/jash_project_1/jash_project_1.gen/sources_1/bd/bd/ipshared/8842/hdl/proc_sys_reset_v5_0_vh_rfs.vhd:816]
INFO: [Synth 8-3491] module 'SRL16' declared at '/ece/Xilinx/Vivado/2022.1/scripts/rt/data/unisim_comp.v:105982' bound to instance 'POR_SRL_I' of component 'SRL16' [/home/jashshah/Desktop/Embedded_Lab/Lab_0/jash_project_1/jash_project_1.gen/sources_1/bd/bd/ipshared/8842/hdl/proc_sys_reset_v5_0_vh_rfs.vhd:868]
INFO: [Synth 8-6157] synthesizing module 'SRL16' [/ece/Xilinx/Vivado/2022.1/scripts/rt/data/unisim_comp.v:105982]
INFO: [Synth 8-6155] done synthesizing module 'SRL16' (0#1) [/ece/Xilinx/Vivado/2022.1/scripts/rt/data/unisim_comp.v:105982]
INFO: [Synth 8-638] synthesizing module 'cdc_sync' [/home/jashshah/Desktop/Embedded_Lab/Lab_0/jash_project_1/jash_project_1.gen/sources_1/bd/bd/ipshared/ef1e/hdl/lib_cdc_v1_0_rfs.vhd:106]
	Parameter INIT bound to: 1'b0 
INFO: [Synth 8-113] binding component instance 'CROSS_PLEVEL_IN2SCNDRY_IN_cdc_to' to cell 'FDR' [/home/jashshah/Desktop/Embedded_Lab/Lab_0/jash_project_1/jash_project_1.gen/sources_1/bd/bd/ipshared/ef1e/hdl/lib_cdc_v1_0_rfs.vhd:514]
	Parameter INIT bound to: 1'b0 
INFO: [Synth 8-113] binding component instance 'CROSS_PLEVEL_IN2SCNDRY_s_level_out_d2' to cell 'FDR' [/home/jashshah/Desktop/Embedded_Lab/Lab_0/jash_project_1/jash_project_1.gen/sources_1/bd/bd/ipshared/ef1e/hdl/lib_cdc_v1_0_rfs.vhd:545]
	Parameter INIT bound to: 1'b0 
INFO: [Synth 8-113] binding component instance 'CROSS_PLEVEL_IN2SCNDRY_s_level_out_d3' to cell 'FDR' [/home/jashshah/Desktop/Embedded_Lab/Lab_0/jash_project_1/jash_project_1.gen/sources_1/bd/bd/ipshared/ef1e/hdl/lib_cdc_v1_0_rfs.vhd:554]
	Parameter INIT bound to: 1'b0 
INFO: [Synth 8-113] binding component instance 'CROSS_PLEVEL_IN2SCNDRY_s_level_out_d4' to cell 'FDR' [/home/jashshah/Desktop/Embedded_Lab/Lab_0/jash_project_1/jash_project_1.gen/sources_1/bd/bd/ipshared/ef1e/hdl/lib_cdc_v1_0_rfs.vhd:564]
	Parameter INIT bound to: 1'b0 
INFO: [Synth 8-113] binding component instance 'CROSS_PLEVEL_IN2SCNDRY_s_level_out_d5' to cell 'FDR' [/home/jashshah/Desktop/Embedded_Lab/Lab_0/jash_project_1/jash_project_1.gen/sources_1/bd/bd/ipshared/ef1e/hdl/lib_cdc_v1_0_rfs.vhd:574]
	Parameter INIT bound to: 1'b0 
INFO: [Synth 8-113] binding component instance 'CROSS_PLEVEL_IN2SCNDRY_s_level_out_d6' to cell 'FDR' [/home/jashshah/Desktop/Embedded_Lab/Lab_0/jash_project_1/jash_project_1.gen/sources_1/bd/bd/ipshared/ef1e/hdl/lib_cdc_v1_0_rfs.vhd:584]
INFO: [Synth 8-256] done synthesizing module 'cdc_sync' (0#1) [/home/jashshah/Desktop/Embedded_Lab/Lab_0/jash_project_1/jash_project_1.gen/sources_1/bd/bd/ipshared/ef1e/hdl/lib_cdc_v1_0_rfs.vhd:106]
INFO: [Synth 8-256] done synthesizing module 'lpf' (0#1) [/home/jashshah/Desktop/Embedded_Lab/Lab_0/jash_project_1/jash_project_1.gen/sources_1/bd/bd/ipshared/8842/hdl/proc_sys_reset_v5_0_vh_rfs.vhd:816]
INFO: [Synth 8-638] synthesizing module 'sequence_psr' [/home/jashshah/Desktop/Embedded_Lab/Lab_0/jash_project_1/jash_project_1.gen/sources_1/bd/bd/ipshared/8842/hdl/proc_sys_reset_v5_0_vh_rfs.vhd:301]
INFO: [Synth 8-638] synthesizing module 'upcnt_n' [/home/jashshah/Desktop/Embedded_Lab/Lab_0/jash_project_1/jash_project_1.gen/sources_1/bd/bd/ipshared/8842/hdl/proc_sys_reset_v5_0_vh_rfs.vhd:125]
INFO: [Synth 8-256] done synthesizing module 'upcnt_n' (0#1) [/home/jashshah/Desktop/Embedded_Lab/Lab_0/jash_project_1/jash_project_1.gen/sources_1/bd/bd/ipshared/8842/hdl/proc_sys_reset_v5_0_vh_rfs.vhd:125]
INFO: [Synth 8-256] done synthesizing module 'sequence_psr' (0#1) [/home/jashshah/Desktop/Embedded_Lab/Lab_0/jash_project_1/jash_project_1.gen/sources_1/bd/bd/ipshared/8842/hdl/proc_sys_reset_v5_0_vh_rfs.vhd:301]
INFO: [Synth 8-256] done synthesizing module 'proc_sys_reset' (0#1) [/home/jashshah/Desktop/Embedded_Lab/Lab_0/jash_project_1/jash_project_1.gen/sources_1/bd/bd/ipshared/8842/hdl/proc_sys_reset_v5_0_vh_rfs.vhd:1323]
INFO: [Synth 8-256] done synthesizing module 'bd_rst_clk_wiz_1_100M_0' (0#1) [/home/jashshah/Desktop/Embedded_Lab/Lab_0/jash_project_1/jash_project_1.gen/sources_1/bd/bd/ip/bd_rst_clk_wiz_1_100M_0/synth/bd_rst_clk_wiz_1_100M_0.vhd:74]
WARNING: [Synth 8-7129] Port prmry_aclk in module cdc_sync is either unconnected or has no load
WARNING: [Synth 8-7129] Port prmry_resetn in module cdc_sync is either unconnected or has no load
WARNING: [Synth 8-7129] Port prmry_vect_in[1] in module cdc_sync is either unconnected or has no load
WARNING: [Synth 8-7129] Port prmry_vect_in[0] in module cdc_sync is either unconnected or has no load
WARNING: [Synth 8-7129] Port scndry_resetn in module cdc_sync is either unconnected or has no load
---------------------------------------------------------------------------------
Finished RTL Elaboration : Time (s): cpu = 00:00:09 ; elapsed = 00:00:38 . Memory (MB): peak = 3033.445 ; gain = 291.723 ; free physical = 9828 ; free virtual = 46034
---------------------------------------------------------------------------------
---------------------------------------------------------------------------------
Start Handling Custom Attributes
---------------------------------------------------------------------------------
---------------------------------------------------------------------------------
Finished Handling Custom Attributes : Time (s): cpu = 00:00:09 ; elapsed = 00:00:38 . Memory (MB): peak = 3051.258 ; gain = 309.535 ; free physical = 9739 ; free virtual = 45968
---------------------------------------------------------------------------------
---------------------------------------------------------------------------------
Finished RTL Optimization Phase 1 : Time (s): cpu = 00:00:09 ; elapsed = 00:00:38 . Memory (MB): peak = 3051.258 ; gain = 309.535 ; free physical = 9739 ; free virtual = 45968
---------------------------------------------------------------------------------
Netlist sorting complete. Time (s): cpu = 00:00:00 ; elapsed = 00:00:00 . Memory (MB): peak = 3054.227 ; gain = 0.000 ; free physical = 9486 ; free virtual = 46259
INFO: [Netlist 29-17] Analyzing 13 Unisim elements for replacement
INFO: [Netlist 29-28] Unisim Transformation completed in 0 CPU seconds
INFO: [Project 1-570] Preparing netlist for logic optimization

Processing XDC Constraints
Initializing timing engine
Parsing XDC File [/home/jashshah/Desktop/Embedded_Lab/Lab_0/jash_project_1/jash_project_1.gen/sources_1/bd/bd/ip/bd_rst_clk_wiz_1_100M_0/bd_rst_clk_wiz_1_100M_0_ooc.xdc] for cell 'U0'
Finished Parsing XDC File [/home/jashshah/Desktop/Embedded_Lab/Lab_0/jash_project_1/jash_project_1.gen/sources_1/bd/bd/ip/bd_rst_clk_wiz_1_100M_0/bd_rst_clk_wiz_1_100M_0_ooc.xdc] for cell 'U0'
Parsing XDC File [/home/jashshah/Desktop/Embedded_Lab/Lab_0/jash_project_1/jash_project_1.gen/sources_1/bd/bd/ip/bd_rst_clk_wiz_1_100M_0/bd_rst_clk_wiz_1_100M_0_board.xdc] for cell 'U0'
Finished Parsing XDC File [/home/jashshah/Desktop/Embedded_Lab/Lab_0/jash_project_1/jash_project_1.gen/sources_1/bd/bd/ip/bd_rst_clk_wiz_1_100M_0/bd_rst_clk_wiz_1_100M_0_board.xdc] for cell 'U0'
Parsing XDC File [/home/jashshah/Desktop/Embedded_Lab/Lab_0/jash_project_1/jash_project_1.gen/sources_1/bd/bd/ip/bd_rst_clk_wiz_1_100M_0/bd_rst_clk_wiz_1_100M_0.xdc] for cell 'U0'
Finished Parsing XDC File [/home/jashshah/Desktop/Embedded_Lab/Lab_0/jash_project_1/jash_project_1.gen/sources_1/bd/bd/ip/bd_rst_clk_wiz_1_100M_0/bd_rst_clk_wiz_1_100M_0.xdc] for cell 'U0'
Parsing XDC File [/home/jashshah/Desktop/Embedded_Lab/Lab_0/jash_project_1/jash_project_1.runs/bd_rst_clk_wiz_1_100M_0_synth_1/dont_touch.xdc]
Finished Parsing XDC File [/home/jashshah/Desktop/Embedded_Lab/Lab_0/jash_project_1/jash_project_1.runs/bd_rst_clk_wiz_1_100M_0_synth_1/dont_touch.xdc]
Completed Processing XDC Constraints

Netlist sorting complete. Time (s): cpu = 00:00:00 ; elapsed = 00:00:00 . Memory (MB): peak = 3214.039 ; gain = 0.000 ; free physical = 8463 ; free virtual = 45925
INFO: [Project 1-111] Unisim Transformation Summary:
  A total of 13 instances were transformed.
  FDR => FDRE: 12 instances
  SRL16 => SRL16E: 1 instance 

Constraint Validation Runtime : Time (s): cpu = 00:00:00.01 ; elapsed = 00:00:00.09 . Memory (MB): peak = 3214.039 ; gain = 0.000 ; free physical = 8489 ; free virtual = 46018
INFO: [Designutils 20-5008] Incremental synthesis strategy off
---------------------------------------------------------------------------------
Finished Constraint Validation : Time (s): cpu = 00:00:20 ; elapsed = 00:00:56 . Memory (MB): peak = 3214.039 ; gain = 472.316 ; free physical = 5981 ; free virtual = 44804
---------------------------------------------------------------------------------
---------------------------------------------------------------------------------
Start Loading Part and Timing Information
---------------------------------------------------------------------------------
Loading part: xc7s50csga324-1
---------------------------------------------------------------------------------
Finished Loading Part and Timing Information : Time (s): cpu = 00:00:20 ; elapsed = 00:00:56 . Memory (MB): peak = 3214.039 ; gain = 472.316 ; free physical = 5973 ; free virtual = 44797
---------------------------------------------------------------------------------
---------------------------------------------------------------------------------
Start Applying 'set_property' XDC Constraints
---------------------------------------------------------------------------------
Applied set_property KEEP_HIERARCHY = SOFT for U0. (constraint file  /home/jashshah/Desktop/Embedded_Lab/Lab_0/jash_project_1/jash_project_1.runs/bd_rst_clk_wiz_1_100M_0_synth_1/dont_touch.xdc, line 9).
---------------------------------------------------------------------------------
Finished applying 'set_property' XDC Constraints : Time (s): cpu = 00:00:20 ; elapsed = 00:00:56 . Memory (MB): peak = 3214.039 ; gain = 472.316 ; free physical = 5983 ; free virtual = 44792
---------------------------------------------------------------------------------
---------------------------------------------------------------------------------
Finished RTL Optimization Phase 2 : Time (s): cpu = 00:00:21 ; elapsed = 00:00:57 . Memory (MB): peak = 3214.039 ; gain = 472.316 ; free physical = 5917 ; free virtual = 44758
---------------------------------------------------------------------------------
---------------------------------------------------------------------------------
Start RTL Component Statistics 
---------------------------------------------------------------------------------
Detailed RTL Component Info : 
+---Adders : 
	   2 Input    6 Bit       Adders := 1     
+---Registers : 
	                6 Bit    Registers := 1     
	                3 Bit    Registers := 3     
	                1 Bit    Registers := 8     
+---Muxes : 
	   2 Input    6 Bit        Muxes := 1     
	   2 Input    1 Bit        Muxes := 1     
---------------------------------------------------------------------------------
Finished RTL Component Statistics 
---------------------------------------------------------------------------------
---------------------------------------------------------------------------------
Start Part Resource Summary
---------------------------------------------------------------------------------
Part Resources:
DSPs: 120 (col length:60)
BRAMs: 150 (col length: RAMB18 60 RAMB36 30)
---------------------------------------------------------------------------------
Finished Part Resource Summary
---------------------------------------------------------------------------------
---------------------------------------------------------------------------------
Start Cross Boundary and Area Optimization
---------------------------------------------------------------------------------
WARNING: [Synth 8-7080] Parallel synthesis criteria is not met
WARNING: [Synth 8-3332] Sequential element (EXT_LPF/ACTIVE_HIGH_EXT.ACT_HI_EXT/GENERATE_LEVEL_P_S_CDC.SINGLE_BIT.CROSS_PLEVEL_IN2SCNDRY_s_level_out_d5) is unused and will be removed from module proc_sys_reset.
WARNING: [Synth 8-3332] Sequential element (EXT_LPF/ACTIVE_HIGH_EXT.ACT_HI_EXT/GENERATE_LEVEL_P_S_CDC.SINGLE_BIT.CROSS_PLEVEL_IN2SCNDRY_s_level_out_d6) is unused and will be removed from module proc_sys_reset.
WARNING: [Synth 8-3332] Sequential element (EXT_LPF/ACTIVE_LOW_AUX.ACT_LO_AUX/GENERATE_LEVEL_P_S_CDC.SINGLE_BIT.CROSS_PLEVEL_IN2SCNDRY_s_level_out_d5) is unused and will be removed from module proc_sys_reset.
WARNING: [Synth 8-3332] Sequential element (EXT_LPF/ACTIVE_LOW_AUX.ACT_LO_AUX/GENERATE_LEVEL_P_S_CDC.SINGLE_BIT.CROSS_PLEVEL_IN2SCNDRY_s_level_out_d6) is unused and will be removed from module proc_sys_reset.
---------------------------------------------------------------------------------
Finished Cross Boundary and Area Optimization : Time (s): cpu = 00:00:22 ; elapsed = 00:00:59 . Memory (MB): peak = 3214.039 ; gain = 472.316 ; free physical = 5555 ; free virtual = 44485
---------------------------------------------------------------------------------
---------------------------------------------------------------------------------
Start Applying XDC Timing Constraints
---------------------------------------------------------------------------------
---------------------------------------------------------------------------------
Finished Applying XDC Timing Constraints : Time (s): cpu = 00:00:29 ; elapsed = 00:01:06 . Memory (MB): peak = 3214.039 ; gain = 472.316 ; free physical = 3905 ; free virtual = 43032
---------------------------------------------------------------------------------
---------------------------------------------------------------------------------
Start Timing Optimization
---------------------------------------------------------------------------------
---------------------------------------------------------------------------------
Finished Timing Optimization : Time (s): cpu = 00:00:29 ; elapsed = 00:01:06 . Memory (MB): peak = 3214.039 ; gain = 472.316 ; free physical = 3888 ; free virtual = 43019
---------------------------------------------------------------------------------
---------------------------------------------------------------------------------
Start Technology Mapping
---------------------------------------------------------------------------------
---------------------------------------------------------------------------------
Finished Technology Mapping : Time (s): cpu = 00:00:29 ; elapsed = 00:01:06 . Memory (MB): peak = 3214.039 ; gain = 472.316 ; free physical = 3822 ; free virtual = 42978
---------------------------------------------------------------------------------
---------------------------------------------------------------------------------
Start IO Insertion
---------------------------------------------------------------------------------
---------------------------------------------------------------------------------
Start Flattening Before IO Insertion
---------------------------------------------------------------------------------
---------------------------------------------------------------------------------
Finished Flattening Before IO Insertion
---------------------------------------------------------------------------------
---------------------------------------------------------------------------------
Start Final Netlist Cleanup
---------------------------------------------------------------------------------
---------------------------------------------------------------------------------
Finished Final Netlist Cleanup
---------------------------------------------------------------------------------
---------------------------------------------------------------------------------
Finished IO Insertion : Time (s): cpu = 00:00:38 ; elapsed = 00:01:16 . Memory (MB): peak = 3214.039 ; gain = 472.316 ; free physical = 3058 ; free virtual = 42247
---------------------------------------------------------------------------------
---------------------------------------------------------------------------------
Start Renaming Generated Instances
---------------------------------------------------------------------------------
---------------------------------------------------------------------------------
Finished Renaming Generated Instances : Time (s): cpu = 00:00:38 ; elapsed = 00:01:16 . Memory (MB): peak = 3214.039 ; gain = 472.316 ; free physical = 3057 ; free virtual = 42246
---------------------------------------------------------------------------------
---------------------------------------------------------------------------------
Start Rebuilding User Hierarchy
---------------------------------------------------------------------------------
---------------------------------------------------------------------------------
Finished Rebuilding User Hierarchy : Time (s): cpu = 00:00:38 ; elapsed = 00:01:16 . Memory (MB): peak = 3214.039 ; gain = 472.316 ; free physical = 3057 ; free virtual = 42247
---------------------------------------------------------------------------------
---------------------------------------------------------------------------------
Start Renaming Generated Ports
---------------------------------------------------------------------------------
---------------------------------------------------------------------------------
Finished Renaming Generated Ports : Time (s): cpu = 00:00:38 ; elapsed = 00:01:16 . Memory (MB): peak = 3214.039 ; gain = 472.316 ; free physical = 3056 ; free virtual = 42246
---------------------------------------------------------------------------------
---------------------------------------------------------------------------------
Start Handling Custom Attributes
---------------------------------------------------------------------------------
---------------------------------------------------------------------------------
Finished Handling Custom Attributes : Time (s): cpu = 00:00:39 ; elapsed = 00:01:16 . Memory (MB): peak = 3214.039 ; gain = 472.316 ; free physical = 3057 ; free virtual = 42247
---------------------------------------------------------------------------------
---------------------------------------------------------------------------------
Start Renaming Generated Nets
---------------------------------------------------------------------------------
---------------------------------------------------------------------------------
Finished Renaming Generated Nets : Time (s): cpu = 00:00:39 ; elapsed = 00:01:16 . Memory (MB): peak = 3214.039 ; gain = 472.316 ; free physical = 3057 ; free virtual = 42247
---------------------------------------------------------------------------------
---------------------------------------------------------------------------------
Start Writing Synthesis Report
---------------------------------------------------------------------------------

Report BlackBoxes: 
+-+--------------+----------+
| |BlackBox name |Instances |
+-+--------------+----------+
+-+--------------+----------+

Report Cell Usage: 
+------+------+------+
|      |Cell  |Count |
+------+------+------+
|1     |LUT1  |     5|
|2     |LUT2  |     9|
|3     |LUT3  |     1|
|4     |LUT4  |     6|
|5     |LUT5  |     3|
|6     |LUT6  |     1|
|7     |SRL16 |     1|
|8     |FDR   |     8|
|9     |FDRE  |    28|
|10    |FDSE  |     4|
+------+------+------+
---------------------------------------------------------------------------------
Finished Writing Synthesis Report : Time (s): cpu = 00:00:39 ; elapsed = 00:01:16 . Memory (MB): peak = 3214.039 ; gain = 472.316 ; free physical = 3057 ; free virtual = 42247
---------------------------------------------------------------------------------
Synthesis finished with 0 errors, 0 critical warnings and 5 warnings.
Synthesis Optimization Runtime : Time (s): cpu = 00:00:36 ; elapsed = 00:01:10 . Memory (MB): peak = 3214.039 ; gain = 309.535 ; free physical = 3076 ; free virtual = 42280
Synthesis Optimization Complete : Time (s): cpu = 00:00:39 ; elapsed = 00:01:16 . Memory (MB): peak = 3214.039 ; gain = 472.316 ; free physical = 3059 ; free virtual = 42278
INFO: [Project 1-571] Translating synthesized netlist
Netlist sorting complete. Time (s): cpu = 00:00:00 ; elapsed = 00:00:00 . Memory (MB): peak = 3214.039 ; gain = 0.000 ; free physical = 3067 ; free virtual = 42283
INFO: [Netlist 29-17] Analyzing 9 Unisim elements for replacement
INFO: [Netlist 29-28] Unisim Transformation completed in 0 CPU seconds
INFO: [Project 1-570] Preparing netlist for logic optimization
INFO: [Opt 31-138] Pushed 0 inverter(s) to 0 load pin(s).
Netlist sorting complete. Time (s): cpu = 00:00:00 ; elapsed = 00:00:00 . Memory (MB): peak = 3214.039 ; gain = 0.000 ; free physical = 3232 ; free virtual = 42915
INFO: [Project 1-111] Unisim Transformation Summary:
  A total of 9 instances were transformed.
  FDR => FDRE: 8 instances
  SRL16 => SRL16E: 1 instance 

Synth Design complete, checksum: 1d714861
INFO: [Common 17-83] Releasing license: Synthesis
44 Infos, 11 Warnings, 0 Critical Warnings and 0 Errors encountered.
synth_design completed successfully
synth_design: Time (s): cpu = 00:00:49 ; elapsed = 00:01:26 . Memory (MB): peak = 3214.039 ; gain = 476.488 ; free physical = 3283 ; free virtual = 43170
INFO: [Common 17-1381] The checkpoint '/home/jashshah/Desktop/Embedded_Lab/Lab_0/jash_project_1/jash_project_1.runs/bd_rst_clk_wiz_1_100M_0_synth_1/bd_rst_clk_wiz_1_100M_0.dcp' has been generated.
INFO: [Coretcl 2-1648] Added synthesis output to IP cache for IP bd_rst_clk_wiz_1_100M_0, cache-ID = 0957d89dc8dab3aa
INFO: [Coretcl 2-1174] Renamed 6 cell refs.
INFO: [Common 17-1381] The checkpoint '/home/jashshah/Desktop/Embedded_Lab/Lab_0/jash_project_1/jash_project_1.runs/bd_rst_clk_wiz_1_100M_0_synth_1/bd_rst_clk_wiz_1_100M_0.dcp' has been generated.
INFO: [runtcl-4] Executing : report_utilization -file bd_rst_clk_wiz_1_100M_0_utilization_synth.rpt -pb bd_rst_clk_wiz_1_100M_0_utilization_synth.pb
INFO: [Common 17-206] Exiting Vivado at Fri Oct 10 16:04:46 2025...
