TRACE::2025-10-30.21:09:31::SCWPlatform::Trying to open the hw design at /home/jashshah/Desktop/Embedded_Lab/Lab_4/workspace/Chicago/hw/bd_wrapper.xsa
TRACE::2025-10-30.21:09:31::SCWPlatform::DSA given /home/jashshah/Desktop/Embedded_Lab/Lab_4/workspace/Chicago/hw/bd_wrapper.xsa
TRACE::2025-10-30.21:09:31::SCWPlatform::DSA absoulate path /home/jashshah/Desktop/Embedded_Lab/Lab_4/workspace/Chicago/hw/bd_wrapper.xsa
TRACE::2025-10-30.21:09:31::SCWPlatform::DSA directory /home/jashshah/Desktop/Embedded_Lab/Lab_4/workspace/Chicago/hw
TRACE::2025-10-30.21:09:31::SCWPlatform:: Platform Path /home/jashshah/Desktop/Embedded_Lab/Lab_4/workspace/Chicago/hw/bd_wrapper.xsa
TRACE::2025-10-30.21:09:31::SCWPlatform:: Unique name xilinx:::0.0
TRACE::2025-10-30.21:09:31::SCWPlatform::Do not have an existing db opened. 
TRACE::2025-10-30.21:09:32::SCWPlatform::Opened new HwDB with name bd_wrapper_0
TRACE::2025-10-30.21:09:32::SCWWriter::formatted JSON is {
	"platformName":	"Chicago",
	"sprVersion":	"2.0",
	"mode":	"gui",
	"dsaType":	"Fixed",
	"platformDesc":	"Chicago",
	"platHandOff":	"/home/jashshah/Desktop/Embedded_Lab/Lab_4/bd_wrapper.xsa",
	"platIntHandOff":	"<platformDir>/hw/bd_wrapper.xsa",
	"deviceType":	"FPGA",
	"platIsPrebuiltAutogen":	"false",
	"platIsNoBootBsp":	"false",
	"hasFsblMakeHasChanges":	"false",
	"hasPmufwMakeHasChanges":	"false",
	"platPreBuiltFlag":	false,
	"platformSamplesDir":	""
}
TRACE::2025-10-30.21:09:32::SCWWriter::formatted JSON is {
	"platformName":	"Chicago",
	"sprVersion":	"2.0",
	"mode":	"gui",
	"dsaType":	"Fixed",
	"platformDesc":	"Chicago",
	"platHandOff":	"/home/jashshah/Desktop/Embedded_Lab/Lab_4/bd_wrapper.xsa",
	"platIntHandOff":	"<platformDir>/hw/bd_wrapper.xsa",
	"deviceType":	"FPGA",
	"platIsPrebuiltAutogen":	"false",
	"platIsNoBootBsp":	"false",
	"hasFsblMakeHasChanges":	"false",
	"hasPmufwMakeHasChanges":	"false",
	"platPreBuiltFlag":	false,
	"platformSamplesDir":	"",
	"platActiveSys":	"Chicago",
	"systems":	[{
			"systemName":	"Chicago",
			"systemDesc":	"Chicago",
			"sysIsBootAutoGen":	"true",
			"systemDispName":	"Chicago"
		}]
}
TRACE::2025-10-30.21:09:32::SCWPlatform::Boot application domains not present, creating them
TRACE::2025-10-30.21:09:32::SCWPlatform::Pure FPGA device, no boot application will be created.
TRACE::2025-10-30.21:09:32::SCWWriter::formatted JSON is {
	"platformName":	"Chicago",
	"sprVersion":	"2.0",
	"mode":	"gui",
	"dsaType":	"Fixed",
	"platformDesc":	"Chicago",
	"platHandOff":	"/home/jashshah/Desktop/Embedded_Lab/Lab_4/bd_wrapper.xsa",
	"platIntHandOff":	"<platformDir>/hw/bd_wrapper.xsa",
	"deviceType":	"FPGA",
	"platIsPrebuiltAutogen":	"false",
	"platIsNoBootBsp":	"false",
	"hasFsblMakeHasChanges":	"false",
	"hasPmufwMakeHasChanges":	"false",
	"platPreBuiltFlag":	false,
	"platformSamplesDir":	"",
	"platActiveSys":	"Chicago",
	"systems":	[{
			"systemName":	"Chicago",
			"systemDesc":	"Chicago",
			"sysIsBootAutoGen":	"true",
			"systemDispName":	"Chicago"
		}]
}
TRACE::2025-10-30.21:09:32::SCWPlatform::Trying to open the hw design at /home/jashshah/Desktop/Embedded_Lab/Lab_4/workspace/Chicago/hw/bd_wrapper.xsa
TRACE::2025-10-30.21:09:32::SCWPlatform::DSA given /home/jashshah/Desktop/Embedded_Lab/Lab_4/workspace/Chicago/hw/bd_wrapper.xsa
TRACE::2025-10-30.21:09:32::SCWPlatform::DSA absoulate path /home/jashshah/Desktop/Embedded_Lab/Lab_4/workspace/Chicago/hw/bd_wrapper.xsa
TRACE::2025-10-30.21:09:32::SCWPlatform::DSA directory /home/jashshah/Desktop/Embedded_Lab/Lab_4/workspace/Chicago/hw
TRACE::2025-10-30.21:09:32::SCWPlatform:: Platform Path /home/jashshah/Desktop/Embedded_Lab/Lab_4/workspace/Chicago/hw/bd_wrapper.xsa
TRACE::2025-10-30.21:09:32::SCWPlatform:: Unique name xilinx:::0.0
TRACE::2025-10-30.21:09:32::SCWPlatform::Trying to set the existing hwdb with name bd_wrapper_0
TRACE::2025-10-30.21:09:32::SCWPlatform::Opened existing hwdb bd_wrapper_0
TRACE::2025-10-30.21:09:32::SCWPlatform::Found the Hw Db part of the input DSA
TRACE::2025-10-30.21:09:32::SCWPlatform::Trying to open the hw design at /home/jashshah/Desktop/Embedded_Lab/Lab_4/workspace/Chicago/hw/bd_wrapper.xsa
TRACE::2025-10-30.21:09:32::SCWPlatform::DSA given /home/jashshah/Desktop/Embedded_Lab/Lab_4/workspace/Chicago/hw/bd_wrapper.xsa
TRACE::2025-10-30.21:09:32::SCWPlatform::DSA absoulate path /home/jashshah/Desktop/Embedded_Lab/Lab_4/workspace/Chicago/hw/bd_wrapper.xsa
TRACE::2025-10-30.21:09:32::SCWPlatform::DSA directory /home/jashshah/Desktop/Embedded_Lab/Lab_4/workspace/Chicago/hw
TRACE::2025-10-30.21:09:32::SCWPlatform:: Platform Path /home/jashshah/Desktop/Embedded_Lab/Lab_4/workspace/Chicago/hw/bd_wrapper.xsa
TRACE::2025-10-30.21:09:33::SCWPlatform:: Unique name xilinx:::0.0
TRACE::2025-10-30.21:09:33::SCWPlatform::Trying to set the existing hwdb with name bd_wrapper_0
TRACE::2025-10-30.21:09:33::SCWPlatform::Opened existing hwdb bd_wrapper_0
TRACE::2025-10-30.21:09:33::SCWPlatform::Found the Hw Db part of the input DSA
TRACE::2025-10-30.21:09:33::SCWPlatform::Trying to open the hw design at /home/jashshah/Desktop/Embedded_Lab/Lab_4/workspace/Chicago/hw/bd_wrapper.xsa
TRACE::2025-10-30.21:09:33::SCWPlatform::DSA given /home/jashshah/Desktop/Embedded_Lab/Lab_4/workspace/Chicago/hw/bd_wrapper.xsa
TRACE::2025-10-30.21:09:33::SCWPlatform::DSA absoulate path /home/jashshah/Desktop/Embedded_Lab/Lab_4/workspace/Chicago/hw/bd_wrapper.xsa
TRACE::2025-10-30.21:09:33::SCWPlatform::DSA directory /home/jashshah/Desktop/Embedded_Lab/Lab_4/workspace/Chicago/hw
TRACE::2025-10-30.21:09:33::SCWPlatform:: Platform Path /home/jashshah/Desktop/Embedded_Lab/Lab_4/workspace/Chicago/hw/bd_wrapper.xsa
TRACE::2025-10-30.21:09:33::SCWPlatform:: Unique name xilinx:::0.0
TRACE::2025-10-30.21:09:33::SCWPlatform::Trying to set the existing hwdb with name bd_wrapper_0
TRACE::2025-10-30.21:09:33::SCWPlatform::Opened existing hwdb bd_wrapper_0
TRACE::2025-10-30.21:09:33::SCWPlatform::Found the Hw Db part of the input DSA
TRACE::2025-10-30.21:09:33::SCWDomain::checking for install qemu data   : 
TRACE::2025-10-30.21:09:33::SCWPlatform::Trying to open the hw design at /home/jashshah/Desktop/Embedded_Lab/Lab_4/workspace/Chicago/hw/bd_wrapper.xsa
TRACE::2025-10-30.21:09:33::SCWPlatform::DSA given /home/jashshah/Desktop/Embedded_Lab/Lab_4/workspace/Chicago/hw/bd_wrapper.xsa
TRACE::2025-10-30.21:09:33::SCWPlatform::DSA absoulate path /home/jashshah/Desktop/Embedded_Lab/Lab_4/workspace/Chicago/hw/bd_wrapper.xsa
TRACE::2025-10-30.21:09:33::SCWPlatform::DSA directory /home/jashshah/Desktop/Embedded_Lab/Lab_4/workspace/Chicago/hw
TRACE::2025-10-30.21:09:33::SCWPlatform:: Platform Path /home/jashshah/Desktop/Embedded_Lab/Lab_4/workspace/Chicago/hw/bd_wrapper.xsa
TRACE::2025-10-30.21:09:33::SCWPlatform:: Unique name xilinx:::0.0
TRACE::2025-10-30.21:09:33::SCWPlatform::Trying to set the existing hwdb with name bd_wrapper_0
TRACE::2025-10-30.21:09:33::SCWPlatform::Opened existing hwdb bd_wrapper_0
TRACE::2025-10-30.21:09:33::SCWPlatform::Found the Hw Db part of the input DSA
TRACE::2025-10-30.21:09:33::SCWPlatform::Trying to open the hw design at /home/jashshah/Desktop/Embedded_Lab/Lab_4/workspace/Chicago/hw/bd_wrapper.xsa
TRACE::2025-10-30.21:09:33::SCWPlatform::DSA given /home/jashshah/Desktop/Embedded_Lab/Lab_4/workspace/Chicago/hw/bd_wrapper.xsa
TRACE::2025-10-30.21:09:33::SCWPlatform::DSA absoulate path /home/jashshah/Desktop/Embedded_Lab/Lab_4/workspace/Chicago/hw/bd_wrapper.xsa
TRACE::2025-10-30.21:09:33::SCWPlatform::DSA directory /home/jashshah/Desktop/Embedded_Lab/Lab_4/workspace/Chicago/hw
TRACE::2025-10-30.21:09:33::SCWPlatform:: Platform Path /home/jashshah/Desktop/Embedded_Lab/Lab_4/workspace/Chicago/hw/bd_wrapper.xsa
TRACE::2025-10-30.21:09:33::SCWPlatform:: Unique name xilinx:::0.0
TRACE::2025-10-30.21:09:33::SCWPlatform::Trying to set the existing hwdb with name bd_wrapper_0
TRACE::2025-10-30.21:09:33::SCWPlatform::Opened existing hwdb bd_wrapper_0
TRACE::2025-10-30.21:09:33::SCWPlatform::Found the Hw Db part of the input DSA
TRACE::2025-10-30.21:09:33::SCWPlatform::Trying to open the hw design at /home/jashshah/Desktop/Embedded_Lab/Lab_4/workspace/Chicago/hw/bd_wrapper.xsa
TRACE::2025-10-30.21:09:33::SCWPlatform::DSA given /home/jashshah/Desktop/Embedded_Lab/Lab_4/workspace/Chicago/hw/bd_wrapper.xsa
TRACE::2025-10-30.21:09:33::SCWPlatform::DSA absoulate path /home/jashshah/Desktop/Embedded_Lab/Lab_4/workspace/Chicago/hw/bd_wrapper.xsa
TRACE::2025-10-30.21:09:33::SCWPlatform::DSA directory /home/jashshah/Desktop/Embedded_Lab/Lab_4/workspace/Chicago/hw
TRACE::2025-10-30.21:09:33::SCWPlatform:: Platform Path /home/jashshah/Desktop/Embedded_Lab/Lab_4/workspace/Chicago/hw/bd_wrapper.xsa
TRACE::2025-10-30.21:09:33::SCWPlatform:: Unique name xilinx:::0.0
TRACE::2025-10-30.21:09:33::SCWPlatform::Trying to set the existing hwdb with name bd_wrapper_0
TRACE::2025-10-30.21:09:33::SCWPlatform::Opened existing hwdb bd_wrapper_0
TRACE::2025-10-30.21:09:33::SCWPlatform::Found the Hw Db part of the input DSA
TRACE::2025-10-30.21:09:33::SCWMssOS::Checking the sw design at  /home/jashshah/Desktop/Embedded_Lab/Lab_4/workspace/Chicago/microblaze_0/standalone_domain/bsp/system.mss
TRACE::2025-10-30.21:09:33::SCWMssOS::DEBUG:  swdes dump  
TRACE::2025-10-30.21:09:33::SCWMssOS::No sw design opened at  /home/jashshah/Desktop/Embedded_Lab/Lab_4/workspace/Chicago/microblaze_0/standalone_domain/bsp/system.mss
TRACE::2025-10-30.21:09:33::SCWMssOS::mss does not exists at /home/jashshah/Desktop/Embedded_Lab/Lab_4/workspace/Chicago/microblaze_0/standalone_domain/bsp/system.mss
TRACE::2025-10-30.21:09:33::SCWMssOS::Creating sw design at  /home/jashshah/Desktop/Embedded_Lab/Lab_4/workspace/Chicago/microblaze_0/standalone_domain/bsp/system.mss
TRACE::2025-10-30.21:09:33::SCWMssOS::Adding the swdes entry, created swdb /home/jashshah/Desktop/Embedded_Lab/Lab_4/workspace/Chicago/microblaze_0/standalone_domain/bsp/system.mss with des name /home/jashshah/Desktop/Embedded_Lab/Lab_4/workspace/Chicago/microblaze_0/standalone_domain/bsp/system.mss
TRACE::2025-10-30.21:09:33::SCWMssOS::updating the scw layer changes to swdes at   /home/jashshah/Desktop/Embedded_Lab/Lab_4/workspace/Chicago/microblaze_0/standalone_domain/bsp/system.mss
TRACE::2025-10-30.21:09:33::SCWMssOS::Writing mss at /home/jashshah/Desktop/Embedded_Lab/Lab_4/workspace/Chicago/microblaze_0/standalone_domain/bsp/system.mss
TRACE::2025-10-30.21:09:33::SCWMssOS::Completed writing the mss file at /home/jashshah/Desktop/Embedded_Lab/Lab_4/workspace/Chicago/microblaze_0/standalone_domain/bsp
TRACE::2025-10-30.21:09:33::SCWMssOS::Picking up changes from newly written mss file into SCW Layer. 
TRACE::2025-10-30.21:09:33::SCWMssOS::Updated the changes from newly written mss file into SCW Layer. 
TRACE::2025-10-30.21:09:33::SCWMssOS::Completed writing the mss file at /home/jashshah/Desktop/Embedded_Lab/Lab_4/workspace/Chicago/microblaze_0/standalone_domain/bsp
TRACE::2025-10-30.21:09:33::SCWMssOS::Forcing BSP Sources regeneration.
TRACE::2025-10-30.21:09:56::SCWMssOS::Saving the mss changes /home/jashshah/Desktop/Embedded_Lab/Lab_4/workspace/Chicago/microblaze_0/standalone_domain/bsp/system.mss
TRACE::2025-10-30.21:09:56::SCWMssOS::Adding the swdes entry, mss present, able to open swdb /home/jashshah/Desktop/Embedded_Lab/Lab_4/workspace/Chicago/microblaze_0/standalone_domain/bsp/system.mss with des name system
TRACE::2025-10-30.21:09:56::SCWMssOS::Writing the mss file completed /home/jashshah/Desktop/Embedded_Lab/Lab_4/workspace/Chicago/microblaze_0/standalone_domain/bsp/system.mss
TRACE::2025-10-30.21:09:56::SCWMssOS::Commit changes completed.
TRACE::2025-10-30.21:09:56::SCWPlatform::Trying to open the hw design at /home/jashshah/Desktop/Embedded_Lab/Lab_4/workspace/Chicago/hw/bd_wrapper.xsa
TRACE::2025-10-30.21:09:56::SCWPlatform::DSA given /home/jashshah/Desktop/Embedded_Lab/Lab_4/workspace/Chicago/hw/bd_wrapper.xsa
TRACE::2025-10-30.21:09:56::SCWPlatform::DSA absoulate path /home/jashshah/Desktop/Embedded_Lab/Lab_4/workspace/Chicago/hw/bd_wrapper.xsa
TRACE::2025-10-30.21:09:56::SCWPlatform::DSA directory /home/jashshah/Desktop/Embedded_Lab/Lab_4/workspace/Chicago/hw
TRACE::2025-10-30.21:09:56::SCWPlatform:: Platform Path /home/jashshah/Desktop/Embedded_Lab/Lab_4/workspace/Chicago/hw/bd_wrapper.xsa
TRACE::2025-10-30.21:09:56::SCWPlatform:: Unique name xilinx:::0.0
TRACE::2025-10-30.21:09:56::SCWPlatform::Trying to set the existing hwdb with name bd_wrapper_0
TRACE::2025-10-30.21:09:56::SCWPlatform::Opened existing hwdb bd_wrapper_0
TRACE::2025-10-30.21:09:56::SCWPlatform::Found the Hw Db part of the input DSA
TRACE::2025-10-30.21:09:56::SCWMssOS::Checking the sw design at  /home/jashshah/Desktop/Embedded_Lab/Lab_4/workspace/Chicago/microblaze_0/standalone_domain/bsp/system.mss
TRACE::2025-10-30.21:09:56::SCWMssOS::DEBUG:  swdes dump  /home/jashshah/Desktop/Embedded_Lab/Lab_4/workspace/Chicago/microblaze_0/standalone_domain/bsp/system.mss|system||

TRACE::2025-10-30.21:09:56::SCWMssOS::Sw design exists and opened at  /home/jashshah/Desktop/Embedded_Lab/Lab_4/workspace/Chicago/microblaze_0/standalone_domain/bsp/system.mss
TRACE::2025-10-30.21:09:56::SCWPlatform::Trying to open the hw design at /home/jashshah/Desktop/Embedded_Lab/Lab_4/workspace/Chicago/hw/bd_wrapper.xsa
TRACE::2025-10-30.21:09:56::SCWPlatform::DSA given /home/jashshah/Desktop/Embedded_Lab/Lab_4/workspace/Chicago/hw/bd_wrapper.xsa
TRACE::2025-10-30.21:09:56::SCWPlatform::DSA absoulate path /home/jashshah/Desktop/Embedded_Lab/Lab_4/workspace/Chicago/hw/bd_wrapper.xsa
TRACE::2025-10-30.21:09:56::SCWPlatform::DSA directory /home/jashshah/Desktop/Embedded_Lab/Lab_4/workspace/Chicago/hw
TRACE::2025-10-30.21:09:56::SCWPlatform:: Platform Path /home/jashshah/Desktop/Embedded_Lab/Lab_4/workspace/Chicago/hw/bd_wrapper.xsa
TRACE::2025-10-30.21:09:56::SCWPlatform:: Unique name xilinx:::0.0
TRACE::2025-10-30.21:09:56::SCWPlatform::Trying to set the existing hwdb with name bd_wrapper_0
TRACE::2025-10-30.21:09:56::SCWPlatform::Opened existing hwdb bd_wrapper_0
TRACE::2025-10-30.21:09:56::SCWPlatform::Found the Hw Db part of the input DSA
TRACE::2025-10-30.21:09:56::SCWMssOS::Checking the sw design at  /home/jashshah/Desktop/Embedded_Lab/Lab_4/workspace/Chicago/microblaze_0/standalone_domain/bsp/system.mss
TRACE::2025-10-30.21:09:56::SCWMssOS::DEBUG:  swdes dump  /home/jashshah/Desktop/Embedded_Lab/Lab_4/workspace/Chicago/microblaze_0/standalone_domain/bsp/system.mss|system||

TRACE::2025-10-30.21:09:56::SCWMssOS::Sw design exists and opened at  /home/jashshah/Desktop/Embedded_Lab/Lab_4/workspace/Chicago/microblaze_0/standalone_domain/bsp/system.mss
TRACE::2025-10-30.21:09:56::SCWPlatform::Trying to open the hw design at /home/jashshah/Desktop/Embedded_Lab/Lab_4/workspace/Chicago/hw/bd_wrapper.xsa
TRACE::2025-10-30.21:09:56::SCWPlatform::DSA given /home/jashshah/Desktop/Embedded_Lab/Lab_4/workspace/Chicago/hw/bd_wrapper.xsa
TRACE::2025-10-30.21:09:56::SCWPlatform::DSA absoulate path /home/jashshah/Desktop/Embedded_Lab/Lab_4/workspace/Chicago/hw/bd_wrapper.xsa
TRACE::2025-10-30.21:09:56::SCWPlatform::DSA directory /home/jashshah/Desktop/Embedded_Lab/Lab_4/workspace/Chicago/hw
TRACE::2025-10-30.21:09:56::SCWPlatform:: Platform Path /home/jashshah/Desktop/Embedded_Lab/Lab_4/workspace/Chicago/hw/bd_wrapper.xsa
TRACE::2025-10-30.21:09:56::SCWPlatform:: Unique name xilinx:::0.0
TRACE::2025-10-30.21:09:56::SCWPlatform::Trying to set the existing hwdb with name bd_wrapper_0
TRACE::2025-10-30.21:09:57::SCWPlatform::Opened existing hwdb bd_wrapper_0
TRACE::2025-10-30.21:09:57::SCWPlatform::Found the Hw Db part of the input DSA
TRACE::2025-10-30.21:09:57::SCWMssOS::Checking the sw design at  /home/jashshah/Desktop/Embedded_Lab/Lab_4/workspace/Chicago/microblaze_0/standalone_domain/bsp/system.mss
TRACE::2025-10-30.21:09:57::SCWMssOS::DEBUG:  swdes dump  /home/jashshah/Desktop/Embedded_Lab/Lab_4/workspace/Chicago/microblaze_0/standalone_domain/bsp/system.mss|system||

TRACE::2025-10-30.21:09:57::SCWMssOS::Sw design exists and opened at  /home/jashshah/Desktop/Embedded_Lab/Lab_4/workspace/Chicago/microblaze_0/standalone_domain/bsp/system.mss
TRACE::2025-10-30.21:09:57::SCWWriter::formatted JSON is {
	"platformName":	"Chicago",
	"sprVersion":	"2.0",
	"mode":	"gui",
	"dsaType":	"Fixed",
	"platformDesc":	"Chicago",
	"platHandOff":	"/home/jashshah/Desktop/Embedded_Lab/Lab_4/bd_wrapper.xsa",
	"platIntHandOff":	"<platformDir>/hw/bd_wrapper.xsa",
	"deviceType":	"FPGA",
	"platIsPrebuiltAutogen":	"false",
	"platIsNoBootBsp":	"false",
	"hasFsblMakeHasChanges":	"false",
	"hasPmufwMakeHasChanges":	"false",
	"platPreBuiltFlag":	false,
	"platformSamplesDir":	"",
	"platActiveSys":	"Chicago",
	"systems":	[{
			"systemName":	"Chicago",
			"systemDesc":	"Chicago",
			"sysIsBootAutoGen":	"true",
			"systemDispName":	"Chicago",
			"sysActiveDom":	"standalone_domain",
			"sysDefaultDom":	"standalone_domain",
			"domains":	[{
					"domainName":	"standalone_domain",
					"domainDispName":	"standalone_domain",
					"domainDesc":	"standalone_domain",
					"processors":	"microblaze_0",
					"os":	"standalone",
					"sdxOs":	"standalone",
					"debugEnable":	"False",
					"domRuntimes":	["cpp"],
					"swRepo":	"",
					"mssOsVer":	"7.7",
					"mssFile":	"",
					"md5Digest":	"9b675eabfc58db0b3fc57bde5bdab55f",
					"compatibleApp":	"",
					"domType":	"mssDomain",
					"arch":	"32-bit",
					"appSettings":	{
						"appCompilerFlags":	"",
						"appLinkerFlags":	""
					},
					"addedLibs":	[],
					"libOptions":	{
						"libsContainingOptions":	[]
					},
					"prebuiltLibs":	{
						"prebuiltIncPath":	[],
						"prebuiltLibPath":	[]
					},
					"isolation":	{
					}
				}]
		}]
}
LOG::2025-10-30.21:09:57::SCWPlatform::Started generating the artifacts platform Chicago
TRACE::2025-10-30.21:09:57::SCWPlatform::Sanity checking of platform is completed
LOG::2025-10-30.21:09:57::SCWPlatform::Started generating the artifacts for system configuration Chicago
LOG::2025-10-30.21:09:57::SCWSystem::Checking the domain standalone_domain
LOG::2025-10-30.21:09:57::SCWSystem::Not a boot domain 
LOG::2025-10-30.21:09:57::SCWSystem::Started Processing the domain standalone_domain
TRACE::2025-10-30.21:09:57::SCWDomain::Generating domain artifcats
TRACE::2025-10-30.21:09:57::SCWMssOS::Generating standalone artifcats
TRACE::2025-10-30.21:09:57::SCWMssOS:: Copying the user libraries. 
TRACE::2025-10-30.21:09:57::SCWPlatform::Trying to open the hw design at /home/jashshah/Desktop/Embedded_Lab/Lab_4/workspace/Chicago/hw/bd_wrapper.xsa
TRACE::2025-10-30.21:09:57::SCWPlatform::DSA given /home/jashshah/Desktop/Embedded_Lab/Lab_4/workspace/Chicago/hw/bd_wrapper.xsa
TRACE::2025-10-30.21:09:57::SCWPlatform::DSA absoulate path /home/jashshah/Desktop/Embedded_Lab/Lab_4/workspace/Chicago/hw/bd_wrapper.xsa
TRACE::2025-10-30.21:09:57::SCWPlatform::DSA directory /home/jashshah/Desktop/Embedded_Lab/Lab_4/workspace/Chicago/hw
TRACE::2025-10-30.21:09:57::SCWPlatform:: Platform Path /home/jashshah/Desktop/Embedded_Lab/Lab_4/workspace/Chicago/hw/bd_wrapper.xsa
TRACE::2025-10-30.21:09:57::SCWPlatform:: Unique name xilinx:::0.0
TRACE::2025-10-30.21:09:57::SCWPlatform::Trying to set the existing hwdb with name bd_wrapper_0
TRACE::2025-10-30.21:09:57::SCWPlatform::Opened existing hwdb bd_wrapper_0
TRACE::2025-10-30.21:09:57::SCWPlatform::Found the Hw Db part of the input DSA
TRACE::2025-10-30.21:09:57::SCWMssOS::Checking the sw design at  /home/jashshah/Desktop/Embedded_Lab/Lab_4/workspace/Chicago/microblaze_0/standalone_domain/bsp/system.mss
TRACE::2025-10-30.21:09:57::SCWMssOS::DEBUG:  swdes dump  /home/jashshah/Desktop/Embedded_Lab/Lab_4/workspace/Chicago/microblaze_0/standalone_domain/bsp/system.mss|system||

TRACE::2025-10-30.21:09:57::SCWMssOS::Sw design exists and opened at  /home/jashshah/Desktop/Embedded_Lab/Lab_4/workspace/Chicago/microblaze_0/standalone_domain/bsp/system.mss
TRACE::2025-10-30.21:09:57::SCWMssOS::Completed writing the mss file at /home/jashshah/Desktop/Embedded_Lab/Lab_4/workspace/Chicago/microblaze_0/standalone_domain/bsp
TRACE::2025-10-30.21:09:57::SCWMssOS::Mss edits present, copying mssfile into export location /home/jashshah/Desktop/Embedded_Lab/Lab_4/workspace/Chicago/microblaze_0/standalone_domain/bsp/system.mss
TRACE::2025-10-30.21:09:57::SCWMssOS::bsp generated is upto date with the mss file. Skipping bsp generation.
TRACE::2025-10-30.21:09:57::SCWMssOS::BSP is already built. skipping the bsp build ... 
TRACE::2025-10-30.21:09:57::SCWDomain::Skipping the build for domain :  standalone_domain
TRACE::2025-10-30.21:09:57::SCWMssOS::skipping the bsp build ... 
TRACE::2025-10-30.21:09:57::SCWMssOS::Copying to export directory.
TRACE::2025-10-30.21:09:57::SCWMssOS:: Checking if to create the Supporting Applications
TRACE::2025-10-30.21:09:57::SCWMssOS:: No Linux domain exists, trying to generate FSBL 
LOG::2025-10-30.21:09:57::SCWSystem::Completed Processing the domain standalone_domain
LOG::2025-10-30.21:09:57::SCWSystem::Completed Processing the sysconfig Chicago
LOG::2025-10-30.21:09:57::SCWPlatform::Completed generating the artifacts for system configuration Chicago
TRACE::2025-10-30.21:09:57::SCWPlatform::Started preparing the platform 
TRACE::2025-10-30.21:09:57::SCWSystem::Writing the bif file for system config Chicago
TRACE::2025-10-30.21:09:57::SCWSystem::dir created 
TRACE::2025-10-30.21:09:57::SCWSystem::Writing the bif 
TRACE::2025-10-30.21:09:57::SCWPlatform::Started writing the spfm file 
TRACE::2025-10-30.21:09:57::SCWPlatform::Started writing the xpfm file 
TRACE::2025-10-30.21:09:57::SCWPlatform::Completed generating the platform
TRACE::2025-10-30.21:09:57::SCWMssOS::Saving the mss changes /home/jashshah/Desktop/Embedded_Lab/Lab_4/workspace/Chicago/microblaze_0/standalone_domain/bsp/system.mss
TRACE::2025-10-30.21:09:57::SCWMssOS::Found a swdesign opened with the mssfile.
TRACE::2025-10-30.21:09:57::SCWMssOS::Completed writemss as part of save.
TRACE::2025-10-30.21:09:57::SCWMssOS::Commit changes completed.
TRACE::2025-10-30.21:09:57::SCWPlatform::Trying to open the hw design at /home/jashshah/Desktop/Embedded_Lab/Lab_4/workspace/Chicago/hw/bd_wrapper.xsa
TRACE::2025-10-30.21:09:57::SCWPlatform::DSA given /home/jashshah/Desktop/Embedded_Lab/Lab_4/workspace/Chicago/hw/bd_wrapper.xsa
TRACE::2025-10-30.21:09:57::SCWPlatform::DSA absoulate path /home/jashshah/Desktop/Embedded_Lab/Lab_4/workspace/Chicago/hw/bd_wrapper.xsa
TRACE::2025-10-30.21:09:57::SCWPlatform::DSA directory /home/jashshah/Desktop/Embedded_Lab/Lab_4/workspace/Chicago/hw
TRACE::2025-10-30.21:09:57::SCWPlatform:: Platform Path /home/jashshah/Desktop/Embedded_Lab/Lab_4/workspace/Chicago/hw/bd_wrapper.xsa
TRACE::2025-10-30.21:09:58::SCWPlatform:: Unique name xilinx:::0.0
TRACE::2025-10-30.21:09:58::SCWPlatform::Trying to set the existing hwdb with name bd_wrapper_0
TRACE::2025-10-30.21:09:58::SCWPlatform::Opened existing hwdb bd_wrapper_0
TRACE::2025-10-30.21:09:58::SCWPlatform::Found the Hw Db part of the input DSA
TRACE::2025-10-30.21:09:58::SCWMssOS::Checking the sw design at  /home/jashshah/Desktop/Embedded_Lab/Lab_4/workspace/Chicago/microblaze_0/standalone_domain/bsp/system.mss
TRACE::2025-10-30.21:09:58::SCWMssOS::DEBUG:  swdes dump  /home/jashshah/Desktop/Embedded_Lab/Lab_4/workspace/Chicago/microblaze_0/standalone_domain/bsp/system.mss|system||

TRACE::2025-10-30.21:09:58::SCWMssOS::Sw design exists and opened at  /home/jashshah/Desktop/Embedded_Lab/Lab_4/workspace/Chicago/microblaze_0/standalone_domain/bsp/system.mss
TRACE::2025-10-30.21:09:58::SCWPlatform::Trying to open the hw design at /home/jashshah/Desktop/Embedded_Lab/Lab_4/workspace/Chicago/hw/bd_wrapper.xsa
TRACE::2025-10-30.21:09:58::SCWPlatform::DSA given /home/jashshah/Desktop/Embedded_Lab/Lab_4/workspace/Chicago/hw/bd_wrapper.xsa
TRACE::2025-10-30.21:09:58::SCWPlatform::DSA absoulate path /home/jashshah/Desktop/Embedded_Lab/Lab_4/workspace/Chicago/hw/bd_wrapper.xsa
TRACE::2025-10-30.21:09:58::SCWPlatform::DSA directory /home/jashshah/Desktop/Embedded_Lab/Lab_4/workspace/Chicago/hw
TRACE::2025-10-30.21:09:58::SCWPlatform:: Platform Path /home/jashshah/Desktop/Embedded_Lab/Lab_4/workspace/Chicago/hw/bd_wrapper.xsa
TRACE::2025-10-30.21:09:58::SCWPlatform:: Unique name xilinx:::0.0
TRACE::2025-10-30.21:09:58::SCWPlatform::Trying to set the existing hwdb with name bd_wrapper_0
TRACE::2025-10-30.21:09:58::SCWPlatform::Opened existing hwdb bd_wrapper_0
TRACE::2025-10-30.21:09:58::SCWPlatform::Found the Hw Db part of the input DSA
TRACE::2025-10-30.21:09:58::SCWMssOS::Checking the sw design at  /home/jashshah/Desktop/Embedded_Lab/Lab_4/workspace/Chicago/microblaze_0/standalone_domain/bsp/system.mss
TRACE::2025-10-30.21:09:58::SCWMssOS::DEBUG:  swdes dump  /home/jashshah/Desktop/Embedded_Lab/Lab_4/workspace/Chicago/microblaze_0/standalone_domain/bsp/system.mss|system||

TRACE::2025-10-30.21:09:58::SCWMssOS::Sw design exists and opened at  /home/jashshah/Desktop/Embedded_Lab/Lab_4/workspace/Chicago/microblaze_0/standalone_domain/bsp/system.mss
TRACE::2025-10-30.21:09:58::SCWPlatform::Trying to open the hw design at /home/jashshah/Desktop/Embedded_Lab/Lab_4/workspace/Chicago/hw/bd_wrapper.xsa
TRACE::2025-10-30.21:09:58::SCWPlatform::DSA given /home/jashshah/Desktop/Embedded_Lab/Lab_4/workspace/Chicago/hw/bd_wrapper.xsa
TRACE::2025-10-30.21:09:58::SCWPlatform::DSA absoulate path /home/jashshah/Desktop/Embedded_Lab/Lab_4/workspace/Chicago/hw/bd_wrapper.xsa
TRACE::2025-10-30.21:09:58::SCWPlatform::DSA directory /home/jashshah/Desktop/Embedded_Lab/Lab_4/workspace/Chicago/hw
TRACE::2025-10-30.21:09:58::SCWPlatform:: Platform Path /home/jashshah/Desktop/Embedded_Lab/Lab_4/workspace/Chicago/hw/bd_wrapper.xsa
TRACE::2025-10-30.21:09:58::SCWPlatform:: Unique name xilinx:::0.0
TRACE::2025-10-30.21:09:58::SCWPlatform::Trying to set the existing hwdb with name bd_wrapper_0
TRACE::2025-10-30.21:09:58::SCWPlatform::Opened existing hwdb bd_wrapper_0
TRACE::2025-10-30.21:09:58::SCWPlatform::Found the Hw Db part of the input DSA
TRACE::2025-10-30.21:09:58::SCWMssOS::Checking the sw design at  /home/jashshah/Desktop/Embedded_Lab/Lab_4/workspace/Chicago/microblaze_0/standalone_domain/bsp/system.mss
TRACE::2025-10-30.21:09:58::SCWMssOS::DEBUG:  swdes dump  /home/jashshah/Desktop/Embedded_Lab/Lab_4/workspace/Chicago/microblaze_0/standalone_domain/bsp/system.mss|system||

TRACE::2025-10-30.21:09:58::SCWMssOS::Sw design exists and opened at  /home/jashshah/Desktop/Embedded_Lab/Lab_4/workspace/Chicago/microblaze_0/standalone_domain/bsp/system.mss
TRACE::2025-10-30.21:09:58::SCWWriter::formatted JSON is {
	"platformName":	"Chicago",
	"sprVersion":	"2.0",
	"mode":	"gui",
	"dsaType":	"Fixed",
	"platformDesc":	"Chicago",
	"platHandOff":	"/home/jashshah/Desktop/Embedded_Lab/Lab_4/bd_wrapper.xsa",
	"platIntHandOff":	"<platformDir>/hw/bd_wrapper.xsa",
	"deviceType":	"FPGA",
	"platIsPrebuiltAutogen":	"false",
	"platIsNoBootBsp":	"false",
	"hasFsblMakeHasChanges":	"false",
	"hasPmufwMakeHasChanges":	"false",
	"platPreBuiltFlag":	false,
	"platformSamplesDir":	"",
	"platActiveSys":	"Chicago",
	"systems":	[{
			"systemName":	"Chicago",
			"systemDesc":	"Chicago",
			"sysIsBootAutoGen":	"true",
			"systemDispName":	"Chicago",
			"sysActiveDom":	"standalone_domain",
			"sysDefaultDom":	"standalone_domain",
			"domains":	[{
					"domainName":	"standalone_domain",
					"domainDispName":	"standalone_domain",
					"domainDesc":	"standalone_domain",
					"processors":	"microblaze_0",
					"os":	"standalone",
					"sdxOs":	"standalone",
					"debugEnable":	"False",
					"domRuntimes":	["cpp"],
					"swRepo":	"",
					"mssOsVer":	"7.7",
					"mssFile":	"",
					"md5Digest":	"9b675eabfc58db0b3fc57bde5bdab55f",
					"compatibleApp":	"",
					"domType":	"mssDomain",
					"arch":	"32-bit",
					"appSettings":	{
						"appCompilerFlags":	"",
						"appLinkerFlags":	""
					},
					"addedLibs":	[],
					"libOptions":	{
						"libsContainingOptions":	[]
					},
					"prebuiltLibs":	{
						"prebuiltIncPath":	[],
						"prebuiltLibPath":	[]
					},
					"isolation":	{
					}
				}]
		}]
}
KEYINFO::2025-10-30.21:09:58::SCWPlatform::updated the xpfm file.
TRACE::2025-10-30.21:09:58::SCWPlatform::Trying to open the hw design at /home/jashshah/Desktop/Embedded_Lab/Lab_4/workspace/Chicago/hw/bd_wrapper.xsa
TRACE::2025-10-30.21:09:58::SCWPlatform::DSA given /home/jashshah/Desktop/Embedded_Lab/Lab_4/workspace/Chicago/hw/bd_wrapper.xsa
TRACE::2025-10-30.21:09:58::SCWPlatform::DSA absoulate path /home/jashshah/Desktop/Embedded_Lab/Lab_4/workspace/Chicago/hw/bd_wrapper.xsa
TRACE::2025-10-30.21:09:58::SCWPlatform::DSA directory /home/jashshah/Desktop/Embedded_Lab/Lab_4/workspace/Chicago/hw
TRACE::2025-10-30.21:09:58::SCWPlatform:: Platform Path /home/jashshah/Desktop/Embedded_Lab/Lab_4/workspace/Chicago/hw/bd_wrapper.xsa
TRACE::2025-10-30.21:09:58::SCWPlatform:: Unique name xilinx:::0.0
TRACE::2025-10-30.21:09:58::SCWPlatform::Trying to set the existing hwdb with name bd_wrapper_0
TRACE::2025-10-30.21:09:58::SCWPlatform::Opened existing hwdb bd_wrapper_0
TRACE::2025-10-30.21:09:58::SCWPlatform::Found the Hw Db part of the input DSA
TRACE::2025-10-30.21:09:58::SCWMssOS::Checking the sw design at  /home/jashshah/Desktop/Embedded_Lab/Lab_4/workspace/Chicago/microblaze_0/standalone_domain/bsp/system.mss
TRACE::2025-10-30.21:09:58::SCWMssOS::DEBUG:  swdes dump  /home/jashshah/Desktop/Embedded_Lab/Lab_4/workspace/Chicago/microblaze_0/standalone_domain/bsp/system.mss|system||

TRACE::2025-10-30.21:09:58::SCWMssOS::Sw design exists and opened at  /home/jashshah/Desktop/Embedded_Lab/Lab_4/workspace/Chicago/microblaze_0/standalone_domain/bsp/system.mss
TRACE::2025-10-30.21:09:58::SCWMssOS::Saving the mss changes /home/jashshah/Desktop/Embedded_Lab/Lab_4/workspace/Chicago/microblaze_0/standalone_domain/bsp/system.mss
TRACE::2025-10-30.21:09:58::SCWMssOS::Found a swdesign opened with the mssfile.
TRACE::2025-10-30.21:09:58::SCWMssOS::Completed writemss as part of save.
TRACE::2025-10-30.21:09:58::SCWMssOS::Commit changes completed.
TRACE::2025-10-30.21:09:58::SCWPlatform::Trying to open the hw design at /home/jashshah/Desktop/Embedded_Lab/Lab_4/workspace/Chicago/hw/bd_wrapper.xsa
TRACE::2025-10-30.21:09:58::SCWPlatform::DSA given /home/jashshah/Desktop/Embedded_Lab/Lab_4/workspace/Chicago/hw/bd_wrapper.xsa
TRACE::2025-10-30.21:09:58::SCWPlatform::DSA absoulate path /home/jashshah/Desktop/Embedded_Lab/Lab_4/workspace/Chicago/hw/bd_wrapper.xsa
TRACE::2025-10-30.21:09:59::SCWPlatform::DSA directory /home/jashshah/Desktop/Embedded_Lab/Lab_4/workspace/Chicago/hw
TRACE::2025-10-30.21:09:59::SCWPlatform:: Platform Path /home/jashshah/Desktop/Embedded_Lab/Lab_4/workspace/Chicago/hw/bd_wrapper.xsa
TRACE::2025-10-30.21:09:59::SCWPlatform:: Unique name xilinx:::0.0
TRACE::2025-10-30.21:09:59::SCWPlatform::Trying to set the existing hwdb with name bd_wrapper_0
TRACE::2025-10-30.21:09:59::SCWPlatform::Opened existing hwdb bd_wrapper_0
TRACE::2025-10-30.21:09:59::SCWPlatform::Found the Hw Db part of the input DSA
TRACE::2025-10-30.21:09:59::SCWMssOS::Checking the sw design at  /home/jashshah/Desktop/Embedded_Lab/Lab_4/workspace/Chicago/microblaze_0/standalone_domain/bsp/system.mss
TRACE::2025-10-30.21:09:59::SCWMssOS::DEBUG:  swdes dump  /home/jashshah/Desktop/Embedded_Lab/Lab_4/workspace/Chicago/microblaze_0/standalone_domain/bsp/system.mss|system||

TRACE::2025-10-30.21:09:59::SCWMssOS::Sw design exists and opened at  /home/jashshah/Desktop/Embedded_Lab/Lab_4/workspace/Chicago/microblaze_0/standalone_domain/bsp/system.mss
TRACE::2025-10-30.21:09:59::SCWPlatform::Trying to open the hw design at /home/jashshah/Desktop/Embedded_Lab/Lab_4/workspace/Chicago/hw/bd_wrapper.xsa
TRACE::2025-10-30.21:09:59::SCWPlatform::DSA given /home/jashshah/Desktop/Embedded_Lab/Lab_4/workspace/Chicago/hw/bd_wrapper.xsa
TRACE::2025-10-30.21:09:59::SCWPlatform::DSA absoulate path /home/jashshah/Desktop/Embedded_Lab/Lab_4/workspace/Chicago/hw/bd_wrapper.xsa
TRACE::2025-10-30.21:09:59::SCWPlatform::DSA directory /home/jashshah/Desktop/Embedded_Lab/Lab_4/workspace/Chicago/hw
TRACE::2025-10-30.21:09:59::SCWPlatform:: Platform Path /home/jashshah/Desktop/Embedded_Lab/Lab_4/workspace/Chicago/hw/bd_wrapper.xsa
TRACE::2025-10-30.21:09:59::SCWPlatform:: Unique name xilinx:::0.0
TRACE::2025-10-30.21:09:59::SCWPlatform::Trying to set the existing hwdb with name bd_wrapper_0
TRACE::2025-10-30.21:09:59::SCWPlatform::Opened existing hwdb bd_wrapper_0
TRACE::2025-10-30.21:09:59::SCWPlatform::Found the Hw Db part of the input DSA
TRACE::2025-10-30.21:09:59::SCWMssOS::Checking the sw design at  /home/jashshah/Desktop/Embedded_Lab/Lab_4/workspace/Chicago/microblaze_0/standalone_domain/bsp/system.mss
TRACE::2025-10-30.21:09:59::SCWMssOS::DEBUG:  swdes dump  /home/jashshah/Desktop/Embedded_Lab/Lab_4/workspace/Chicago/microblaze_0/standalone_domain/bsp/system.mss|system||

TRACE::2025-10-30.21:09:59::SCWMssOS::Sw design exists and opened at  /home/jashshah/Desktop/Embedded_Lab/Lab_4/workspace/Chicago/microblaze_0/standalone_domain/bsp/system.mss
TRACE::2025-10-30.21:09:59::SCWPlatform::Trying to open the hw design at /home/jashshah/Desktop/Embedded_Lab/Lab_4/workspace/Chicago/hw/bd_wrapper.xsa
TRACE::2025-10-30.21:09:59::SCWPlatform::DSA given /home/jashshah/Desktop/Embedded_Lab/Lab_4/workspace/Chicago/hw/bd_wrapper.xsa
TRACE::2025-10-30.21:09:59::SCWPlatform::DSA absoulate path /home/jashshah/Desktop/Embedded_Lab/Lab_4/workspace/Chicago/hw/bd_wrapper.xsa
TRACE::2025-10-30.21:09:59::SCWPlatform::DSA directory /home/jashshah/Desktop/Embedded_Lab/Lab_4/workspace/Chicago/hw
TRACE::2025-10-30.21:09:59::SCWPlatform:: Platform Path /home/jashshah/Desktop/Embedded_Lab/Lab_4/workspace/Chicago/hw/bd_wrapper.xsa
TRACE::2025-10-30.21:09:59::SCWPlatform:: Unique name xilinx:::0.0
TRACE::2025-10-30.21:09:59::SCWPlatform::Trying to set the existing hwdb with name bd_wrapper_0
TRACE::2025-10-30.21:09:59::SCWPlatform::Opened existing hwdb bd_wrapper_0
TRACE::2025-10-30.21:09:59::SCWPlatform::Found the Hw Db part of the input DSA
TRACE::2025-10-30.21:09:59::SCWMssOS::Checking the sw design at  /home/jashshah/Desktop/Embedded_Lab/Lab_4/workspace/Chicago/microblaze_0/standalone_domain/bsp/system.mss
TRACE::2025-10-30.21:09:59::SCWMssOS::DEBUG:  swdes dump  /home/jashshah/Desktop/Embedded_Lab/Lab_4/workspace/Chicago/microblaze_0/standalone_domain/bsp/system.mss|system||

TRACE::2025-10-30.21:09:59::SCWMssOS::Sw design exists and opened at  /home/jashshah/Desktop/Embedded_Lab/Lab_4/workspace/Chicago/microblaze_0/standalone_domain/bsp/system.mss
TRACE::2025-10-30.21:09:59::SCWWriter::formatted JSON is {
	"platformName":	"Chicago",
	"sprVersion":	"2.0",
	"mode":	"gui",
	"dsaType":	"Fixed",
	"platformDesc":	"Chicago",
	"platHandOff":	"/home/jashshah/Desktop/Embedded_Lab/Lab_4/bd_wrapper.xsa",
	"platIntHandOff":	"<platformDir>/hw/bd_wrapper.xsa",
	"deviceType":	"FPGA",
	"platIsPrebuiltAutogen":	"false",
	"platIsNoBootBsp":	"false",
	"hasFsblMakeHasChanges":	"false",
	"hasPmufwMakeHasChanges":	"false",
	"platPreBuiltFlag":	false,
	"platformSamplesDir":	"",
	"platActiveSys":	"Chicago",
	"systems":	[{
			"systemName":	"Chicago",
			"systemDesc":	"Chicago",
			"sysIsBootAutoGen":	"true",
			"systemDispName":	"Chicago",
			"sysActiveDom":	"standalone_domain",
			"sysDefaultDom":	"standalone_domain",
			"domains":	[{
					"domainName":	"standalone_domain",
					"domainDispName":	"standalone_domain",
					"domainDesc":	"standalone_domain",
					"processors":	"microblaze_0",
					"os":	"standalone",
					"sdxOs":	"standalone",
					"debugEnable":	"False",
					"domRuntimes":	["cpp"],
					"swRepo":	"",
					"mssOsVer":	"7.7",
					"mssFile":	"",
					"md5Digest":	"9b675eabfc58db0b3fc57bde5bdab55f",
					"compatibleApp":	"",
					"domType":	"mssDomain",
					"arch":	"32-bit",
					"appSettings":	{
						"appCompilerFlags":	"",
						"appLinkerFlags":	""
					},
					"addedLibs":	[],
					"libOptions":	{
						"libsContainingOptions":	[]
					},
					"prebuiltLibs":	{
						"prebuiltIncPath":	[],
						"prebuiltLibPath":	[]
					},
					"isolation":	{
					}
				}]
		}]
}
TRACE::2025-10-30.21:09:59::SCWPlatform::Trying to open the hw design at /home/jashshah/Desktop/Embedded_Lab/Lab_4/workspace/Chicago/hw/bd_wrapper.xsa
TRACE::2025-10-30.21:09:59::SCWPlatform::DSA given /home/jashshah/Desktop/Embedded_Lab/Lab_4/workspace/Chicago/hw/bd_wrapper.xsa
TRACE::2025-10-30.21:09:59::SCWPlatform::DSA absoulate path /home/jashshah/Desktop/Embedded_Lab/Lab_4/workspace/Chicago/hw/bd_wrapper.xsa
TRACE::2025-10-30.21:09:59::SCWPlatform::DSA directory /home/jashshah/Desktop/Embedded_Lab/Lab_4/workspace/Chicago/hw
TRACE::2025-10-30.21:09:59::SCWPlatform:: Platform Path /home/jashshah/Desktop/Embedded_Lab/Lab_4/workspace/Chicago/hw/bd_wrapper.xsa
TRACE::2025-10-30.21:09:59::SCWPlatform:: Unique name xilinx:::0.0
TRACE::2025-10-30.21:09:59::SCWPlatform::Trying to set the existing hwdb with name bd_wrapper_0
TRACE::2025-10-30.21:09:59::SCWPlatform::Opened existing hwdb bd_wrapper_0
TRACE::2025-10-30.21:09:59::SCWPlatform::Found the Hw Db part of the input DSA
TRACE::2025-10-30.21:09:59::SCWMssOS::Checking the sw design at  /home/jashshah/Desktop/Embedded_Lab/Lab_4/workspace/Chicago/microblaze_0/standalone_domain/bsp/system.mss
TRACE::2025-10-30.21:09:59::SCWMssOS::DEBUG:  swdes dump  /home/jashshah/Desktop/Embedded_Lab/Lab_4/workspace/Chicago/microblaze_0/standalone_domain/bsp/system.mss|system||

TRACE::2025-10-30.21:09:59::SCWMssOS::Sw design exists and opened at  /home/jashshah/Desktop/Embedded_Lab/Lab_4/workspace/Chicago/microblaze_0/standalone_domain/bsp/system.mss
TRACE::2025-10-30.21:09:59::SCWPlatform::Trying to open the hw design at /home/jashshah/Desktop/Embedded_Lab/Lab_4/workspace/Chicago/hw/bd_wrapper.xsa
TRACE::2025-10-30.21:10:00::SCWPlatform::DSA given /home/jashshah/Desktop/Embedded_Lab/Lab_4/workspace/Chicago/hw/bd_wrapper.xsa
TRACE::2025-10-30.21:10:00::SCWPlatform::DSA absoulate path /home/jashshah/Desktop/Embedded_Lab/Lab_4/workspace/Chicago/hw/bd_wrapper.xsa
TRACE::2025-10-30.21:10:00::SCWPlatform::DSA directory /home/jashshah/Desktop/Embedded_Lab/Lab_4/workspace/Chicago/hw
TRACE::2025-10-30.21:10:00::SCWPlatform:: Platform Path /home/jashshah/Desktop/Embedded_Lab/Lab_4/workspace/Chicago/hw/bd_wrapper.xsa
TRACE::2025-10-30.21:10:00::SCWPlatform:: Unique name xilinx:::0.0
TRACE::2025-10-30.21:10:00::SCWPlatform::Trying to set the existing hwdb with name bd_wrapper_0
TRACE::2025-10-30.21:10:00::SCWPlatform::Opened existing hwdb bd_wrapper_0
TRACE::2025-10-30.21:10:00::SCWPlatform::Found the Hw Db part of the input DSA
TRACE::2025-10-30.21:10:00::SCWMssOS::Checking the sw design at  /home/jashshah/Desktop/Embedded_Lab/Lab_4/workspace/Chicago/microblaze_0/standalone_domain/bsp/system.mss
TRACE::2025-10-30.21:10:00::SCWMssOS::DEBUG:  swdes dump  /home/jashshah/Desktop/Embedded_Lab/Lab_4/workspace/Chicago/microblaze_0/standalone_domain/bsp/system.mss|system||

TRACE::2025-10-30.21:10:00::SCWMssOS::Sw design exists and opened at  /home/jashshah/Desktop/Embedded_Lab/Lab_4/workspace/Chicago/microblaze_0/standalone_domain/bsp/system.mss
TRACE::2025-10-30.21:10:00::SCWPlatform::Trying to open the hw design at /home/jashshah/Desktop/Embedded_Lab/Lab_4/workspace/Chicago/hw/bd_wrapper.xsa
TRACE::2025-10-30.21:10:00::SCWPlatform::DSA given /home/jashshah/Desktop/Embedded_Lab/Lab_4/workspace/Chicago/hw/bd_wrapper.xsa
TRACE::2025-10-30.21:10:00::SCWPlatform::DSA absoulate path /home/jashshah/Desktop/Embedded_Lab/Lab_4/workspace/Chicago/hw/bd_wrapper.xsa
TRACE::2025-10-30.21:10:00::SCWPlatform::DSA directory /home/jashshah/Desktop/Embedded_Lab/Lab_4/workspace/Chicago/hw
TRACE::2025-10-30.21:10:00::SCWPlatform:: Platform Path /home/jashshah/Desktop/Embedded_Lab/Lab_4/workspace/Chicago/hw/bd_wrapper.xsa
TRACE::2025-10-30.21:10:00::SCWPlatform:: Unique name xilinx:::0.0
TRACE::2025-10-30.21:10:00::SCWPlatform::Trying to set the existing hwdb with name bd_wrapper_0
TRACE::2025-10-30.21:10:00::SCWPlatform::Opened existing hwdb bd_wrapper_0
TRACE::2025-10-30.21:10:00::SCWPlatform::Found the Hw Db part of the input DSA
TRACE::2025-10-30.21:10:00::SCWMssOS::Checking the sw design at  /home/jashshah/Desktop/Embedded_Lab/Lab_4/workspace/Chicago/microblaze_0/standalone_domain/bsp/system.mss
TRACE::2025-10-30.21:10:00::SCWMssOS::DEBUG:  swdes dump  /home/jashshah/Desktop/Embedded_Lab/Lab_4/workspace/Chicago/microblaze_0/standalone_domain/bsp/system.mss|system||

TRACE::2025-10-30.21:10:00::SCWMssOS::Sw design exists and opened at  /home/jashshah/Desktop/Embedded_Lab/Lab_4/workspace/Chicago/microblaze_0/standalone_domain/bsp/system.mss
TRACE::2025-10-30.21:10:00::SCWMssOS::Saving the mss changes /home/jashshah/Desktop/Embedded_Lab/Lab_4/workspace/Chicago/microblaze_0/standalone_domain/bsp/system.mss
TRACE::2025-10-30.21:10:00::SCWMssOS::Found a swdesign opened with the mssfile.
TRACE::2025-10-30.21:10:00::SCWMssOS::Completed writemss as part of save.
TRACE::2025-10-30.21:10:00::SCWMssOS::Commit changes completed.
TRACE::2025-10-30.21:10:00::SCWPlatform::Trying to open the hw design at /home/jashshah/Desktop/Embedded_Lab/Lab_4/workspace/Chicago/hw/bd_wrapper.xsa
TRACE::2025-10-30.21:10:00::SCWPlatform::DSA given /home/jashshah/Desktop/Embedded_Lab/Lab_4/workspace/Chicago/hw/bd_wrapper.xsa
TRACE::2025-10-30.21:10:00::SCWPlatform::DSA absoulate path /home/jashshah/Desktop/Embedded_Lab/Lab_4/workspace/Chicago/hw/bd_wrapper.xsa
TRACE::2025-10-30.21:10:00::SCWPlatform::DSA directory /home/jashshah/Desktop/Embedded_Lab/Lab_4/workspace/Chicago/hw
TRACE::2025-10-30.21:10:00::SCWPlatform:: Platform Path /home/jashshah/Desktop/Embedded_Lab/Lab_4/workspace/Chicago/hw/bd_wrapper.xsa
TRACE::2025-10-30.21:10:00::SCWPlatform:: Unique name xilinx:::0.0
TRACE::2025-10-30.21:10:00::SCWPlatform::Trying to set the existing hwdb with name bd_wrapper_0
TRACE::2025-10-30.21:10:00::SCWPlatform::Opened existing hwdb bd_wrapper_0
TRACE::2025-10-30.21:10:00::SCWPlatform::Found the Hw Db part of the input DSA
TRACE::2025-10-30.21:10:00::SCWMssOS::Checking the sw design at  /home/jashshah/Desktop/Embedded_Lab/Lab_4/workspace/Chicago/microblaze_0/standalone_domain/bsp/system.mss
TRACE::2025-10-30.21:10:00::SCWMssOS::DEBUG:  swdes dump  /home/jashshah/Desktop/Embedded_Lab/Lab_4/workspace/Chicago/microblaze_0/standalone_domain/bsp/system.mss|system||

TRACE::2025-10-30.21:10:00::SCWMssOS::Sw design exists and opened at  /home/jashshah/Desktop/Embedded_Lab/Lab_4/workspace/Chicago/microblaze_0/standalone_domain/bsp/system.mss
TRACE::2025-10-30.21:10:00::SCWPlatform::Trying to open the hw design at /home/jashshah/Desktop/Embedded_Lab/Lab_4/workspace/Chicago/hw/bd_wrapper.xsa
TRACE::2025-10-30.21:10:00::SCWPlatform::DSA given /home/jashshah/Desktop/Embedded_Lab/Lab_4/workspace/Chicago/hw/bd_wrapper.xsa
TRACE::2025-10-30.21:10:00::SCWPlatform::DSA absoulate path /home/jashshah/Desktop/Embedded_Lab/Lab_4/workspace/Chicago/hw/bd_wrapper.xsa
TRACE::2025-10-30.21:10:00::SCWPlatform::DSA directory /home/jashshah/Desktop/Embedded_Lab/Lab_4/workspace/Chicago/hw
TRACE::2025-10-30.21:10:00::SCWPlatform:: Platform Path /home/jashshah/Desktop/Embedded_Lab/Lab_4/workspace/Chicago/hw/bd_wrapper.xsa
TRACE::2025-10-30.21:10:00::SCWPlatform:: Unique name xilinx:::0.0
TRACE::2025-10-30.21:10:00::SCWPlatform::Trying to set the existing hwdb with name bd_wrapper_0
TRACE::2025-10-30.21:10:00::SCWPlatform::Opened existing hwdb bd_wrapper_0
TRACE::2025-10-30.21:10:00::SCWPlatform::Found the Hw Db part of the input DSA
TRACE::2025-10-30.21:10:00::SCWMssOS::Checking the sw design at  /home/jashshah/Desktop/Embedded_Lab/Lab_4/workspace/Chicago/microblaze_0/standalone_domain/bsp/system.mss
TRACE::2025-10-30.21:10:00::SCWMssOS::DEBUG:  swdes dump  /home/jashshah/Desktop/Embedded_Lab/Lab_4/workspace/Chicago/microblaze_0/standalone_domain/bsp/system.mss|system||

TRACE::2025-10-30.21:10:00::SCWMssOS::Sw design exists and opened at  /home/jashshah/Desktop/Embedded_Lab/Lab_4/workspace/Chicago/microblaze_0/standalone_domain/bsp/system.mss
TRACE::2025-10-30.21:10:00::SCWPlatform::Trying to open the hw design at /home/jashshah/Desktop/Embedded_Lab/Lab_4/workspace/Chicago/hw/bd_wrapper.xsa
TRACE::2025-10-30.21:10:00::SCWPlatform::DSA given /home/jashshah/Desktop/Embedded_Lab/Lab_4/workspace/Chicago/hw/bd_wrapper.xsa
TRACE::2025-10-30.21:10:00::SCWPlatform::DSA absoulate path /home/jashshah/Desktop/Embedded_Lab/Lab_4/workspace/Chicago/hw/bd_wrapper.xsa
TRACE::2025-10-30.21:10:00::SCWPlatform::DSA directory /home/jashshah/Desktop/Embedded_Lab/Lab_4/workspace/Chicago/hw
TRACE::2025-10-30.21:10:00::SCWPlatform:: Platform Path /home/jashshah/Desktop/Embedded_Lab/Lab_4/workspace/Chicago/hw/bd_wrapper.xsa
TRACE::2025-10-30.21:10:00::SCWPlatform:: Unique name xilinx:::0.0
TRACE::2025-10-30.21:10:00::SCWPlatform::Trying to set the existing hwdb with name bd_wrapper_0
TRACE::2025-10-30.21:10:00::SCWPlatform::Opened existing hwdb bd_wrapper_0
TRACE::2025-10-30.21:10:00::SCWPlatform::Found the Hw Db part of the input DSA
TRACE::2025-10-30.21:10:00::SCWMssOS::Checking the sw design at  /home/jashshah/Desktop/Embedded_Lab/Lab_4/workspace/Chicago/microblaze_0/standalone_domain/bsp/system.mss
TRACE::2025-10-30.21:10:00::SCWMssOS::DEBUG:  swdes dump  /home/jashshah/Desktop/Embedded_Lab/Lab_4/workspace/Chicago/microblaze_0/standalone_domain/bsp/system.mss|system||

TRACE::2025-10-30.21:10:00::SCWMssOS::Sw design exists and opened at  /home/jashshah/Desktop/Embedded_Lab/Lab_4/workspace/Chicago/microblaze_0/standalone_domain/bsp/system.mss
TRACE::2025-10-30.21:10:00::SCWWriter::formatted JSON is {
	"platformName":	"Chicago",
	"sprVersion":	"2.0",
	"mode":	"gui",
	"dsaType":	"Fixed",
	"platformDesc":	"Chicago",
	"platHandOff":	"/home/jashshah/Desktop/Embedded_Lab/Lab_4/bd_wrapper.xsa",
	"platIntHandOff":	"<platformDir>/hw/bd_wrapper.xsa",
	"deviceType":	"FPGA",
	"platIsPrebuiltAutogen":	"false",
	"platIsNoBootBsp":	"false",
	"hasFsblMakeHasChanges":	"false",
	"hasPmufwMakeHasChanges":	"false",
	"platPreBuiltFlag":	false,
	"platformSamplesDir":	"",
	"platActiveSys":	"Chicago",
	"systems":	[{
			"systemName":	"Chicago",
			"systemDesc":	"Chicago",
			"sysIsBootAutoGen":	"true",
			"systemDispName":	"Chicago",
			"sysActiveDom":	"standalone_domain",
			"sysDefaultDom":	"standalone_domain",
			"domains":	[{
					"domainName":	"standalone_domain",
					"domainDispName":	"standalone on microblaze_0",
					"domainDesc":	"standalone_domain",
					"processors":	"microblaze_0",
					"os":	"standalone",
					"sdxOs":	"standalone",
					"debugEnable":	"False",
					"domRuntimes":	["cpp"],
					"swRepo":	"",
					"mssOsVer":	"7.7",
					"mssFile":	"",
					"md5Digest":	"9b675eabfc58db0b3fc57bde5bdab55f",
					"compatibleApp":	"",
					"domType":	"mssDomain",
					"arch":	"32-bit",
					"appSettings":	{
						"appCompilerFlags":	"",
						"appLinkerFlags":	""
					},
					"addedLibs":	[],
					"libOptions":	{
						"libsContainingOptions":	[]
					},
					"prebuiltLibs":	{
						"prebuiltIncPath":	[],
						"prebuiltLibPath":	[]
					},
					"isolation":	{
					}
				}]
		}]
}
TRACE::2025-10-30.21:10:00::SCWMssOS::Saving the mss changes /home/jashshah/Desktop/Embedded_Lab/Lab_4/workspace/Chicago/microblaze_0/standalone_domain/bsp/system.mss
TRACE::2025-10-30.21:10:00::SCWMssOS::Found a swdesign opened with the mssfile.
TRACE::2025-10-30.21:10:00::SCWMssOS::Completed writemss as part of save.
TRACE::2025-10-30.21:10:00::SCWMssOS::Commit changes completed.
TRACE::2025-10-30.21:10:00::SCWPlatform::Trying to open the hw design at /home/jashshah/Desktop/Embedded_Lab/Lab_4/workspace/Chicago/hw/bd_wrapper.xsa
TRACE::2025-10-30.21:10:00::SCWPlatform::DSA given /home/jashshah/Desktop/Embedded_Lab/Lab_4/workspace/Chicago/hw/bd_wrapper.xsa
TRACE::2025-10-30.21:10:00::SCWPlatform::DSA absoulate path /home/jashshah/Desktop/Embedded_Lab/Lab_4/workspace/Chicago/hw/bd_wrapper.xsa
TRACE::2025-10-30.21:10:00::SCWPlatform::DSA directory /home/jashshah/Desktop/Embedded_Lab/Lab_4/workspace/Chicago/hw
TRACE::2025-10-30.21:10:00::SCWPlatform:: Platform Path /home/jashshah/Desktop/Embedded_Lab/Lab_4/workspace/Chicago/hw/bd_wrapper.xsa
TRACE::2025-10-30.21:10:00::SCWPlatform:: Unique name xilinx:::0.0
TRACE::2025-10-30.21:10:00::SCWPlatform::Trying to set the existing hwdb with name bd_wrapper_0
TRACE::2025-10-30.21:10:00::SCWPlatform::Opened existing hwdb bd_wrapper_0
TRACE::2025-10-30.21:10:00::SCWPlatform::Found the Hw Db part of the input DSA
TRACE::2025-10-30.21:10:00::SCWMssOS::Checking the sw design at  /home/jashshah/Desktop/Embedded_Lab/Lab_4/workspace/Chicago/microblaze_0/standalone_domain/bsp/system.mss
TRACE::2025-10-30.21:10:00::SCWMssOS::DEBUG:  swdes dump  /home/jashshah/Desktop/Embedded_Lab/Lab_4/workspace/Chicago/microblaze_0/standalone_domain/bsp/system.mss|system||

TRACE::2025-10-30.21:10:00::SCWMssOS::Sw design exists and opened at  /home/jashshah/Desktop/Embedded_Lab/Lab_4/workspace/Chicago/microblaze_0/standalone_domain/bsp/system.mss
TRACE::2025-10-30.21:10:00::SCWPlatform::Trying to open the hw design at /home/jashshah/Desktop/Embedded_Lab/Lab_4/workspace/Chicago/hw/bd_wrapper.xsa
TRACE::2025-10-30.21:10:00::SCWPlatform::DSA given /home/jashshah/Desktop/Embedded_Lab/Lab_4/workspace/Chicago/hw/bd_wrapper.xsa
TRACE::2025-10-30.21:10:00::SCWPlatform::DSA absoulate path /home/jashshah/Desktop/Embedded_Lab/Lab_4/workspace/Chicago/hw/bd_wrapper.xsa
TRACE::2025-10-30.21:10:00::SCWPlatform::DSA directory /home/jashshah/Desktop/Embedded_Lab/Lab_4/workspace/Chicago/hw
TRACE::2025-10-30.21:10:00::SCWPlatform:: Platform Path /home/jashshah/Desktop/Embedded_Lab/Lab_4/workspace/Chicago/hw/bd_wrapper.xsa
TRACE::2025-10-30.21:10:00::SCWPlatform:: Unique name xilinx:::0.0
TRACE::2025-10-30.21:10:00::SCWPlatform::Trying to set the existing hwdb with name bd_wrapper_0
TRACE::2025-10-30.21:10:00::SCWPlatform::Opened existing hwdb bd_wrapper_0
TRACE::2025-10-30.21:10:00::SCWPlatform::Found the Hw Db part of the input DSA
TRACE::2025-10-30.21:10:00::SCWMssOS::Checking the sw design at  /home/jashshah/Desktop/Embedded_Lab/Lab_4/workspace/Chicago/microblaze_0/standalone_domain/bsp/system.mss
TRACE::2025-10-30.21:10:00::SCWMssOS::DEBUG:  swdes dump  /home/jashshah/Desktop/Embedded_Lab/Lab_4/workspace/Chicago/microblaze_0/standalone_domain/bsp/system.mss|system||

TRACE::2025-10-30.21:10:00::SCWMssOS::Sw design exists and opened at  /home/jashshah/Desktop/Embedded_Lab/Lab_4/workspace/Chicago/microblaze_0/standalone_domain/bsp/system.mss
TRACE::2025-10-30.21:10:00::SCWPlatform::Trying to open the hw design at /home/jashshah/Desktop/Embedded_Lab/Lab_4/workspace/Chicago/hw/bd_wrapper.xsa
TRACE::2025-10-30.21:10:00::SCWPlatform::DSA given /home/jashshah/Desktop/Embedded_Lab/Lab_4/workspace/Chicago/hw/bd_wrapper.xsa
TRACE::2025-10-30.21:10:00::SCWPlatform::DSA absoulate path /home/jashshah/Desktop/Embedded_Lab/Lab_4/workspace/Chicago/hw/bd_wrapper.xsa
TRACE::2025-10-30.21:10:00::SCWPlatform::DSA directory /home/jashshah/Desktop/Embedded_Lab/Lab_4/workspace/Chicago/hw
TRACE::2025-10-30.21:10:00::SCWPlatform:: Platform Path /home/jashshah/Desktop/Embedded_Lab/Lab_4/workspace/Chicago/hw/bd_wrapper.xsa
TRACE::2025-10-30.21:10:00::SCWPlatform:: Unique name xilinx:::0.0
TRACE::2025-10-30.21:10:00::SCWPlatform::Trying to set the existing hwdb with name bd_wrapper_0
TRACE::2025-10-30.21:10:00::SCWPlatform::Opened existing hwdb bd_wrapper_0
TRACE::2025-10-30.21:10:00::SCWPlatform::Found the Hw Db part of the input DSA
TRACE::2025-10-30.21:10:00::SCWMssOS::Checking the sw design at  /home/jashshah/Desktop/Embedded_Lab/Lab_4/workspace/Chicago/microblaze_0/standalone_domain/bsp/system.mss
TRACE::2025-10-30.21:10:00::SCWMssOS::DEBUG:  swdes dump  /home/jashshah/Desktop/Embedded_Lab/Lab_4/workspace/Chicago/microblaze_0/standalone_domain/bsp/system.mss|system||

TRACE::2025-10-30.21:10:00::SCWMssOS::Sw design exists and opened at  /home/jashshah/Desktop/Embedded_Lab/Lab_4/workspace/Chicago/microblaze_0/standalone_domain/bsp/system.mss
TRACE::2025-10-30.21:10:00::SCWWriter::formatted JSON is {
	"platformName":	"Chicago",
	"sprVersion":	"2.0",
	"mode":	"gui",
	"dsaType":	"Fixed",
	"platformDesc":	"Chicago",
	"platHandOff":	"/home/jashshah/Desktop/Embedded_Lab/Lab_4/bd_wrapper.xsa",
	"platIntHandOff":	"<platformDir>/hw/bd_wrapper.xsa",
	"deviceType":	"FPGA",
	"platIsPrebuiltAutogen":	"false",
	"platIsNoBootBsp":	"false",
	"hasFsblMakeHasChanges":	"false",
	"hasPmufwMakeHasChanges":	"false",
	"platPreBuiltFlag":	false,
	"platformSamplesDir":	"",
	"platActiveSys":	"Chicago",
	"systems":	[{
			"systemName":	"Chicago",
			"systemDesc":	"Chicago",
			"sysIsBootAutoGen":	"true",
			"systemDispName":	"Chicago",
			"sysActiveDom":	"standalone_domain",
			"sysDefaultDom":	"standalone_domain",
			"domains":	[{
					"domainName":	"standalone_domain",
					"domainDispName":	"standalone on microblaze_0",
					"domainDesc":	"standalone_domain",
					"processors":	"microblaze_0",
					"os":	"standalone",
					"sdxOs":	"standalone",
					"debugEnable":	"False",
					"domRuntimes":	["cpp"],
					"swRepo":	"",
					"mssOsVer":	"7.7",
					"mssFile":	"",
					"md5Digest":	"9b675eabfc58db0b3fc57bde5bdab55f",
					"compatibleApp":	"",
					"domType":	"mssDomain",
					"arch":	"32-bit",
					"appSettings":	{
						"appCompilerFlags":	"",
						"appLinkerFlags":	""
					},
					"addedLibs":	[],
					"libOptions":	{
						"libsContainingOptions":	[]
					},
					"prebuiltLibs":	{
						"prebuiltIncPath":	[],
						"prebuiltLibPath":	[]
					},
					"isolation":	{
					}
				}]
		}]
}
TRACE::2025-10-30.21:10:01::SCWPlatform::Clearing the existing platform
TRACE::2025-10-30.21:10:01::SCWSystem::Clearing the existing sysconfig
TRACE::2025-10-30.21:10:01::SCWMssOS::Removing the swdes entry for  /home/jashshah/Desktop/Embedded_Lab/Lab_4/workspace/Chicago/microblaze_0/standalone_domain/bsp/system.mss
TRACE::2025-10-30.21:10:01::SCWSystem::Clearing the domains completed.
TRACE::2025-10-30.21:10:01::SCWPlatform::Clearing the opened hw db.
TRACE::2025-10-30.21:10:01::SCWPlatform::DSA given /home/jashshah/Desktop/Embedded_Lab/Lab_4/workspace/Chicago/hw/bd_wrapper.xsa
TRACE::2025-10-30.21:10:01::SCWPlatform::DSA absoulate path /home/jashshah/Desktop/Embedded_Lab/Lab_4/workspace/Chicago/hw/bd_wrapper.xsa
TRACE::2025-10-30.21:10:01::SCWPlatform:: Platform location is /home/jashshah/Desktop/Embedded_Lab/Lab_4/workspace/Chicago/hw
TRACE::2025-10-30.21:10:01::SCWPlatform:: Platform Path /home/jashshah/Desktop/Embedded_Lab/Lab_4/workspace/Chicago/hw/bd_wrapper.xsa
TRACE::2025-10-30.21:10:01::SCWPlatform:: Unique name xilinx:::0.0
TRACE::2025-10-30.21:10:01::SCWPlatform::Removing the HwDB with name /home/jashshah/Desktop/Embedded_Lab/Lab_4/workspace/Chicago/hw/bd_wrapper.xsa
TRACE::2025-10-30.21:10:01::SCWPlatform::Trying to open the hw design at /home/jashshah/Desktop/Embedded_Lab/Lab_4/workspace/Chicago/hw/bd_wrapper.xsa
TRACE::2025-10-30.21:10:01::SCWPlatform::DSA given /home/jashshah/Desktop/Embedded_Lab/Lab_4/workspace/Chicago/hw/bd_wrapper.xsa
TRACE::2025-10-30.21:10:01::SCWPlatform::DSA absoulate path /home/jashshah/Desktop/Embedded_Lab/Lab_4/workspace/Chicago/hw/bd_wrapper.xsa
TRACE::2025-10-30.21:10:01::SCWPlatform::DSA directory /home/jashshah/Desktop/Embedded_Lab/Lab_4/workspace/Chicago/hw
TRACE::2025-10-30.21:10:01::SCWPlatform:: Platform Path /home/jashshah/Desktop/Embedded_Lab/Lab_4/workspace/Chicago/hw/bd_wrapper.xsa
TRACE::2025-10-30.21:10:01::SCWPlatform:: Unique name xilinx:::0.0
TRACE::2025-10-30.21:10:01::SCWPlatform::Do not have an existing db opened. 
TRACE::2025-10-30.21:10:01::SCWPlatform::Opened new HwDB with name bd_wrapper_1
TRACE::2025-10-30.21:10:01::SCWReader::Active system found as  Chicago
TRACE::2025-10-30.21:10:01::SCWReader::Handling sysconfig Chicago
TRACE::2025-10-30.21:10:01::SCWDomain::checking for install qemu data   : 
TRACE::2025-10-30.21:10:01::SCWPlatform::Trying to open the hw design at /home/jashshah/Desktop/Embedded_Lab/Lab_4/workspace/Chicago/hw/bd_wrapper.xsa
TRACE::2025-10-30.21:10:01::SCWPlatform::DSA given /home/jashshah/Desktop/Embedded_Lab/Lab_4/workspace/Chicago/hw/bd_wrapper.xsa
TRACE::2025-10-30.21:10:01::SCWPlatform::DSA absoulate path /home/jashshah/Desktop/Embedded_Lab/Lab_4/workspace/Chicago/hw/bd_wrapper.xsa
TRACE::2025-10-30.21:10:01::SCWPlatform::DSA directory /home/jashshah/Desktop/Embedded_Lab/Lab_4/workspace/Chicago/hw
TRACE::2025-10-30.21:10:01::SCWPlatform:: Platform Path /home/jashshah/Desktop/Embedded_Lab/Lab_4/workspace/Chicago/hw/bd_wrapper.xsa
TRACE::2025-10-30.21:10:01::SCWPlatform:: Unique name xilinx:::0.0
TRACE::2025-10-30.21:10:01::SCWPlatform::Trying to set the existing hwdb with name bd_wrapper_1
TRACE::2025-10-30.21:10:01::SCWPlatform::Opened existing hwdb bd_wrapper_1
TRACE::2025-10-30.21:10:01::SCWPlatform::Found the Hw Db part of the input DSA
TRACE::2025-10-30.21:10:01::SCWPlatform::Trying to open the hw design at /home/jashshah/Desktop/Embedded_Lab/Lab_4/workspace/Chicago/hw/bd_wrapper.xsa
TRACE::2025-10-30.21:10:01::SCWPlatform::DSA given /home/jashshah/Desktop/Embedded_Lab/Lab_4/workspace/Chicago/hw/bd_wrapper.xsa
TRACE::2025-10-30.21:10:01::SCWPlatform::DSA absoulate path /home/jashshah/Desktop/Embedded_Lab/Lab_4/workspace/Chicago/hw/bd_wrapper.xsa
TRACE::2025-10-30.21:10:01::SCWPlatform::DSA directory /home/jashshah/Desktop/Embedded_Lab/Lab_4/workspace/Chicago/hw
TRACE::2025-10-30.21:10:01::SCWPlatform:: Platform Path /home/jashshah/Desktop/Embedded_Lab/Lab_4/workspace/Chicago/hw/bd_wrapper.xsa
TRACE::2025-10-30.21:10:01::SCWPlatform:: Unique name xilinx:::0.0
TRACE::2025-10-30.21:10:02::SCWPlatform::Trying to set the existing hwdb with name bd_wrapper_1
TRACE::2025-10-30.21:10:02::SCWPlatform::Opened existing hwdb bd_wrapper_1
TRACE::2025-10-30.21:10:02::SCWPlatform::Found the Hw Db part of the input DSA
TRACE::2025-10-30.21:10:02::SCWPlatform::Trying to open the hw design at /home/jashshah/Desktop/Embedded_Lab/Lab_4/workspace/Chicago/hw/bd_wrapper.xsa
TRACE::2025-10-30.21:10:02::SCWPlatform::DSA given /home/jashshah/Desktop/Embedded_Lab/Lab_4/workspace/Chicago/hw/bd_wrapper.xsa
TRACE::2025-10-30.21:10:02::SCWPlatform::DSA absoulate path /home/jashshah/Desktop/Embedded_Lab/Lab_4/workspace/Chicago/hw/bd_wrapper.xsa
TRACE::2025-10-30.21:10:02::SCWPlatform::DSA directory /home/jashshah/Desktop/Embedded_Lab/Lab_4/workspace/Chicago/hw
TRACE::2025-10-30.21:10:02::SCWPlatform:: Platform Path /home/jashshah/Desktop/Embedded_Lab/Lab_4/workspace/Chicago/hw/bd_wrapper.xsa
TRACE::2025-10-30.21:10:02::SCWPlatform:: Unique name xilinx:::0.0
TRACE::2025-10-30.21:10:02::SCWPlatform::Trying to set the existing hwdb with name bd_wrapper_1
TRACE::2025-10-30.21:10:02::SCWPlatform::Opened existing hwdb bd_wrapper_1
TRACE::2025-10-30.21:10:02::SCWPlatform::Found the Hw Db part of the input DSA
TRACE::2025-10-30.21:10:02::SCWPlatform::Trying to open the hw design at /home/jashshah/Desktop/Embedded_Lab/Lab_4/workspace/Chicago/hw/bd_wrapper.xsa
TRACE::2025-10-30.21:10:02::SCWPlatform::DSA given /home/jashshah/Desktop/Embedded_Lab/Lab_4/workspace/Chicago/hw/bd_wrapper.xsa
TRACE::2025-10-30.21:10:02::SCWPlatform::DSA absoulate path /home/jashshah/Desktop/Embedded_Lab/Lab_4/workspace/Chicago/hw/bd_wrapper.xsa
TRACE::2025-10-30.21:10:02::SCWPlatform::DSA directory /home/jashshah/Desktop/Embedded_Lab/Lab_4/workspace/Chicago/hw
TRACE::2025-10-30.21:10:02::SCWPlatform:: Platform Path /home/jashshah/Desktop/Embedded_Lab/Lab_4/workspace/Chicago/hw/bd_wrapper.xsa
TRACE::2025-10-30.21:10:02::SCWPlatform:: Unique name xilinx:::0.0
TRACE::2025-10-30.21:10:02::SCWPlatform::Trying to set the existing hwdb with name bd_wrapper_1
TRACE::2025-10-30.21:10:02::SCWPlatform::Opened existing hwdb bd_wrapper_1
TRACE::2025-10-30.21:10:02::SCWPlatform::Found the Hw Db part of the input DSA
TRACE::2025-10-30.21:10:02::SCWMssOS::Checking the sw design at  /home/jashshah/Desktop/Embedded_Lab/Lab_4/workspace/Chicago/microblaze_0/standalone_domain/bsp/system.mss
TRACE::2025-10-30.21:10:02::SCWMssOS::DEBUG:  swdes dump  
TRACE::2025-10-30.21:10:02::SCWMssOS::No sw design opened at  /home/jashshah/Desktop/Embedded_Lab/Lab_4/workspace/Chicago/microblaze_0/standalone_domain/bsp/system.mss
TRACE::2025-10-30.21:10:02::SCWMssOS::mss exists loading the mss file  /home/jashshah/Desktop/Embedded_Lab/Lab_4/workspace/Chicago/microblaze_0/standalone_domain/bsp/system.mss
TRACE::2025-10-30.21:10:02::SCWMssOS::Opened the sw design from mss  /home/jashshah/Desktop/Embedded_Lab/Lab_4/workspace/Chicago/microblaze_0/standalone_domain/bsp/system.mss
TRACE::2025-10-30.21:10:02::SCWMssOS::Adding the swdes entry /home/jashshah/Desktop/Embedded_Lab/Lab_4/workspace/Chicago/microblaze_0/standalone_domain/bsp/system.mss with des name system
TRACE::2025-10-30.21:10:02::SCWMssOS::updating the scw layer about changes
TRACE::2025-10-30.21:10:02::SCWMssOS::Opened the sw design.  /home/jashshah/Desktop/Embedded_Lab/Lab_4/workspace/Chicago/microblaze_0/standalone_domain/bsp/system.mss
TRACE::2025-10-30.21:10:02::SCWMssOS::Saving the mss changes /home/jashshah/Desktop/Embedded_Lab/Lab_4/workspace/Chicago/microblaze_0/standalone_domain/bsp/system.mss
TRACE::2025-10-30.21:10:02::SCWMssOS::Found a swdesign opened with the mssfile.
TRACE::2025-10-30.21:10:02::SCWMssOS::Completed writemss as part of save.
TRACE::2025-10-30.21:10:02::SCWMssOS::Commit changes completed.
TRACE::2025-10-30.21:10:02::SCWReader::Adding prebuilt librarypaths as   
TRACE::2025-10-30.21:10:02::SCWReader::Adding prebuilt incpaths  as   
TRACE::2025-10-30.21:10:02::SCWPlatform::Trying to open the hw design at /home/jashshah/Desktop/Embedded_Lab/Lab_4/workspace/Chicago/hw/bd_wrapper.xsa
TRACE::2025-10-30.21:10:02::SCWPlatform::DSA given /home/jashshah/Desktop/Embedded_Lab/Lab_4/workspace/Chicago/hw/bd_wrapper.xsa
TRACE::2025-10-30.21:10:02::SCWPlatform::DSA absoulate path /home/jashshah/Desktop/Embedded_Lab/Lab_4/workspace/Chicago/hw/bd_wrapper.xsa
TRACE::2025-10-30.21:10:02::SCWPlatform::DSA directory /home/jashshah/Desktop/Embedded_Lab/Lab_4/workspace/Chicago/hw
TRACE::2025-10-30.21:10:02::SCWPlatform:: Platform Path /home/jashshah/Desktop/Embedded_Lab/Lab_4/workspace/Chicago/hw/bd_wrapper.xsa
TRACE::2025-10-30.21:10:02::SCWPlatform:: Unique name xilinx:::0.0
TRACE::2025-10-30.21:10:02::SCWPlatform::Trying to set the existing hwdb with name bd_wrapper_1
TRACE::2025-10-30.21:10:02::SCWPlatform::Opened existing hwdb bd_wrapper_1
TRACE::2025-10-30.21:10:02::SCWPlatform::Found the Hw Db part of the input DSA
TRACE::2025-10-30.21:10:02::SCWMssOS::Checking the sw design at  /home/jashshah/Desktop/Embedded_Lab/Lab_4/workspace/Chicago/microblaze_0/standalone_domain/bsp/system.mss
TRACE::2025-10-30.21:10:02::SCWMssOS::DEBUG:  swdes dump  /home/jashshah/Desktop/Embedded_Lab/Lab_4/workspace/Chicago/microblaze_0/standalone_domain/bsp/system.mss|system||

TRACE::2025-10-30.21:10:02::SCWMssOS::Sw design exists and opened at  /home/jashshah/Desktop/Embedded_Lab/Lab_4/workspace/Chicago/microblaze_0/standalone_domain/bsp/system.mss
TRACE::2025-10-30.21:10:02::SCWReader::No isolation master present  
TRACE::2025-10-30.21:10:37::SCWPlatform::Trying to open the hw design at /home/jashshah/Desktop/Embedded_Lab/Lab_4/workspace/Chicago/hw/bd_wrapper.xsa
TRACE::2025-10-30.21:10:37::SCWPlatform::DSA given /home/jashshah/Desktop/Embedded_Lab/Lab_4/workspace/Chicago/hw/bd_wrapper.xsa
TRACE::2025-10-30.21:10:37::SCWPlatform::DSA absoulate path /home/jashshah/Desktop/Embedded_Lab/Lab_4/workspace/Chicago/hw/bd_wrapper.xsa
TRACE::2025-10-30.21:10:37::SCWPlatform::DSA directory /home/jashshah/Desktop/Embedded_Lab/Lab_4/workspace/Chicago/hw
TRACE::2025-10-30.21:10:37::SCWPlatform:: Platform Path /home/jashshah/Desktop/Embedded_Lab/Lab_4/workspace/Chicago/hw/bd_wrapper.xsa
TRACE::2025-10-30.21:10:37::SCWPlatform:: Unique name xilinx:::0.0
TRACE::2025-10-30.21:10:37::SCWPlatform::Trying to set the existing hwdb with name bd_wrapper_1
TRACE::2025-10-30.21:10:37::SCWPlatform::Opened existing hwdb bd_wrapper_1
TRACE::2025-10-30.21:10:37::SCWPlatform::Found the Hw Db part of the input DSA
TRACE::2025-10-30.21:10:37::SCWMssOS::Checking the sw design at  /home/jashshah/Desktop/Embedded_Lab/Lab_4/workspace/Chicago/microblaze_0/standalone_domain/bsp/system.mss
TRACE::2025-10-30.21:10:37::SCWMssOS::DEBUG:  swdes dump  /home/jashshah/Desktop/Embedded_Lab/Lab_4/workspace/Chicago/microblaze_0/standalone_domain/bsp/system.mss|system||

TRACE::2025-10-30.21:10:37::SCWMssOS::Sw design exists and opened at  /home/jashshah/Desktop/Embedded_Lab/Lab_4/workspace/Chicago/microblaze_0/standalone_domain/bsp/system.mss
TRACE::2025-10-30.21:10:38::SCWMssOS::In reload Mss file.
TRACE::2025-10-30.21:10:38::SCWPlatform::Trying to open the hw design at /home/jashshah/Desktop/Embedded_Lab/Lab_4/workspace/Chicago/hw/bd_wrapper.xsa
TRACE::2025-10-30.21:10:38::SCWPlatform::DSA given /home/jashshah/Desktop/Embedded_Lab/Lab_4/workspace/Chicago/hw/bd_wrapper.xsa
TRACE::2025-10-30.21:10:38::SCWPlatform::DSA absoulate path /home/jashshah/Desktop/Embedded_Lab/Lab_4/workspace/Chicago/hw/bd_wrapper.xsa
TRACE::2025-10-30.21:10:38::SCWPlatform::DSA directory /home/jashshah/Desktop/Embedded_Lab/Lab_4/workspace/Chicago/hw
TRACE::2025-10-30.21:10:38::SCWPlatform:: Platform Path /home/jashshah/Desktop/Embedded_Lab/Lab_4/workspace/Chicago/hw/bd_wrapper.xsa
TRACE::2025-10-30.21:10:38::SCWPlatform:: Unique name xilinx:::0.0
TRACE::2025-10-30.21:10:38::SCWPlatform::Trying to set the existing hwdb with name bd_wrapper_1
TRACE::2025-10-30.21:10:38::SCWPlatform::Opened existing hwdb bd_wrapper_1
TRACE::2025-10-30.21:10:38::SCWPlatform::Found the Hw Db part of the input DSA
TRACE::2025-10-30.21:10:38::SCWMssOS::Checking the sw design at  /home/jashshah/Desktop/Embedded_Lab/Lab_4/workspace/Chicago/microblaze_0/standalone_domain/bsp/system.mss
TRACE::2025-10-30.21:10:38::SCWMssOS::DEBUG:  swdes dump  
TRACE::2025-10-30.21:10:38::SCWMssOS::No sw design opened at  /home/jashshah/Desktop/Embedded_Lab/Lab_4/workspace/Chicago/microblaze_0/standalone_domain/bsp/system.mss
TRACE::2025-10-30.21:10:38::SCWMssOS::mss exists loading the mss file  /home/jashshah/Desktop/Embedded_Lab/Lab_4/workspace/Chicago/microblaze_0/standalone_domain/bsp/system.mss
TRACE::2025-10-30.21:10:38::SCWMssOS::Opened the sw design from mss  /home/jashshah/Desktop/Embedded_Lab/Lab_4/workspace/Chicago/microblaze_0/standalone_domain/bsp/system.mss
TRACE::2025-10-30.21:10:38::SCWMssOS::Adding the swdes entry /home/jashshah/Desktop/Embedded_Lab/Lab_4/workspace/Chicago/microblaze_0/standalone_domain/bsp/system.mss with des name system
TRACE::2025-10-30.21:10:38::SCWMssOS::updating the scw layer about changes
TRACE::2025-10-30.21:10:38::SCWMssOS::Opened the sw design.  /home/jashshah/Desktop/Embedded_Lab/Lab_4/workspace/Chicago/microblaze_0/standalone_domain/bsp/system.mss
TRACE::2025-10-30.21:10:38::SCWMssOS::Saving the mss changes /home/jashshah/Desktop/Embedded_Lab/Lab_4/workspace/Chicago/microblaze_0/standalone_domain/bsp/system.mss
TRACE::2025-10-30.21:10:38::SCWMssOS::Found a swdesign opened with the mssfile.
TRACE::2025-10-30.21:10:38::SCWMssOS::Completed writemss as part of save.
TRACE::2025-10-30.21:10:38::SCWMssOS::Commit changes completed.
TRACE::2025-10-30.21:10:38::SCWPlatform::Trying to open the hw design at /home/jashshah/Desktop/Embedded_Lab/Lab_4/workspace/Chicago/hw/bd_wrapper.xsa
TRACE::2025-10-30.21:10:38::SCWPlatform::DSA given /home/jashshah/Desktop/Embedded_Lab/Lab_4/workspace/Chicago/hw/bd_wrapper.xsa
TRACE::2025-10-30.21:10:38::SCWPlatform::DSA absoulate path /home/jashshah/Desktop/Embedded_Lab/Lab_4/workspace/Chicago/hw/bd_wrapper.xsa
TRACE::2025-10-30.21:10:38::SCWPlatform::DSA directory /home/jashshah/Desktop/Embedded_Lab/Lab_4/workspace/Chicago/hw
TRACE::2025-10-30.21:10:38::SCWPlatform:: Platform Path /home/jashshah/Desktop/Embedded_Lab/Lab_4/workspace/Chicago/hw/bd_wrapper.xsa
TRACE::2025-10-30.21:10:38::SCWPlatform:: Unique name xilinx:::0.0
TRACE::2025-10-30.21:10:38::SCWPlatform::Trying to set the existing hwdb with name bd_wrapper_1
TRACE::2025-10-30.21:10:38::SCWPlatform::Opened existing hwdb bd_wrapper_1
TRACE::2025-10-30.21:10:38::SCWPlatform::Found the Hw Db part of the input DSA
TRACE::2025-10-30.21:10:38::SCWMssOS::Checking the sw design at  /home/jashshah/Desktop/Embedded_Lab/Lab_4/workspace/Chicago/microblaze_0/standalone_domain/bsp/system.mss
TRACE::2025-10-30.21:10:38::SCWMssOS::DEBUG:  swdes dump  /home/jashshah/Desktop/Embedded_Lab/Lab_4/workspace/Chicago/microblaze_0/standalone_domain/bsp/system.mss|system||

TRACE::2025-10-30.21:10:38::SCWMssOS::Sw design exists and opened at  /home/jashshah/Desktop/Embedded_Lab/Lab_4/workspace/Chicago/microblaze_0/standalone_domain/bsp/system.mss
TRACE::2025-10-30.21:10:38::SCWMssOS::Removing the swdes entry for  /home/jashshah/Desktop/Embedded_Lab/Lab_4/workspace/Chicago/microblaze_0/standalone_domain/bsp/system.mss
TRACE::2025-11-06.18:18:56::SCWPlatform::Trying to open the hw design at /home/jashshah/Desktop/Embedded_Lab/Lab_4/workspace/Chicago/hw/bd_wrapper.xsa
TRACE::2025-11-06.18:18:57::SCWPlatform::DSA given /home/jashshah/Desktop/Embedded_Lab/Lab_4/workspace/Chicago/hw/bd_wrapper.xsa
TRACE::2025-11-06.18:18:57::SCWPlatform::DSA absoulate path /home/jashshah/Desktop/Embedded_Lab/Lab_4/workspace/Chicago/hw/bd_wrapper.xsa
TRACE::2025-11-06.18:18:57::SCWPlatform::DSA directory /home/jashshah/Desktop/Embedded_Lab/Lab_4/workspace/Chicago/hw
TRACE::2025-11-06.18:18:57::SCWPlatform:: Platform Path /home/jashshah/Desktop/Embedded_Lab/Lab_4/workspace/Chicago/hw/bd_wrapper.xsa
TRACE::2025-11-06.18:18:57::SCWPlatform:: Unique name xilinx:::0.0
TRACE::2025-11-06.18:18:57::SCWPlatform::Do not have an existing db opened. 
TRACE::2025-11-06.18:18:57::SCWPlatform::Opened new HwDB with name bd_wrapper
TRACE::2025-11-06.18:18:57::SCWReader::Active system found as  Chicago
TRACE::2025-11-06.18:18:57::SCWReader::Handling sysconfig Chicago
TRACE::2025-11-06.18:18:57::SCWDomain::checking for install qemu data   : 
TRACE::2025-11-06.18:18:57::SCWPlatform::Trying to open the hw design at /home/jashshah/Desktop/Embedded_Lab/Lab_4/workspace/Chicago/hw/bd_wrapper.xsa
TRACE::2025-11-06.18:18:57::SCWPlatform::DSA given /home/jashshah/Desktop/Embedded_Lab/Lab_4/workspace/Chicago/hw/bd_wrapper.xsa
TRACE::2025-11-06.18:18:57::SCWPlatform::DSA absoulate path /home/jashshah/Desktop/Embedded_Lab/Lab_4/workspace/Chicago/hw/bd_wrapper.xsa
TRACE::2025-11-06.18:18:57::SCWPlatform::DSA directory /home/jashshah/Desktop/Embedded_Lab/Lab_4/workspace/Chicago/hw
TRACE::2025-11-06.18:18:57::SCWPlatform:: Platform Path /home/jashshah/Desktop/Embedded_Lab/Lab_4/workspace/Chicago/hw/bd_wrapper.xsa
TRACE::2025-11-06.18:18:57::SCWPlatform:: Unique name xilinx:::0.0
TRACE::2025-11-06.18:18:57::SCWPlatform::Trying to set the existing hwdb with name bd_wrapper
TRACE::2025-11-06.18:18:57::SCWPlatform::Opened existing hwdb bd_wrapper
TRACE::2025-11-06.18:18:57::SCWPlatform::Found the Hw Db part of the input DSA
TRACE::2025-11-06.18:18:57::SCWPlatform::Trying to open the hw design at /home/jashshah/Desktop/Embedded_Lab/Lab_4/workspace/Chicago/hw/bd_wrapper.xsa
TRACE::2025-11-06.18:18:57::SCWPlatform::DSA given /home/jashshah/Desktop/Embedded_Lab/Lab_4/workspace/Chicago/hw/bd_wrapper.xsa
TRACE::2025-11-06.18:18:57::SCWPlatform::DSA absoulate path /home/jashshah/Desktop/Embedded_Lab/Lab_4/workspace/Chicago/hw/bd_wrapper.xsa
TRACE::2025-11-06.18:18:57::SCWPlatform::DSA directory /home/jashshah/Desktop/Embedded_Lab/Lab_4/workspace/Chicago/hw
TRACE::2025-11-06.18:18:57::SCWPlatform:: Platform Path /home/jashshah/Desktop/Embedded_Lab/Lab_4/workspace/Chicago/hw/bd_wrapper.xsa
TRACE::2025-11-06.18:18:57::SCWPlatform:: Unique name xilinx:::0.0
TRACE::2025-11-06.18:18:57::SCWPlatform::Trying to set the existing hwdb with name bd_wrapper
TRACE::2025-11-06.18:18:57::SCWPlatform::Opened existing hwdb bd_wrapper
TRACE::2025-11-06.18:18:57::SCWPlatform::Found the Hw Db part of the input DSA
TRACE::2025-11-06.18:18:57::SCWPlatform::Trying to open the hw design at /home/jashshah/Desktop/Embedded_Lab/Lab_4/workspace/Chicago/hw/bd_wrapper.xsa
TRACE::2025-11-06.18:18:57::SCWPlatform::DSA given /home/jashshah/Desktop/Embedded_Lab/Lab_4/workspace/Chicago/hw/bd_wrapper.xsa
TRACE::2025-11-06.18:18:57::SCWPlatform::DSA absoulate path /home/jashshah/Desktop/Embedded_Lab/Lab_4/workspace/Chicago/hw/bd_wrapper.xsa
TRACE::2025-11-06.18:18:57::SCWPlatform::DSA directory /home/jashshah/Desktop/Embedded_Lab/Lab_4/workspace/Chicago/hw
TRACE::2025-11-06.18:18:57::SCWPlatform:: Platform Path /home/jashshah/Desktop/Embedded_Lab/Lab_4/workspace/Chicago/hw/bd_wrapper.xsa
TRACE::2025-11-06.18:18:57::SCWPlatform:: Unique name xilinx:::0.0
TRACE::2025-11-06.18:18:57::SCWPlatform::Trying to set the existing hwdb with name bd_wrapper
TRACE::2025-11-06.18:18:57::SCWPlatform::Opened existing hwdb bd_wrapper
TRACE::2025-11-06.18:18:57::SCWPlatform::Found the Hw Db part of the input DSA
TRACE::2025-11-06.18:18:57::SCWPlatform::Trying to open the hw design at /home/jashshah/Desktop/Embedded_Lab/Lab_4/workspace/Chicago/hw/bd_wrapper.xsa
TRACE::2025-11-06.18:18:57::SCWPlatform::DSA given /home/jashshah/Desktop/Embedded_Lab/Lab_4/workspace/Chicago/hw/bd_wrapper.xsa
TRACE::2025-11-06.18:18:57::SCWPlatform::DSA absoulate path /home/jashshah/Desktop/Embedded_Lab/Lab_4/workspace/Chicago/hw/bd_wrapper.xsa
TRACE::2025-11-06.18:18:57::SCWPlatform::DSA directory /home/jashshah/Desktop/Embedded_Lab/Lab_4/workspace/Chicago/hw
TRACE::2025-11-06.18:18:57::SCWPlatform:: Platform Path /home/jashshah/Desktop/Embedded_Lab/Lab_4/workspace/Chicago/hw/bd_wrapper.xsa
TRACE::2025-11-06.18:18:57::SCWPlatform:: Unique name xilinx:::0.0
TRACE::2025-11-06.18:18:57::SCWPlatform::Trying to set the existing hwdb with name bd_wrapper
TRACE::2025-11-06.18:18:57::SCWPlatform::Opened existing hwdb bd_wrapper
TRACE::2025-11-06.18:18:57::SCWPlatform::Found the Hw Db part of the input DSA
TRACE::2025-11-06.18:18:57::SCWMssOS::Checking the sw design at  /home/jashshah/Desktop/Embedded_Lab/Lab_4/workspace/Chicago/microblaze_0/standalone_domain/bsp/system.mss
TRACE::2025-11-06.18:18:57::SCWMssOS::DEBUG:  swdes dump  
TRACE::2025-11-06.18:18:57::SCWMssOS::No sw design opened at  /home/jashshah/Desktop/Embedded_Lab/Lab_4/workspace/Chicago/microblaze_0/standalone_domain/bsp/system.mss
TRACE::2025-11-06.18:18:57::SCWMssOS::mss exists loading the mss file  /home/jashshah/Desktop/Embedded_Lab/Lab_4/workspace/Chicago/microblaze_0/standalone_domain/bsp/system.mss
TRACE::2025-11-06.18:18:58::SCWMssOS::Opened the sw design from mss  /home/jashshah/Desktop/Embedded_Lab/Lab_4/workspace/Chicago/microblaze_0/standalone_domain/bsp/system.mss
TRACE::2025-11-06.18:18:58::SCWMssOS::Adding the swdes entry /home/jashshah/Desktop/Embedded_Lab/Lab_4/workspace/Chicago/microblaze_0/standalone_domain/bsp/system.mss with des name system
TRACE::2025-11-06.18:18:58::SCWMssOS::updating the scw layer about changes
TRACE::2025-11-06.18:18:58::SCWMssOS::Opened the sw design.  /home/jashshah/Desktop/Embedded_Lab/Lab_4/workspace/Chicago/microblaze_0/standalone_domain/bsp/system.mss
TRACE::2025-11-06.18:18:58::SCWMssOS::Saving the mss changes /home/jashshah/Desktop/Embedded_Lab/Lab_4/workspace/Chicago/microblaze_0/standalone_domain/bsp/system.mss
TRACE::2025-11-06.18:18:58::SCWMssOS::Found a swdesign opened with the mssfile.
TRACE::2025-11-06.18:18:58::SCWMssOS::Completed writemss as part of save.
TRACE::2025-11-06.18:18:58::SCWMssOS::Commit changes completed.
TRACE::2025-11-06.18:18:58::SCWReader::Adding prebuilt librarypaths as   
TRACE::2025-11-06.18:18:58::SCWReader::Adding prebuilt incpaths  as   
TRACE::2025-11-06.18:18:58::SCWPlatform::Trying to open the hw design at /home/jashshah/Desktop/Embedded_Lab/Lab_4/workspace/Chicago/hw/bd_wrapper.xsa
TRACE::2025-11-06.18:18:58::SCWPlatform::DSA given /home/jashshah/Desktop/Embedded_Lab/Lab_4/workspace/Chicago/hw/bd_wrapper.xsa
TRACE::2025-11-06.18:18:58::SCWPlatform::DSA absoulate path /home/jashshah/Desktop/Embedded_Lab/Lab_4/workspace/Chicago/hw/bd_wrapper.xsa
TRACE::2025-11-06.18:18:58::SCWPlatform::DSA directory /home/jashshah/Desktop/Embedded_Lab/Lab_4/workspace/Chicago/hw
TRACE::2025-11-06.18:18:58::SCWPlatform:: Platform Path /home/jashshah/Desktop/Embedded_Lab/Lab_4/workspace/Chicago/hw/bd_wrapper.xsa
TRACE::2025-11-06.18:18:58::SCWPlatform:: Unique name xilinx:::0.0
TRACE::2025-11-06.18:18:58::SCWPlatform::Trying to set the existing hwdb with name bd_wrapper
TRACE::2025-11-06.18:18:58::SCWPlatform::Opened existing hwdb bd_wrapper
TRACE::2025-11-06.18:18:58::SCWPlatform::Found the Hw Db part of the input DSA
TRACE::2025-11-06.18:18:58::SCWMssOS::Checking the sw design at  /home/jashshah/Desktop/Embedded_Lab/Lab_4/workspace/Chicago/microblaze_0/standalone_domain/bsp/system.mss
TRACE::2025-11-06.18:18:58::SCWMssOS::DEBUG:  swdes dump  /home/jashshah/Desktop/Embedded_Lab/Lab_4/workspace/Chicago/microblaze_0/standalone_domain/bsp/system.mss|system||

TRACE::2025-11-06.18:18:58::SCWMssOS::Sw design exists and opened at  /home/jashshah/Desktop/Embedded_Lab/Lab_4/workspace/Chicago/microblaze_0/standalone_domain/bsp/system.mss
TRACE::2025-11-06.18:18:58::SCWReader::No isolation master present  
TRACE::2025-11-06.18:28:47::SCWPlatform::Clearing the existing platform
TRACE::2025-11-06.18:28:47::SCWSystem::Clearing the existing sysconfig
TRACE::2025-11-06.18:28:47::SCWMssOS::Removing the swdes entry for  /home/jashshah/Desktop/Embedded_Lab/Lab_4/workspace/Chicago/microblaze_0/standalone_domain/bsp/system.mss
TRACE::2025-11-06.18:28:47::SCWSystem::Clearing the domains completed.
TRACE::2025-11-06.18:28:47::SCWPlatform::Clearing the opened hw db.
TRACE::2025-11-06.18:28:47::SCWPlatform::DSA given /home/jashshah/Desktop/Embedded_Lab/Lab_4/workspace/Chicago/hw/bd_wrapper.xsa
TRACE::2025-11-06.18:28:47::SCWPlatform::DSA absoulate path /home/jashshah/Desktop/Embedded_Lab/Lab_4/workspace/Chicago/hw/bd_wrapper.xsa
TRACE::2025-11-06.18:28:47::SCWPlatform:: Platform location is /home/jashshah/Desktop/Embedded_Lab/Lab_4/workspace/Chicago/hw
TRACE::2025-11-06.18:28:47::SCWPlatform:: Platform Path /home/jashshah/Desktop/Embedded_Lab/Lab_4/workspace/Chicago/hw/bd_wrapper.xsa
TRACE::2025-11-06.18:28:47::SCWPlatform:: Unique name xilinx:::0.0
