17:19:09 DEBUG : Logs will be stored at '/home/jashshah/Desktop/Embedded_Lab/Lab_3/workspace/IDE.log'.
17:19:14 INFO  : Launching XSCT server: xsct -n  -interactive /home/jashshah/Desktop/Embedded_Lab/Lab_3/workspace/temp_xsdb_launch_script.tcl
17:19:14 INFO  : Registering command handlers for Vitis TCF services
17:19:15 INFO  : Platform repository initialization has completed.
17:19:17 INFO  : XSCT server has started successfully.
17:19:19 INFO  : plnx-install-location is set to ''
17:19:19 INFO  : Successfully done setting XSCT server connection channel  
17:19:19 INFO  : Successfully done query RDI_DATADIR 
17:19:19 INFO  : Successfully done setting workspace for the tool. 
17:20:05 INFO  : Result from executing command 'getProjects': Lab_3
17:20:05 INFO  : Result from executing command 'getPlatforms': xilinx_vck190_base_202210_1|/ece/Xilinx/Vitis/2022.1/base_platforms/xilinx_vck190_base_202210_1/xilinx_vck190_base_202210_1.xpfm;xilinx_vck190_base_dfx_202210_1|/ece/Xilinx/Vitis/2022.1/base_platforms/xilinx_vck190_base_dfx_202210_1/xilinx_vck190_base_dfx_202210_1.xpfm;xilinx_vmk180_base_202210_1|/ece/Xilinx/Vitis/2022.1/base_platforms/xilinx_vmk180_base_202210_1/xilinx_vmk180_base_202210_1.xpfm;xilinx_zcu102_base_202210_1|/ece/Xilinx/Vitis/2022.1/base_platforms/xilinx_zcu102_base_202210_1/xilinx_zcu102_base_202210_1.xpfm;xilinx_zcu102_base_dfx_202210_1|/ece/Xilinx/Vitis/2022.1/base_platforms/xilinx_zcu102_base_dfx_202210_1/xilinx_zcu102_base_dfx_202210_1.xpfm;xilinx_zcu104_base_202210_1|/ece/Xilinx/Vitis/2022.1/base_platforms/xilinx_zcu104_base_202210_1/xilinx_zcu104_base_202210_1.xpfm
17:22:04 INFO  : Result from executing command 'getProjects': Lab_3
17:22:04 INFO  : Result from executing command 'getPlatforms': Lab_3|/home/jashshah/Desktop/Embedded_Lab/Lab_3/workspace/Lab_3/export/Lab_3/Lab_3.xpfm;xilinx_vck190_base_202210_1|/ece/Xilinx/Vitis/2022.1/base_platforms/xilinx_vck190_base_202210_1/xilinx_vck190_base_202210_1.xpfm;xilinx_vck190_base_dfx_202210_1|/ece/Xilinx/Vitis/2022.1/base_platforms/xilinx_vck190_base_dfx_202210_1/xilinx_vck190_base_dfx_202210_1.xpfm;xilinx_vmk180_base_202210_1|/ece/Xilinx/Vitis/2022.1/base_platforms/xilinx_vmk180_base_202210_1/xilinx_vmk180_base_202210_1.xpfm;xilinx_zcu102_base_202210_1|/ece/Xilinx/Vitis/2022.1/base_platforms/xilinx_zcu102_base_202210_1/xilinx_zcu102_base_202210_1.xpfm;xilinx_zcu102_base_dfx_202210_1|/ece/Xilinx/Vitis/2022.1/base_platforms/xilinx_zcu102_base_dfx_202210_1/xilinx_zcu102_base_dfx_202210_1.xpfm;xilinx_zcu104_base_202210_1|/ece/Xilinx/Vitis/2022.1/base_platforms/xilinx_zcu104_base_202210_1/xilinx_zcu104_base_202210_1.xpfm
17:22:08 INFO  : Checking for BSP changes to sync application flags for project 'Encoder'...
17:22:16 INFO  : Connected to target on host '127.0.0.1' and port '3121'.
17:22:34 INFO  : ----------------XSDB Script----------------
connect -url tcp:127.0.0.1:3121
----------------End of Script----------------

17:22:34 ERROR : Could not find FPGA device on the board for connection 'Local'.


Troubleshooting hints:
1. Check whether board is connected to system properly.
2. In case of zynq board, check whether Digilent/Xilinx cable switch settings are correct.
3. If you are using Xilinx Platform Cable USB, ensure that status LED is green.
18:10:05 INFO  : Connected to target on host '127.0.0.1' and port '3121'.
18:10:23 INFO  : ----------------XSDB Script----------------
connect -url tcp:127.0.0.1:3121
----------------End of Script----------------

18:10:23 ERROR : Could not find FPGA device on the board for connection 'Local'.


Troubleshooting hints:
1. Check whether board is connected to system properly.
2. In case of zynq board, check whether Digilent/Xilinx cable switch settings are correct.
3. If you are using Xilinx Platform Cable USB, ensure that status LED is green.
18:14:37 INFO  : Checking for BSP changes to sync application flags for project 'Encoder'...
18:30:50 INFO  : Checking for BSP changes to sync application flags for project 'Encoder'...
18:31:31 INFO  : Checking for BSP changes to sync application flags for project 'Encoder'...
18:32:05 INFO  : Checking for BSP changes to sync application flags for project 'Encoder'...
18:32:11 INFO  : Connected to target on host '127.0.0.1' and port '3121'.
18:32:29 INFO  : ----------------XSDB Script----------------
connect -url tcp:127.0.0.1:3121
----------------End of Script----------------

18:32:29 ERROR : Could not find FPGA device on the board for connection 'Local'.


Troubleshooting hints:
1. Check whether board is connected to system properly.
2. In case of zynq board, check whether Digilent/Xilinx cable switch settings are correct.
3. If you are using Xilinx Platform Cable USB, ensure that status LED is green.
18:36:41 INFO  : Checking for BSP changes to sync application flags for project 'Encoder'...
18:38:41 INFO  : Checking for BSP changes to sync application flags for project 'Encoder'...
18:43:22 INFO  : Checking for BSP changes to sync application flags for project 'Encoder'...
18:46:04 INFO  : Checking for BSP changes to sync application flags for project 'Encoder'...
18:46:12 INFO  : Connected to target on host '127.0.0.1' and port '3121'.
18:46:30 INFO  : ----------------XSDB Script----------------
connect -url tcp:127.0.0.1:3121
----------------End of Script----------------

18:46:30 ERROR : Could not find FPGA device on the board for connection 'Local'.


Troubleshooting hints:
1. Check whether board is connected to system properly.
2. In case of zynq board, check whether Digilent/Xilinx cable switch settings are correct.
3. If you are using Xilinx Platform Cable USB, ensure that status LED is green.
18:46:36 INFO  : Checking for BSP changes to sync application flags for project 'Encoder'...
18:46:43 INFO  : Connected to target on host '127.0.0.1' and port '3121'.
18:47:01 INFO  : ----------------XSDB Script----------------
connect -url tcp:127.0.0.1:3121
----------------End of Script----------------

18:47:01 ERROR : Could not find FPGA device on the board for connection 'Local'.


Troubleshooting hints:
1. Check whether board is connected to system properly.
2. In case of zynq board, check whether Digilent/Xilinx cable switch settings are correct.
3. If you are using Xilinx Platform Cable USB, ensure that status LED is green.
18:48:47 INFO  : Checking for BSP changes to sync application flags for project 'Encoder'...
18:49:23 INFO  : Checking for BSP changes to sync application flags for project 'Encoder'...
18:49:28 INFO  : Connected to target on host '127.0.0.1' and port '3121'.
18:49:29 INFO  : Jtag cable 'RealDigital Boo 8874042404B4A' is selected.
18:49:29 INFO  : 'jtag frequency' command is executed.
18:49:29 INFO  : 'targets -set -filter {jtag_cable_name =~ "RealDigital Boo 8874042404B4A" && level==0 && jtag_device_ctx=="jsn1-0362f093-0"}' command is executed.
18:49:30 INFO  : Device configured successfully with "/home/jashshah/Desktop/Embedded_Lab/Lab_3/workspace/Encoder/_ide/bitstream/bd_wrapper.bit"
18:49:30 INFO  : Context for processor 'microblaze_0' is selected.
18:49:30 INFO  : Hardware design and registers information is loaded from '/home/jashshah/Desktop/Embedded_Lab/Lab_3/workspace/Lab_3/export/Lab_3/hw/bd_wrapper.xsa'.
18:49:30 INFO  : 'configparams mdm-detect-bscan-mask 2' command is executed.
18:49:30 INFO  : Context for processor 'microblaze_0' is selected.
18:49:30 INFO  : System reset is completed.
18:49:33 INFO  : 'after 3000' command is executed.
18:49:34 INFO  : Context for processor 'microblaze_0' is selected.
18:49:34 INFO  : The application '/home/jashshah/Desktop/Embedded_Lab/Lab_3/workspace/Encoder/Debug/Encoder.elf' is downloaded to processor 'microblaze_0'.
18:49:34 INFO  : ----------------XSDB Script----------------
connect -url tcp:127.0.0.1:3121
targets -set -filter {jtag_cable_name =~ "RealDigital Boo 8874042404B4A" && level==0 && jtag_device_ctx=="jsn1-0362f093-0"}
fpga -file /home/jashshah/Desktop/Embedded_Lab/Lab_3/workspace/Encoder/_ide/bitstream/bd_wrapper.bit
targets -set -nocase -filter {name =~ "*microblaze*#0" && bscan=="USER2" }
loadhw -hw /home/jashshah/Desktop/Embedded_Lab/Lab_3/workspace/Lab_3/export/Lab_3/hw/bd_wrapper.xsa -regs
configparams mdm-detect-bscan-mask 2
targets -set -nocase -filter {name =~ "*microblaze*#0" && bscan=="USER2" }
rst -system
after 3000
targets -set -nocase -filter {name =~ "*microblaze*#0" && bscan=="USER2" }
dow /home/jashshah/Desktop/Embedded_Lab/Lab_3/workspace/Encoder/Debug/Encoder.elf
----------------End of Script----------------

18:49:34 INFO  : Context for processor 'microblaze_0' is selected.
18:49:34 INFO  : 'con' command is executed.
18:49:34 INFO  : ----------------XSDB Script (After Launch)----------------
targets -set -nocase -filter {name =~ "*microblaze*#0" && bscan=="USER2" }
con
----------------End of Script----------------

18:49:34 INFO  : Launch script is exported to file '/home/jashshah/Desktop/Embedded_Lab/Lab_3/workspace/Encoder_system/_ide/scripts/systemdebugger_encoder_system_standalone.tcl'
18:50:11 INFO  : Checking for BSP changes to sync application flags for project 'Encoder'...
18:50:18 INFO  : Disconnected from the channel tcfchan#2.
18:50:18 INFO  : Connected to target on host '127.0.0.1' and port '3121'.
18:50:19 INFO  : Jtag cable 'RealDigital Boo 8874042404B4A' is selected.
18:50:19 INFO  : 'jtag frequency' command is executed.
18:50:19 INFO  : 'targets -set -filter {jtag_cable_name =~ "RealDigital Boo 8874042404B4A" && level==0 && jtag_device_ctx=="jsn1-0362f093-0"}' command is executed.
18:50:19 INFO  : Device configured successfully with "/home/jashshah/Desktop/Embedded_Lab/Lab_3/workspace/Encoder/_ide/bitstream/bd_wrapper.bit"
18:50:20 INFO  : Context for processor 'microblaze_0' is selected.
18:50:20 INFO  : Hardware design and registers information is loaded from '/home/jashshah/Desktop/Embedded_Lab/Lab_3/workspace/Lab_3/export/Lab_3/hw/bd_wrapper.xsa'.
18:50:20 INFO  : 'configparams mdm-detect-bscan-mask 2' command is executed.
18:50:20 INFO  : Context for processor 'microblaze_0' is selected.
18:50:20 INFO  : System reset is completed.
18:50:23 INFO  : 'after 3000' command is executed.
18:50:23 INFO  : Context for processor 'microblaze_0' is selected.
18:50:23 INFO  : The application '/home/jashshah/Desktop/Embedded_Lab/Lab_3/workspace/Encoder/Debug/Encoder.elf' is downloaded to processor 'microblaze_0'.
18:50:23 INFO  : ----------------XSDB Script----------------
connect -url tcp:127.0.0.1:3121
targets -set -filter {jtag_cable_name =~ "RealDigital Boo 8874042404B4A" && level==0 && jtag_device_ctx=="jsn1-0362f093-0"}
fpga -file /home/jashshah/Desktop/Embedded_Lab/Lab_3/workspace/Encoder/_ide/bitstream/bd_wrapper.bit
targets -set -nocase -filter {name =~ "*microblaze*#0" && bscan=="USER2" }
loadhw -hw /home/jashshah/Desktop/Embedded_Lab/Lab_3/workspace/Lab_3/export/Lab_3/hw/bd_wrapper.xsa -regs
configparams mdm-detect-bscan-mask 2
targets -set -nocase -filter {name =~ "*microblaze*#0" && bscan=="USER2" }
rst -system
after 3000
targets -set -nocase -filter {name =~ "*microblaze*#0" && bscan=="USER2" }
dow /home/jashshah/Desktop/Embedded_Lab/Lab_3/workspace/Encoder/Debug/Encoder.elf
----------------End of Script----------------

18:50:23 INFO  : Context for processor 'microblaze_0' is selected.
18:50:23 INFO  : 'con' command is executed.
18:50:23 INFO  : ----------------XSDB Script (After Launch)----------------
targets -set -nocase -filter {name =~ "*microblaze*#0" && bscan=="USER2" }
con
----------------End of Script----------------

18:50:23 INFO  : Launch script is exported to file '/home/jashshah/Desktop/Embedded_Lab/Lab_3/workspace/Encoder_system/_ide/scripts/systemdebugger_encoder_system_standalone.tcl'
18:52:09 INFO  : Checking for BSP changes to sync application flags for project 'Encoder'...
18:52:41 INFO  : Checking for BSP changes to sync application flags for project 'Encoder'...
18:52:49 INFO  : Disconnected from the channel tcfchan#3.
18:52:49 INFO  : Connected to target on host '127.0.0.1' and port '3121'.
18:52:50 INFO  : Jtag cable 'RealDigital Boo 8874042404B4A' is selected.
18:52:50 INFO  : 'jtag frequency' command is executed.
18:52:51 INFO  : 'targets -set -filter {jtag_cable_name =~ "RealDigital Boo 8874042404B4A" && level==0 && jtag_device_ctx=="jsn1-0362f093-0"}' command is executed.
18:52:52 INFO  : Device configured successfully with "/home/jashshah/Desktop/Embedded_Lab/Lab_3/workspace/Encoder/_ide/bitstream/bd_wrapper.bit"
18:52:52 INFO  : Context for processor 'microblaze_0' is selected.
18:52:52 INFO  : Hardware design and registers information is loaded from '/home/jashshah/Desktop/Embedded_Lab/Lab_3/workspace/Lab_3/export/Lab_3/hw/bd_wrapper.xsa'.
18:52:52 INFO  : 'configparams mdm-detect-bscan-mask 2' command is executed.
18:52:52 INFO  : Context for processor 'microblaze_0' is selected.
18:52:52 INFO  : System reset is completed.
18:52:55 INFO  : 'after 3000' command is executed.
18:52:55 INFO  : Context for processor 'microblaze_0' is selected.
18:52:55 INFO  : The application '/home/jashshah/Desktop/Embedded_Lab/Lab_3/workspace/Encoder/Debug/Encoder.elf' is downloaded to processor 'microblaze_0'.
18:52:55 INFO  : ----------------XSDB Script----------------
connect -url tcp:127.0.0.1:3121
targets -set -filter {jtag_cable_name =~ "RealDigital Boo 8874042404B4A" && level==0 && jtag_device_ctx=="jsn1-0362f093-0"}
fpga -file /home/jashshah/Desktop/Embedded_Lab/Lab_3/workspace/Encoder/_ide/bitstream/bd_wrapper.bit
targets -set -nocase -filter {name =~ "*microblaze*#0" && bscan=="USER2" }
loadhw -hw /home/jashshah/Desktop/Embedded_Lab/Lab_3/workspace/Lab_3/export/Lab_3/hw/bd_wrapper.xsa -regs
configparams mdm-detect-bscan-mask 2
targets -set -nocase -filter {name =~ "*microblaze*#0" && bscan=="USER2" }
rst -system
after 3000
targets -set -nocase -filter {name =~ "*microblaze*#0" && bscan=="USER2" }
dow /home/jashshah/Desktop/Embedded_Lab/Lab_3/workspace/Encoder/Debug/Encoder.elf
----------------End of Script----------------

18:52:56 INFO  : Context for processor 'microblaze_0' is selected.
18:52:56 INFO  : 'con' command is executed.
18:52:56 INFO  : ----------------XSDB Script (After Launch)----------------
targets -set -nocase -filter {name =~ "*microblaze*#0" && bscan=="USER2" }
con
----------------End of Script----------------

18:52:56 INFO  : Launch script is exported to file '/home/jashshah/Desktop/Embedded_Lab/Lab_3/workspace/Encoder_system/_ide/scripts/systemdebugger_encoder_system_standalone.tcl'
18:55:17 INFO  : Checking for BSP changes to sync application flags for project 'Encoder'...
18:55:22 INFO  : Disconnected from the channel tcfchan#4.
18:55:22 INFO  : Connected to target on host '127.0.0.1' and port '3121'.
18:55:23 INFO  : Jtag cable 'RealDigital Boo 8874042404B4A' is selected.
18:55:23 INFO  : 'jtag frequency' command is executed.
18:55:23 INFO  : 'targets -set -filter {jtag_cable_name =~ "RealDigital Boo 8874042404B4A" && level==0 && jtag_device_ctx=="jsn1-0362f093-0"}' command is executed.
18:55:24 INFO  : Device configured successfully with "/home/jashshah/Desktop/Embedded_Lab/Lab_3/workspace/Encoder/_ide/bitstream/bd_wrapper.bit"
18:55:24 INFO  : Context for processor 'microblaze_0' is selected.
18:55:24 INFO  : Hardware design and registers information is loaded from '/home/jashshah/Desktop/Embedded_Lab/Lab_3/workspace/Lab_3/export/Lab_3/hw/bd_wrapper.xsa'.
18:55:24 INFO  : 'configparams mdm-detect-bscan-mask 2' command is executed.
18:55:24 INFO  : Context for processor 'microblaze_0' is selected.
18:55:24 INFO  : System reset is completed.
18:55:27 INFO  : 'after 3000' command is executed.
18:55:27 INFO  : Context for processor 'microblaze_0' is selected.
18:55:27 INFO  : The application '/home/jashshah/Desktop/Embedded_Lab/Lab_3/workspace/Encoder/Debug/Encoder.elf' is downloaded to processor 'microblaze_0'.
18:55:27 INFO  : ----------------XSDB Script----------------
connect -url tcp:127.0.0.1:3121
targets -set -filter {jtag_cable_name =~ "RealDigital Boo 8874042404B4A" && level==0 && jtag_device_ctx=="jsn1-0362f093-0"}
fpga -file /home/jashshah/Desktop/Embedded_Lab/Lab_3/workspace/Encoder/_ide/bitstream/bd_wrapper.bit
targets -set -nocase -filter {name =~ "*microblaze*#0" && bscan=="USER2" }
loadhw -hw /home/jashshah/Desktop/Embedded_Lab/Lab_3/workspace/Lab_3/export/Lab_3/hw/bd_wrapper.xsa -regs
configparams mdm-detect-bscan-mask 2
targets -set -nocase -filter {name =~ "*microblaze*#0" && bscan=="USER2" }
rst -system
after 3000
targets -set -nocase -filter {name =~ "*microblaze*#0" && bscan=="USER2" }
dow /home/jashshah/Desktop/Embedded_Lab/Lab_3/workspace/Encoder/Debug/Encoder.elf
----------------End of Script----------------

18:55:27 INFO  : Context for processor 'microblaze_0' is selected.
18:55:28 INFO  : 'con' command is executed.
18:55:28 INFO  : ----------------XSDB Script (After Launch)----------------
targets -set -nocase -filter {name =~ "*microblaze*#0" && bscan=="USER2" }
con
----------------End of Script----------------

18:55:28 INFO  : Launch script is exported to file '/home/jashshah/Desktop/Embedded_Lab/Lab_3/workspace/Encoder_system/_ide/scripts/systemdebugger_encoder_system_standalone.tcl'
18:57:27 INFO  : Checking for BSP changes to sync application flags for project 'Encoder'...
18:57:31 INFO  : Disconnected from the channel tcfchan#5.
18:57:31 INFO  : Connected to target on host '127.0.0.1' and port '3121'.
18:57:31 INFO  : Jtag cable 'RealDigital Boo 8874042404B4A' is selected.
18:57:31 INFO  : 'jtag frequency' command is executed.
18:57:31 INFO  : 'targets -set -filter {jtag_cable_name =~ "RealDigital Boo 8874042404B4A" && level==0 && jtag_device_ctx=="jsn1-0362f093-0"}' command is executed.
18:57:32 INFO  : Device configured successfully with "/home/jashshah/Desktop/Embedded_Lab/Lab_3/workspace/Encoder/_ide/bitstream/bd_wrapper.bit"
18:57:32 INFO  : Context for processor 'microblaze_0' is selected.
18:57:32 INFO  : Hardware design and registers information is loaded from '/home/jashshah/Desktop/Embedded_Lab/Lab_3/workspace/Lab_3/export/Lab_3/hw/bd_wrapper.xsa'.
18:57:32 INFO  : 'configparams mdm-detect-bscan-mask 2' command is executed.
18:57:32 INFO  : Context for processor 'microblaze_0' is selected.
18:57:32 INFO  : System reset is completed.
18:57:35 INFO  : 'after 3000' command is executed.
18:57:35 INFO  : Context for processor 'microblaze_0' is selected.
18:57:35 INFO  : The application '/home/jashshah/Desktop/Embedded_Lab/Lab_3/workspace/Encoder/Debug/Encoder.elf' is downloaded to processor 'microblaze_0'.
18:57:35 INFO  : ----------------XSDB Script----------------
connect -url tcp:127.0.0.1:3121
targets -set -filter {jtag_cable_name =~ "RealDigital Boo 8874042404B4A" && level==0 && jtag_device_ctx=="jsn1-0362f093-0"}
fpga -file /home/jashshah/Desktop/Embedded_Lab/Lab_3/workspace/Encoder/_ide/bitstream/bd_wrapper.bit
targets -set -nocase -filter {name =~ "*microblaze*#0" && bscan=="USER2" }
loadhw -hw /home/jashshah/Desktop/Embedded_Lab/Lab_3/workspace/Lab_3/export/Lab_3/hw/bd_wrapper.xsa -regs
configparams mdm-detect-bscan-mask 2
targets -set -nocase -filter {name =~ "*microblaze*#0" && bscan=="USER2" }
rst -system
after 3000
targets -set -nocase -filter {name =~ "*microblaze*#0" && bscan=="USER2" }
dow /home/jashshah/Desktop/Embedded_Lab/Lab_3/workspace/Encoder/Debug/Encoder.elf
----------------End of Script----------------

18:57:35 INFO  : Context for processor 'microblaze_0' is selected.
18:57:35 INFO  : 'con' command is executed.
18:57:35 INFO  : ----------------XSDB Script (After Launch)----------------
targets -set -nocase -filter {name =~ "*microblaze*#0" && bscan=="USER2" }
con
----------------End of Script----------------

18:57:35 INFO  : Launch script is exported to file '/home/jashshah/Desktop/Embedded_Lab/Lab_3/workspace/Encoder_system/_ide/scripts/systemdebugger_encoder_system_standalone.tcl'
18:58:29 INFO  : Checking for BSP changes to sync application flags for project 'Encoder'...
18:58:31 INFO  : Disconnected from the channel tcfchan#6.
18:58:31 INFO  : Connected to target on host '127.0.0.1' and port '3121'.
18:58:31 INFO  : Jtag cable 'RealDigital Boo 8874042404B4A' is selected.
18:58:31 INFO  : 'jtag frequency' command is executed.
18:58:32 INFO  : 'targets -set -filter {jtag_cable_name =~ "RealDigital Boo 8874042404B4A" && level==0 && jtag_device_ctx=="jsn1-0362f093-0"}' command is executed.
18:58:32 INFO  : Device configured successfully with "/home/jashshah/Desktop/Embedded_Lab/Lab_3/workspace/Encoder/_ide/bitstream/bd_wrapper.bit"
18:58:32 INFO  : Context for processor 'microblaze_0' is selected.
18:58:32 INFO  : Hardware design and registers information is loaded from '/home/jashshah/Desktop/Embedded_Lab/Lab_3/workspace/Lab_3/export/Lab_3/hw/bd_wrapper.xsa'.
18:58:32 INFO  : 'configparams mdm-detect-bscan-mask 2' command is executed.
18:58:32 INFO  : Context for processor 'microblaze_0' is selected.
18:58:32 INFO  : System reset is completed.
18:58:35 INFO  : 'after 3000' command is executed.
18:58:36 INFO  : Context for processor 'microblaze_0' is selected.
18:58:36 INFO  : The application '/home/jashshah/Desktop/Embedded_Lab/Lab_3/workspace/Encoder/Debug/Encoder.elf' is downloaded to processor 'microblaze_0'.
18:58:36 INFO  : ----------------XSDB Script----------------
connect -url tcp:127.0.0.1:3121
targets -set -filter {jtag_cable_name =~ "RealDigital Boo 8874042404B4A" && level==0 && jtag_device_ctx=="jsn1-0362f093-0"}
fpga -file /home/jashshah/Desktop/Embedded_Lab/Lab_3/workspace/Encoder/_ide/bitstream/bd_wrapper.bit
targets -set -nocase -filter {name =~ "*microblaze*#0" && bscan=="USER2" }
loadhw -hw /home/jashshah/Desktop/Embedded_Lab/Lab_3/workspace/Lab_3/export/Lab_3/hw/bd_wrapper.xsa -regs
configparams mdm-detect-bscan-mask 2
targets -set -nocase -filter {name =~ "*microblaze*#0" && bscan=="USER2" }
rst -system
after 3000
targets -set -nocase -filter {name =~ "*microblaze*#0" && bscan=="USER2" }
dow /home/jashshah/Desktop/Embedded_Lab/Lab_3/workspace/Encoder/Debug/Encoder.elf
----------------End of Script----------------

18:58:36 INFO  : Context for processor 'microblaze_0' is selected.
18:58:36 INFO  : 'con' command is executed.
18:58:36 INFO  : ----------------XSDB Script (After Launch)----------------
targets -set -nocase -filter {name =~ "*microblaze*#0" && bscan=="USER2" }
con
----------------End of Script----------------

18:58:36 INFO  : Launch script is exported to file '/home/jashshah/Desktop/Embedded_Lab/Lab_3/workspace/Encoder_system/_ide/scripts/systemdebugger_encoder_system_standalone.tcl'
18:59:27 INFO  : Checking for BSP changes to sync application flags for project 'Encoder'...
18:59:29 INFO  : Checking for BSP changes to sync application flags for project 'Encoder'...
18:59:31 INFO  : Disconnected from the channel tcfchan#7.
18:59:31 INFO  : Connected to target on host '127.0.0.1' and port '3121'.
18:59:32 INFO  : Jtag cable 'RealDigital Boo 8874042404B4A' is selected.
18:59:32 INFO  : 'jtag frequency' command is executed.
18:59:32 INFO  : 'targets -set -filter {jtag_cable_name =~ "RealDigital Boo 8874042404B4A" && level==0 && jtag_device_ctx=="jsn1-0362f093-0"}' command is executed.
18:59:33 INFO  : Device configured successfully with "/home/jashshah/Desktop/Embedded_Lab/Lab_3/workspace/Encoder/_ide/bitstream/bd_wrapper.bit"
18:59:33 INFO  : Context for processor 'microblaze_0' is selected.
18:59:33 INFO  : Hardware design and registers information is loaded from '/home/jashshah/Desktop/Embedded_Lab/Lab_3/workspace/Lab_3/export/Lab_3/hw/bd_wrapper.xsa'.
18:59:33 INFO  : 'configparams mdm-detect-bscan-mask 2' command is executed.
18:59:33 INFO  : Context for processor 'microblaze_0' is selected.
18:59:33 INFO  : System reset is completed.
18:59:36 INFO  : 'after 3000' command is executed.
18:59:36 INFO  : Context for processor 'microblaze_0' is selected.
18:59:36 INFO  : The application '/home/jashshah/Desktop/Embedded_Lab/Lab_3/workspace/Encoder/Debug/Encoder.elf' is downloaded to processor 'microblaze_0'.
18:59:36 INFO  : ----------------XSDB Script----------------
connect -url tcp:127.0.0.1:3121
targets -set -filter {jtag_cable_name =~ "RealDigital Boo 8874042404B4A" && level==0 && jtag_device_ctx=="jsn1-0362f093-0"}
fpga -file /home/jashshah/Desktop/Embedded_Lab/Lab_3/workspace/Encoder/_ide/bitstream/bd_wrapper.bit
targets -set -nocase -filter {name =~ "*microblaze*#0" && bscan=="USER2" }
loadhw -hw /home/jashshah/Desktop/Embedded_Lab/Lab_3/workspace/Lab_3/export/Lab_3/hw/bd_wrapper.xsa -regs
configparams mdm-detect-bscan-mask 2
targets -set -nocase -filter {name =~ "*microblaze*#0" && bscan=="USER2" }
rst -system
after 3000
targets -set -nocase -filter {name =~ "*microblaze*#0" && bscan=="USER2" }
dow /home/jashshah/Desktop/Embedded_Lab/Lab_3/workspace/Encoder/Debug/Encoder.elf
----------------End of Script----------------

18:59:36 INFO  : Context for processor 'microblaze_0' is selected.
18:59:36 INFO  : 'con' command is executed.
18:59:36 INFO  : ----------------XSDB Script (After Launch)----------------
targets -set -nocase -filter {name =~ "*microblaze*#0" && bscan=="USER2" }
con
----------------End of Script----------------

18:59:36 INFO  : Launch script is exported to file '/home/jashshah/Desktop/Embedded_Lab/Lab_3/workspace/Encoder_system/_ide/scripts/systemdebugger_encoder_system_standalone.tcl'
19:00:44 INFO  : Checking for BSP changes to sync application flags for project 'Encoder'...
19:00:55 INFO  : Disconnected from the channel tcfchan#8.
19:00:55 INFO  : Connected to target on host '127.0.0.1' and port '3121'.
19:00:57 INFO  : Jtag cable 'RealDigital Boo 8874042404B4A' is selected.
19:00:57 INFO  : 'jtag frequency' command is executed.
19:00:58 INFO  : 'targets -set -filter {jtag_cable_name =~ "RealDigital Boo 8874042404B4A" && level==0 && jtag_device_ctx=="jsn1-0362f093-0"}' command is executed.
19:00:58 INFO  : Device configured successfully with "/home/jashshah/Desktop/Embedded_Lab/Lab_3/workspace/Encoder/_ide/bitstream/bd_wrapper.bit"
19:00:58 INFO  : Context for processor 'microblaze_0' is selected.
19:00:59 INFO  : Hardware design and registers information is loaded from '/home/jashshah/Desktop/Embedded_Lab/Lab_3/workspace/Lab_3/export/Lab_3/hw/bd_wrapper.xsa'.
19:00:59 INFO  : 'configparams mdm-detect-bscan-mask 2' command is executed.
19:00:59 INFO  : Context for processor 'microblaze_0' is selected.
19:00:59 INFO  : System reset is completed.
19:01:02 INFO  : 'after 3000' command is executed.
19:01:02 INFO  : Context for processor 'microblaze_0' is selected.
19:01:02 INFO  : The application '/home/jashshah/Desktop/Embedded_Lab/Lab_3/workspace/Encoder/Debug/Encoder.elf' is downloaded to processor 'microblaze_0'.
19:01:02 INFO  : ----------------XSDB Script----------------
connect -url tcp:127.0.0.1:3121
targets -set -filter {jtag_cable_name =~ "RealDigital Boo 8874042404B4A" && level==0 && jtag_device_ctx=="jsn1-0362f093-0"}
fpga -file /home/jashshah/Desktop/Embedded_Lab/Lab_3/workspace/Encoder/_ide/bitstream/bd_wrapper.bit
targets -set -nocase -filter {name =~ "*microblaze*#0" && bscan=="USER2" }
loadhw -hw /home/jashshah/Desktop/Embedded_Lab/Lab_3/workspace/Lab_3/export/Lab_3/hw/bd_wrapper.xsa -regs
configparams mdm-detect-bscan-mask 2
targets -set -nocase -filter {name =~ "*microblaze*#0" && bscan=="USER2" }
rst -system
after 3000
targets -set -nocase -filter {name =~ "*microblaze*#0" && bscan=="USER2" }
dow /home/jashshah/Desktop/Embedded_Lab/Lab_3/workspace/Encoder/Debug/Encoder.elf
----------------End of Script----------------

19:01:03 INFO  : Context for processor 'microblaze_0' is selected.
19:01:03 INFO  : 'con' command is executed.
19:01:03 INFO  : ----------------XSDB Script (After Launch)----------------
targets -set -nocase -filter {name =~ "*microblaze*#0" && bscan=="USER2" }
con
----------------End of Script----------------

19:01:03 INFO  : Launch script is exported to file '/home/jashshah/Desktop/Embedded_Lab/Lab_3/workspace/Encoder_system/_ide/scripts/systemdebugger_encoder_system_standalone.tcl'
20:59:07 INFO  : Checking for BSP changes to sync application flags for project 'Encoder'...
21:00:03 INFO  : Checking for BSP changes to sync application flags for project 'Encoder'...
21:01:00 INFO  : Checking for BSP changes to sync application flags for project 'Encoder'...
21:01:50 INFO  : Checking for BSP changes to sync application flags for project 'Encoder'...
21:02:09 INFO  : Checking for BSP changes to sync application flags for project 'Encoder'...
21:04:31 INFO  : Checking for BSP changes to sync application flags for project 'Encoder'...
21:04:51 INFO  : Checking for BSP changes to sync application flags for project 'Encoder'...
21:06:16 INFO  : Checking for BSP changes to sync application flags for project 'Encoder'...
21:06:30 INFO  : Checking for BSP changes to sync application flags for project 'Encoder'...
21:06:39 INFO  : Disconnected from the channel tcfchan#9.
21:06:39 INFO  : Connected to target on host '127.0.0.1' and port '3121'.
21:06:40 INFO  : Jtag cable 'RealDigital Boo 8874042404B4A' is selected.
21:06:40 INFO  : 'jtag frequency' command is executed.
21:06:40 INFO  : 'targets -set -filter {jtag_cable_name =~ "RealDigital Boo 8874042404B4A" && level==0 && jtag_device_ctx=="jsn1-0362f093-0"}' command is executed.
21:06:41 INFO  : Device configured successfully with "/home/jashshah/Desktop/Embedded_Lab/Lab_3/workspace/Encoder/_ide/bitstream/bd_wrapper.bit"
21:06:41 INFO  : Context for processor 'microblaze_0' is selected.
21:06:41 INFO  : Hardware design and registers information is loaded from '/home/jashshah/Desktop/Embedded_Lab/Lab_3/workspace/Lab_3/export/Lab_3/hw/bd_wrapper.xsa'.
21:06:41 INFO  : 'configparams mdm-detect-bscan-mask 2' command is executed.
21:06:41 INFO  : Context for processor 'microblaze_0' is selected.
21:06:41 INFO  : System reset is completed.
21:06:44 INFO  : 'after 3000' command is executed.
21:06:44 INFO  : Context for processor 'microblaze_0' is selected.
21:06:44 INFO  : The application '/home/jashshah/Desktop/Embedded_Lab/Lab_3/workspace/Encoder/Debug/Encoder.elf' is downloaded to processor 'microblaze_0'.
21:06:44 INFO  : ----------------XSDB Script----------------
connect -url tcp:127.0.0.1:3121
targets -set -filter {jtag_cable_name =~ "RealDigital Boo 8874042404B4A" && level==0 && jtag_device_ctx=="jsn1-0362f093-0"}
fpga -file /home/jashshah/Desktop/Embedded_Lab/Lab_3/workspace/Encoder/_ide/bitstream/bd_wrapper.bit
targets -set -nocase -filter {name =~ "*microblaze*#0" && bscan=="USER2" }
loadhw -hw /home/jashshah/Desktop/Embedded_Lab/Lab_3/workspace/Lab_3/export/Lab_3/hw/bd_wrapper.xsa -regs
configparams mdm-detect-bscan-mask 2
targets -set -nocase -filter {name =~ "*microblaze*#0" && bscan=="USER2" }
rst -system
after 3000
targets -set -nocase -filter {name =~ "*microblaze*#0" && bscan=="USER2" }
dow /home/jashshah/Desktop/Embedded_Lab/Lab_3/workspace/Encoder/Debug/Encoder.elf
----------------End of Script----------------

21:06:44 INFO  : Context for processor 'microblaze_0' is selected.
21:06:44 INFO  : 'con' command is executed.
21:06:44 INFO  : ----------------XSDB Script (After Launch)----------------
targets -set -nocase -filter {name =~ "*microblaze*#0" && bscan=="USER2" }
con
----------------End of Script----------------

21:06:44 INFO  : Launch script is exported to file '/home/jashshah/Desktop/Embedded_Lab/Lab_3/workspace/Encoder_system/_ide/scripts/systemdebugger_encoder_system_standalone.tcl'
21:10:25 INFO  : Checking for BSP changes to sync application flags for project 'Encoder'...
21:10:30 INFO  : Disconnected from the channel tcfchan#10.
21:10:30 INFO  : Connected to target on host '127.0.0.1' and port '3121'.
21:10:31 INFO  : Jtag cable 'RealDigital Boo 8874042404B4A' is selected.
21:10:31 INFO  : 'jtag frequency' command is executed.
21:10:31 INFO  : 'targets -set -filter {jtag_cable_name =~ "RealDigital Boo 8874042404B4A" && level==0 && jtag_device_ctx=="jsn1-0362f093-0"}' command is executed.
21:10:32 INFO  : Device configured successfully with "/home/jashshah/Desktop/Embedded_Lab/Lab_3/workspace/Encoder/_ide/bitstream/bd_wrapper.bit"
21:10:32 INFO  : Context for processor 'microblaze_0' is selected.
21:10:32 INFO  : Hardware design and registers information is loaded from '/home/jashshah/Desktop/Embedded_Lab/Lab_3/workspace/Lab_3/export/Lab_3/hw/bd_wrapper.xsa'.
21:10:32 INFO  : 'configparams mdm-detect-bscan-mask 2' command is executed.
21:10:32 INFO  : Context for processor 'microblaze_0' is selected.
21:10:32 INFO  : System reset is completed.
21:10:35 INFO  : 'after 3000' command is executed.
21:10:35 INFO  : Context for processor 'microblaze_0' is selected.
21:10:35 INFO  : The application '/home/jashshah/Desktop/Embedded_Lab/Lab_3/workspace/Encoder/Debug/Encoder.elf' is downloaded to processor 'microblaze_0'.
21:10:35 INFO  : ----------------XSDB Script----------------
connect -url tcp:127.0.0.1:3121
targets -set -filter {jtag_cable_name =~ "RealDigital Boo 8874042404B4A" && level==0 && jtag_device_ctx=="jsn1-0362f093-0"}
fpga -file /home/jashshah/Desktop/Embedded_Lab/Lab_3/workspace/Encoder/_ide/bitstream/bd_wrapper.bit
targets -set -nocase -filter {name =~ "*microblaze*#0" && bscan=="USER2" }
loadhw -hw /home/jashshah/Desktop/Embedded_Lab/Lab_3/workspace/Lab_3/export/Lab_3/hw/bd_wrapper.xsa -regs
configparams mdm-detect-bscan-mask 2
targets -set -nocase -filter {name =~ "*microblaze*#0" && bscan=="USER2" }
rst -system
after 3000
targets -set -nocase -filter {name =~ "*microblaze*#0" && bscan=="USER2" }
dow /home/jashshah/Desktop/Embedded_Lab/Lab_3/workspace/Encoder/Debug/Encoder.elf
----------------End of Script----------------

21:10:36 INFO  : Context for processor 'microblaze_0' is selected.
21:10:36 INFO  : 'con' command is executed.
21:10:36 INFO  : ----------------XSDB Script (After Launch)----------------
targets -set -nocase -filter {name =~ "*microblaze*#0" && bscan=="USER2" }
con
----------------End of Script----------------

21:10:36 INFO  : Launch script is exported to file '/home/jashshah/Desktop/Embedded_Lab/Lab_3/workspace/Encoder_system/_ide/scripts/systemdebugger_encoder_system_standalone.tcl'
21:12:51 INFO  : Checking for BSP changes to sync application flags for project 'Encoder'...
21:13:04 INFO  : Disconnected from the channel tcfchan#11.
21:13:05 INFO  : Connected to target on host '127.0.0.1' and port '3121'.
21:13:05 INFO  : Jtag cable 'RealDigital Boo 8874042404B4A' is selected.
21:13:05 INFO  : 'jtag frequency' command is executed.
21:13:05 INFO  : 'targets -set -filter {jtag_cable_name =~ "RealDigital Boo 8874042404B4A" && level==0 && jtag_device_ctx=="jsn1-0362f093-0"}' command is executed.
21:13:06 INFO  : Device configured successfully with "/home/jashshah/Desktop/Embedded_Lab/Lab_3/workspace/Encoder/_ide/bitstream/bd_wrapper.bit"
21:13:06 INFO  : Context for processor 'microblaze_0' is selected.
21:13:06 INFO  : Hardware design and registers information is loaded from '/home/jashshah/Desktop/Embedded_Lab/Lab_3/workspace/Lab_3/export/Lab_3/hw/bd_wrapper.xsa'.
21:13:06 INFO  : 'configparams mdm-detect-bscan-mask 2' command is executed.
21:13:06 INFO  : Context for processor 'microblaze_0' is selected.
21:13:06 INFO  : System reset is completed.
21:13:10 INFO  : 'after 3000' command is executed.
21:13:10 INFO  : Context for processor 'microblaze_0' is selected.
21:13:10 INFO  : The application '/home/jashshah/Desktop/Embedded_Lab/Lab_3/workspace/Encoder/Debug/Encoder.elf' is downloaded to processor 'microblaze_0'.
21:13:10 INFO  : ----------------XSDB Script----------------
connect -url tcp:127.0.0.1:3121
targets -set -filter {jtag_cable_name =~ "RealDigital Boo 8874042404B4A" && level==0 && jtag_device_ctx=="jsn1-0362f093-0"}
fpga -file /home/jashshah/Desktop/Embedded_Lab/Lab_3/workspace/Encoder/_ide/bitstream/bd_wrapper.bit
targets -set -nocase -filter {name =~ "*microblaze*#0" && bscan=="USER2" }
loadhw -hw /home/jashshah/Desktop/Embedded_Lab/Lab_3/workspace/Lab_3/export/Lab_3/hw/bd_wrapper.xsa -regs
configparams mdm-detect-bscan-mask 2
targets -set -nocase -filter {name =~ "*microblaze*#0" && bscan=="USER2" }
rst -system
after 3000
targets -set -nocase -filter {name =~ "*microblaze*#0" && bscan=="USER2" }
dow /home/jashshah/Desktop/Embedded_Lab/Lab_3/workspace/Encoder/Debug/Encoder.elf
----------------End of Script----------------

21:13:10 INFO  : Context for processor 'microblaze_0' is selected.
21:13:10 INFO  : 'con' command is executed.
21:13:10 INFO  : ----------------XSDB Script (After Launch)----------------
targets -set -nocase -filter {name =~ "*microblaze*#0" && bscan=="USER2" }
con
----------------End of Script----------------

21:13:10 INFO  : Launch script is exported to file '/home/jashshah/Desktop/Embedded_Lab/Lab_3/workspace/Encoder_system/_ide/scripts/systemdebugger_encoder_system_1_standalone.tcl'
21:14:21 INFO  : Checking for BSP changes to sync application flags for project 'Encoder'...
21:17:13 INFO  : Checking for BSP changes to sync application flags for project 'Encoder'...
21:17:23 INFO  : Disconnected from the channel tcfchan#12.
21:17:23 INFO  : Connected to target on host '127.0.0.1' and port '3121'.
21:17:23 INFO  : Jtag cable 'RealDigital Boo 8874042404B4A' is selected.
21:17:23 INFO  : 'jtag frequency' command is executed.
21:17:24 INFO  : 'targets -set -filter {jtag_cable_name =~ "RealDigital Boo 8874042404B4A" && level==0 && jtag_device_ctx=="jsn1-0362f093-0"}' command is executed.
21:17:24 INFO  : Device configured successfully with "/home/jashshah/Desktop/Embedded_Lab/Lab_3/workspace/Encoder/_ide/bitstream/bd_wrapper.bit"
21:17:24 INFO  : Context for processor 'microblaze_0' is selected.
21:17:24 INFO  : Hardware design and registers information is loaded from '/home/jashshah/Desktop/Embedded_Lab/Lab_3/workspace/Lab_3/export/Lab_3/hw/bd_wrapper.xsa'.
21:17:24 INFO  : 'configparams mdm-detect-bscan-mask 2' command is executed.
21:17:24 INFO  : Context for processor 'microblaze_0' is selected.
21:17:24 INFO  : System reset is completed.
21:17:27 INFO  : 'after 3000' command is executed.
21:17:28 INFO  : Context for processor 'microblaze_0' is selected.
21:17:28 INFO  : The application '/home/jashshah/Desktop/Embedded_Lab/Lab_3/workspace/Encoder/Debug/Encoder.elf' is downloaded to processor 'microblaze_0'.
21:17:28 INFO  : ----------------XSDB Script----------------
connect -url tcp:127.0.0.1:3121
targets -set -filter {jtag_cable_name =~ "RealDigital Boo 8874042404B4A" && level==0 && jtag_device_ctx=="jsn1-0362f093-0"}
fpga -file /home/jashshah/Desktop/Embedded_Lab/Lab_3/workspace/Encoder/_ide/bitstream/bd_wrapper.bit
targets -set -nocase -filter {name =~ "*microblaze*#0" && bscan=="USER2" }
loadhw -hw /home/jashshah/Desktop/Embedded_Lab/Lab_3/workspace/Lab_3/export/Lab_3/hw/bd_wrapper.xsa -regs
configparams mdm-detect-bscan-mask 2
targets -set -nocase -filter {name =~ "*microblaze*#0" && bscan=="USER2" }
rst -system
after 3000
targets -set -nocase -filter {name =~ "*microblaze*#0" && bscan=="USER2" }
dow /home/jashshah/Desktop/Embedded_Lab/Lab_3/workspace/Encoder/Debug/Encoder.elf
----------------End of Script----------------

21:17:28 INFO  : Context for processor 'microblaze_0' is selected.
21:17:28 INFO  : 'con' command is executed.
21:17:28 INFO  : ----------------XSDB Script (After Launch)----------------
targets -set -nocase -filter {name =~ "*microblaze*#0" && bscan=="USER2" }
con
----------------End of Script----------------

21:17:29 INFO  : Launch script is exported to file '/home/jashshah/Desktop/Embedded_Lab/Lab_3/workspace/Encoder_system/_ide/scripts/systemdebugger_encoder_system_1_standalone.tcl'
21:17:40 INFO  : Checking for BSP changes to sync application flags for project 'Encoder'...
21:17:56 INFO  : Checking for BSP changes to sync application flags for project 'Encoder'...
21:18:01 INFO  : Disconnected from the channel tcfchan#13.
21:18:01 INFO  : Connected to target on host '127.0.0.1' and port '3121'.
21:18:02 INFO  : Jtag cable 'RealDigital Boo 8874042404B4A' is selected.
21:18:02 INFO  : 'jtag frequency' command is executed.
21:18:02 INFO  : 'targets -set -filter {jtag_cable_name =~ "RealDigital Boo 8874042404B4A" && level==0 && jtag_device_ctx=="jsn1-0362f093-0"}' command is executed.
21:18:03 INFO  : Device configured successfully with "/home/jashshah/Desktop/Embedded_Lab/Lab_3/workspace/Encoder/_ide/bitstream/bd_wrapper.bit"
21:18:03 INFO  : Context for processor 'microblaze_0' is selected.
21:18:03 INFO  : Hardware design and registers information is loaded from '/home/jashshah/Desktop/Embedded_Lab/Lab_3/workspace/Lab_3/export/Lab_3/hw/bd_wrapper.xsa'.
21:18:03 INFO  : 'configparams mdm-detect-bscan-mask 2' command is executed.
21:18:03 INFO  : Context for processor 'microblaze_0' is selected.
21:18:03 INFO  : System reset is completed.
21:18:06 INFO  : 'after 3000' command is executed.
21:18:06 INFO  : Context for processor 'microblaze_0' is selected.
21:18:06 INFO  : The application '/home/jashshah/Desktop/Embedded_Lab/Lab_3/workspace/Encoder/Debug/Encoder.elf' is downloaded to processor 'microblaze_0'.
21:18:06 INFO  : ----------------XSDB Script----------------
connect -url tcp:127.0.0.1:3121
targets -set -filter {jtag_cable_name =~ "RealDigital Boo 8874042404B4A" && level==0 && jtag_device_ctx=="jsn1-0362f093-0"}
fpga -file /home/jashshah/Desktop/Embedded_Lab/Lab_3/workspace/Encoder/_ide/bitstream/bd_wrapper.bit
targets -set -nocase -filter {name =~ "*microblaze*#0" && bscan=="USER2" }
loadhw -hw /home/jashshah/Desktop/Embedded_Lab/Lab_3/workspace/Lab_3/export/Lab_3/hw/bd_wrapper.xsa -regs
configparams mdm-detect-bscan-mask 2
targets -set -nocase -filter {name =~ "*microblaze*#0" && bscan=="USER2" }
rst -system
after 3000
targets -set -nocase -filter {name =~ "*microblaze*#0" && bscan=="USER2" }
dow /home/jashshah/Desktop/Embedded_Lab/Lab_3/workspace/Encoder/Debug/Encoder.elf
----------------End of Script----------------

21:18:06 INFO  : Context for processor 'microblaze_0' is selected.
21:18:06 INFO  : 'con' command is executed.
21:18:06 INFO  : ----------------XSDB Script (After Launch)----------------
targets -set -nocase -filter {name =~ "*microblaze*#0" && bscan=="USER2" }
con
----------------End of Script----------------

21:18:06 INFO  : Launch script is exported to file '/home/jashshah/Desktop/Embedded_Lab/Lab_3/workspace/Encoder_system/_ide/scripts/systemdebugger_encoder_system_1_standalone.tcl'
21:21:38 INFO  : Checking for BSP changes to sync application flags for project 'Encoder'...
21:21:45 INFO  : Disconnected from the channel tcfchan#14.
21:21:45 INFO  : Connected to target on host '127.0.0.1' and port '3121'.
21:21:45 INFO  : Jtag cable 'RealDigital Boo 8874042404B4A' is selected.
21:21:45 INFO  : 'jtag frequency' command is executed.
21:21:45 INFO  : 'targets -set -filter {jtag_cable_name =~ "RealDigital Boo 8874042404B4A" && level==0 && jtag_device_ctx=="jsn1-0362f093-0"}' command is executed.
21:21:46 INFO  : Device configured successfully with "/home/jashshah/Desktop/Embedded_Lab/Lab_3/workspace/Encoder/_ide/bitstream/bd_wrapper.bit"
21:21:46 INFO  : Context for processor 'microblaze_0' is selected.
21:21:46 INFO  : Hardware design and registers information is loaded from '/home/jashshah/Desktop/Embedded_Lab/Lab_3/workspace/Lab_3/export/Lab_3/hw/bd_wrapper.xsa'.
21:21:46 INFO  : 'configparams mdm-detect-bscan-mask 2' command is executed.
21:21:46 INFO  : Context for processor 'microblaze_0' is selected.
21:21:46 INFO  : System reset is completed.
21:21:49 INFO  : 'after 3000' command is executed.
21:21:49 INFO  : Context for processor 'microblaze_0' is selected.
21:21:49 INFO  : The application '/home/jashshah/Desktop/Embedded_Lab/Lab_3/workspace/Encoder/Debug/Encoder.elf' is downloaded to processor 'microblaze_0'.
21:21:49 INFO  : ----------------XSDB Script----------------
connect -url tcp:127.0.0.1:3121
targets -set -filter {jtag_cable_name =~ "RealDigital Boo 8874042404B4A" && level==0 && jtag_device_ctx=="jsn1-0362f093-0"}
fpga -file /home/jashshah/Desktop/Embedded_Lab/Lab_3/workspace/Encoder/_ide/bitstream/bd_wrapper.bit
targets -set -nocase -filter {name =~ "*microblaze*#0" && bscan=="USER2" }
loadhw -hw /home/jashshah/Desktop/Embedded_Lab/Lab_3/workspace/Lab_3/export/Lab_3/hw/bd_wrapper.xsa -regs
configparams mdm-detect-bscan-mask 2
targets -set -nocase -filter {name =~ "*microblaze*#0" && bscan=="USER2" }
rst -system
after 3000
targets -set -nocase -filter {name =~ "*microblaze*#0" && bscan=="USER2" }
dow /home/jashshah/Desktop/Embedded_Lab/Lab_3/workspace/Encoder/Debug/Encoder.elf
----------------End of Script----------------

21:21:49 INFO  : Context for processor 'microblaze_0' is selected.
21:21:49 INFO  : 'con' command is executed.
21:21:49 INFO  : ----------------XSDB Script (After Launch)----------------
targets -set -nocase -filter {name =~ "*microblaze*#0" && bscan=="USER2" }
con
----------------End of Script----------------

21:21:49 INFO  : Launch script is exported to file '/home/jashshah/Desktop/Embedded_Lab/Lab_3/workspace/Encoder_system/_ide/scripts/systemdebugger_encoder_system_1_standalone.tcl'
21:22:58 INFO  : Disconnected from the channel tcfchan#15.
21:22:59 INFO  : Connected to target on host '127.0.0.1' and port '3121'.
21:23:00 INFO  : Jtag cable 'RealDigital Boo 8874042404B4A' is selected.
21:23:00 INFO  : 'jtag frequency' command is executed.
21:23:00 INFO  : 'targets -set -filter {jtag_cable_name =~ "RealDigital Boo 8874042404B4A" && level==0 && jtag_device_ctx=="jsn1-0362f093-0"}' command is executed.
21:23:00 INFO  : Device configured successfully with "/home/jashshah/Desktop/Embedded_Lab/Lab_3/workspace/Encoder/_ide/bitstream/bd_wrapper.bit"
21:23:01 INFO  : Context for processor 'microblaze_0' is selected.
21:23:01 INFO  : Hardware design and registers information is loaded from '/home/jashshah/Desktop/Embedded_Lab/Lab_3/workspace/Lab_3/export/Lab_3/hw/bd_wrapper.xsa'.
21:23:01 INFO  : 'configparams mdm-detect-bscan-mask 2' command is executed.
21:23:01 INFO  : Context for processor 'microblaze_0' is selected.
21:23:01 INFO  : System reset is completed.
21:23:04 INFO  : 'after 3000' command is executed.
21:23:04 INFO  : Context for processor 'microblaze_0' is selected.
21:23:04 INFO  : The application '/home/jashshah/Desktop/Embedded_Lab/Lab_3/workspace/Encoder/Debug/Encoder.elf' is downloaded to processor 'microblaze_0'.
21:23:04 INFO  : ----------------XSDB Script----------------
connect -url tcp:127.0.0.1:3121
targets -set -filter {jtag_cable_name =~ "RealDigital Boo 8874042404B4A" && level==0 && jtag_device_ctx=="jsn1-0362f093-0"}
fpga -file /home/jashshah/Desktop/Embedded_Lab/Lab_3/workspace/Encoder/_ide/bitstream/bd_wrapper.bit
targets -set -nocase -filter {name =~ "*microblaze*#0" && bscan=="USER2" }
loadhw -hw /home/jashshah/Desktop/Embedded_Lab/Lab_3/workspace/Lab_3/export/Lab_3/hw/bd_wrapper.xsa -regs
configparams mdm-detect-bscan-mask 2
targets -set -nocase -filter {name =~ "*microblaze*#0" && bscan=="USER2" }
rst -system
after 3000
targets -set -nocase -filter {name =~ "*microblaze*#0" && bscan=="USER2" }
dow /home/jashshah/Desktop/Embedded_Lab/Lab_3/workspace/Encoder/Debug/Encoder.elf
----------------End of Script----------------

21:23:04 INFO  : Context for processor 'microblaze_0' is selected.
21:23:04 INFO  : 'con' command is executed.
21:23:04 INFO  : ----------------XSDB Script (After Launch)----------------
targets -set -nocase -filter {name =~ "*microblaze*#0" && bscan=="USER2" }
con
----------------End of Script----------------

21:23:04 INFO  : Launch script is exported to file '/home/jashshah/Desktop/Embedded_Lab/Lab_3/workspace/Encoder_system/_ide/scripts/systemdebugger_encoder_system_2_standalone.tcl'
21:25:49 INFO  : Checking for BSP changes to sync application flags for project 'Encoder'...
21:26:59 INFO  : Checking for BSP changes to sync application flags for project 'Encoder'...
21:27:04 INFO  : Disconnected from the channel tcfchan#16.
21:27:04 INFO  : Connected to target on host '127.0.0.1' and port '3121'.
21:27:05 INFO  : Jtag cable 'RealDigital Boo 8874042404B4A' is selected.
21:27:05 INFO  : 'jtag frequency' command is executed.
21:27:05 INFO  : 'targets -set -filter {jtag_cable_name =~ "RealDigital Boo 8874042404B4A" && level==0 && jtag_device_ctx=="jsn1-0362f093-0"}' command is executed.
21:27:05 INFO  : Device configured successfully with "/home/jashshah/Desktop/Embedded_Lab/Lab_3/workspace/Encoder/_ide/bitstream/bd_wrapper.bit"
21:27:05 INFO  : Context for processor 'microblaze_0' is selected.
21:27:05 INFO  : Hardware design and registers information is loaded from '/home/jashshah/Desktop/Embedded_Lab/Lab_3/workspace/Lab_3/export/Lab_3/hw/bd_wrapper.xsa'.
21:27:05 INFO  : 'configparams mdm-detect-bscan-mask 2' command is executed.
21:27:06 INFO  : Context for processor 'microblaze_0' is selected.
21:27:06 INFO  : System reset is completed.
21:27:09 INFO  : 'after 3000' command is executed.
21:27:09 INFO  : Context for processor 'microblaze_0' is selected.
21:27:09 INFO  : The application '/home/jashshah/Desktop/Embedded_Lab/Lab_3/workspace/Encoder/Debug/Encoder.elf' is downloaded to processor 'microblaze_0'.
21:27:09 INFO  : ----------------XSDB Script----------------
connect -url tcp:127.0.0.1:3121
targets -set -filter {jtag_cable_name =~ "RealDigital Boo 8874042404B4A" && level==0 && jtag_device_ctx=="jsn1-0362f093-0"}
fpga -file /home/jashshah/Desktop/Embedded_Lab/Lab_3/workspace/Encoder/_ide/bitstream/bd_wrapper.bit
targets -set -nocase -filter {name =~ "*microblaze*#0" && bscan=="USER2" }
loadhw -hw /home/jashshah/Desktop/Embedded_Lab/Lab_3/workspace/Lab_3/export/Lab_3/hw/bd_wrapper.xsa -regs
configparams mdm-detect-bscan-mask 2
targets -set -nocase -filter {name =~ "*microblaze*#0" && bscan=="USER2" }
rst -system
after 3000
targets -set -nocase -filter {name =~ "*microblaze*#0" && bscan=="USER2" }
dow /home/jashshah/Desktop/Embedded_Lab/Lab_3/workspace/Encoder/Debug/Encoder.elf
----------------End of Script----------------

21:27:09 INFO  : Context for processor 'microblaze_0' is selected.
21:27:09 INFO  : 'con' command is executed.
21:27:09 INFO  : ----------------XSDB Script (After Launch)----------------
targets -set -nocase -filter {name =~ "*microblaze*#0" && bscan=="USER2" }
con
----------------End of Script----------------

21:27:09 INFO  : Launch script is exported to file '/home/jashshah/Desktop/Embedded_Lab/Lab_3/workspace/Encoder_system/_ide/scripts/systemdebugger_encoder_system_2_standalone.tcl'
21:30:41 INFO  : Checking for BSP changes to sync application flags for project 'Encoder'...
21:31:16 INFO  : Disconnected from the channel tcfchan#17.
21:31:17 INFO  : Connected to target on host '127.0.0.1' and port '3121'.
21:31:18 INFO  : Jtag cable 'RealDigital Boo 8874042404B4A' is selected.
21:31:18 INFO  : 'jtag frequency' command is executed.
21:31:18 INFO  : 'targets -set -filter {jtag_cable_name =~ "RealDigital Boo 8874042404B4A" && level==0 && jtag_device_ctx=="jsn1-0362f093-0"}' command is executed.
21:31:19 INFO  : Device configured successfully with "/home/jashshah/Desktop/Embedded_Lab/Lab_3/workspace/Encoder/_ide/bitstream/bd_wrapper.bit"
21:31:19 INFO  : Context for processor 'microblaze_0' is selected.
21:31:19 INFO  : Hardware design and registers information is loaded from '/home/jashshah/Desktop/Embedded_Lab/Lab_3/workspace/Lab_3/export/Lab_3/hw/bd_wrapper.xsa'.
21:31:19 INFO  : 'configparams mdm-detect-bscan-mask 2' command is executed.
21:31:19 INFO  : Context for processor 'microblaze_0' is selected.
21:31:19 INFO  : System reset is completed.
21:31:22 INFO  : 'after 3000' command is executed.
21:31:22 INFO  : Context for processor 'microblaze_0' is selected.
21:31:22 INFO  : The application '/home/jashshah/Desktop/Embedded_Lab/Lab_3/workspace/Encoder/Debug/Encoder.elf' is downloaded to processor 'microblaze_0'.
21:31:22 INFO  : ----------------XSDB Script----------------
connect -url tcp:127.0.0.1:3121
targets -set -filter {jtag_cable_name =~ "RealDigital Boo 8874042404B4A" && level==0 && jtag_device_ctx=="jsn1-0362f093-0"}
fpga -file /home/jashshah/Desktop/Embedded_Lab/Lab_3/workspace/Encoder/_ide/bitstream/bd_wrapper.bit
targets -set -nocase -filter {name =~ "*microblaze*#0" && bscan=="USER2" }
loadhw -hw /home/jashshah/Desktop/Embedded_Lab/Lab_3/workspace/Lab_3/export/Lab_3/hw/bd_wrapper.xsa -regs
configparams mdm-detect-bscan-mask 2
targets -set -nocase -filter {name =~ "*microblaze*#0" && bscan=="USER2" }
rst -system
after 3000
targets -set -nocase -filter {name =~ "*microblaze*#0" && bscan=="USER2" }
dow /home/jashshah/Desktop/Embedded_Lab/Lab_3/workspace/Encoder/Debug/Encoder.elf
----------------End of Script----------------

21:31:22 INFO  : Context for processor 'microblaze_0' is selected.
21:31:22 INFO  : 'con' command is executed.
21:31:22 INFO  : ----------------XSDB Script (After Launch)----------------
targets -set -nocase -filter {name =~ "*microblaze*#0" && bscan=="USER2" }
con
----------------End of Script----------------

21:31:22 INFO  : Launch script is exported to file '/home/jashshah/Desktop/Embedded_Lab/Lab_3/workspace/Encoder_system/_ide/scripts/systemdebugger_encoder_system_3_standalone.tcl'
21:32:48 INFO  : Checking for BSP changes to sync application flags for project 'Encoder'...
21:32:55 INFO  : Disconnected from the channel tcfchan#18.
21:32:55 INFO  : Connected to target on host '127.0.0.1' and port '3121'.
21:32:55 INFO  : Jtag cable 'RealDigital Boo 8874042404B4A' is selected.
21:32:55 INFO  : 'jtag frequency' command is executed.
21:32:55 INFO  : 'targets -set -filter {jtag_cable_name =~ "RealDigital Boo 8874042404B4A" && level==0 && jtag_device_ctx=="jsn1-0362f093-0"}' command is executed.
21:32:56 INFO  : Device configured successfully with "/home/jashshah/Desktop/Embedded_Lab/Lab_3/workspace/Encoder/_ide/bitstream/bd_wrapper.bit"
21:32:56 INFO  : Context for processor 'microblaze_0' is selected.
21:32:56 INFO  : Hardware design and registers information is loaded from '/home/jashshah/Desktop/Embedded_Lab/Lab_3/workspace/Lab_3/export/Lab_3/hw/bd_wrapper.xsa'.
21:32:56 INFO  : 'configparams mdm-detect-bscan-mask 2' command is executed.
21:32:56 INFO  : Context for processor 'microblaze_0' is selected.
21:32:56 INFO  : System reset is completed.
21:32:59 INFO  : 'after 3000' command is executed.
21:32:59 INFO  : Context for processor 'microblaze_0' is selected.
21:32:59 INFO  : The application '/home/jashshah/Desktop/Embedded_Lab/Lab_3/workspace/Encoder/Debug/Encoder.elf' is downloaded to processor 'microblaze_0'.
21:32:59 INFO  : ----------------XSDB Script----------------
connect -url tcp:127.0.0.1:3121
targets -set -filter {jtag_cable_name =~ "RealDigital Boo 8874042404B4A" && level==0 && jtag_device_ctx=="jsn1-0362f093-0"}
fpga -file /home/jashshah/Desktop/Embedded_Lab/Lab_3/workspace/Encoder/_ide/bitstream/bd_wrapper.bit
targets -set -nocase -filter {name =~ "*microblaze*#0" && bscan=="USER2" }
loadhw -hw /home/jashshah/Desktop/Embedded_Lab/Lab_3/workspace/Lab_3/export/Lab_3/hw/bd_wrapper.xsa -regs
configparams mdm-detect-bscan-mask 2
targets -set -nocase -filter {name =~ "*microblaze*#0" && bscan=="USER2" }
rst -system
after 3000
targets -set -nocase -filter {name =~ "*microblaze*#0" && bscan=="USER2" }
dow /home/jashshah/Desktop/Embedded_Lab/Lab_3/workspace/Encoder/Debug/Encoder.elf
----------------End of Script----------------

21:32:59 INFO  : Context for processor 'microblaze_0' is selected.
21:33:00 INFO  : 'con' command is executed.
21:33:00 INFO  : ----------------XSDB Script (After Launch)----------------
targets -set -nocase -filter {name =~ "*microblaze*#0" && bscan=="USER2" }
con
----------------End of Script----------------

21:33:00 INFO  : Launch script is exported to file '/home/jashshah/Desktop/Embedded_Lab/Lab_3/workspace/Encoder_system/_ide/scripts/systemdebugger_encoder_system_3_standalone.tcl'
21:35:26 INFO  : Checking for BSP changes to sync application flags for project 'Encoder'...
21:35:45 INFO  : Checking for BSP changes to sync application flags for project 'Encoder'...
21:36:01 INFO  : Disconnected from the channel tcfchan#19.
21:36:02 INFO  : Connected to target on host '127.0.0.1' and port '3121'.
21:36:03 INFO  : Jtag cable 'RealDigital Boo 8874042404B4A' is selected.
21:36:03 INFO  : 'jtag frequency' command is executed.
21:36:03 INFO  : 'targets -set -filter {jtag_cable_name =~ "RealDigital Boo 8874042404B4A" && level==0 && jtag_device_ctx=="jsn1-0362f093-0"}' command is executed.
21:36:03 INFO  : Device configured successfully with "/home/jashshah/Desktop/Embedded_Lab/Lab_3/workspace/Encoder/_ide/bitstream/bd_wrapper.bit"
21:36:04 INFO  : Context for processor 'microblaze_0' is selected.
21:36:04 INFO  : Hardware design and registers information is loaded from '/home/jashshah/Desktop/Embedded_Lab/Lab_3/workspace/Lab_3/export/Lab_3/hw/bd_wrapper.xsa'.
21:36:04 INFO  : 'configparams mdm-detect-bscan-mask 2' command is executed.
21:36:04 INFO  : Context for processor 'microblaze_0' is selected.
21:36:04 INFO  : System reset is completed.
21:36:07 INFO  : 'after 3000' command is executed.
21:36:07 INFO  : Context for processor 'microblaze_0' is selected.
21:36:07 INFO  : The application '/home/jashshah/Desktop/Embedded_Lab/Lab_3/workspace/Encoder/Debug/Encoder.elf' is downloaded to processor 'microblaze_0'.
21:36:07 INFO  : ----------------XSDB Script----------------
connect -url tcp:127.0.0.1:3121
targets -set -filter {jtag_cable_name =~ "RealDigital Boo 8874042404B4A" && level==0 && jtag_device_ctx=="jsn1-0362f093-0"}
fpga -file /home/jashshah/Desktop/Embedded_Lab/Lab_3/workspace/Encoder/_ide/bitstream/bd_wrapper.bit
targets -set -nocase -filter {name =~ "*microblaze*#0" && bscan=="USER2" }
loadhw -hw /home/jashshah/Desktop/Embedded_Lab/Lab_3/workspace/Lab_3/export/Lab_3/hw/bd_wrapper.xsa -regs
configparams mdm-detect-bscan-mask 2
targets -set -nocase -filter {name =~ "*microblaze*#0" && bscan=="USER2" }
rst -system
after 3000
targets -set -nocase -filter {name =~ "*microblaze*#0" && bscan=="USER2" }
dow /home/jashshah/Desktop/Embedded_Lab/Lab_3/workspace/Encoder/Debug/Encoder.elf
----------------End of Script----------------

21:36:07 INFO  : Context for processor 'microblaze_0' is selected.
21:36:07 INFO  : 'con' command is executed.
21:36:07 INFO  : ----------------XSDB Script (After Launch)----------------
targets -set -nocase -filter {name =~ "*microblaze*#0" && bscan=="USER2" }
con
----------------End of Script----------------

21:36:07 INFO  : Launch script is exported to file '/home/jashshah/Desktop/Embedded_Lab/Lab_3/workspace/Encoder_system/_ide/scripts/systemdebugger_encoder_system_4_standalone.tcl'
21:36:34 INFO  : Checking for BSP changes to sync application flags for project 'Encoder'...
21:38:07 INFO  : Checking for BSP changes to sync application flags for project 'Encoder'...
21:38:16 INFO  : Disconnected from the channel tcfchan#20.
21:38:16 INFO  : Connected to target on host '127.0.0.1' and port '3121'.
21:38:17 INFO  : Jtag cable 'RealDigital Boo 8874042404B4A' is selected.
21:38:17 INFO  : 'jtag frequency' command is executed.
21:38:17 INFO  : 'targets -set -filter {jtag_cable_name =~ "RealDigital Boo 8874042404B4A" && level==0 && jtag_device_ctx=="jsn1-0362f093-0"}' command is executed.
21:38:18 INFO  : Device configured successfully with "/home/jashshah/Desktop/Embedded_Lab/Lab_3/workspace/Encoder/_ide/bitstream/bd_wrapper.bit"
21:38:18 INFO  : Context for processor 'microblaze_0' is selected.
21:38:18 INFO  : Hardware design and registers information is loaded from '/home/jashshah/Desktop/Embedded_Lab/Lab_3/workspace/Lab_3/export/Lab_3/hw/bd_wrapper.xsa'.
21:38:18 INFO  : 'configparams mdm-detect-bscan-mask 2' command is executed.
21:38:18 INFO  : Context for processor 'microblaze_0' is selected.
21:38:19 INFO  : System reset is completed.
21:38:22 INFO  : 'after 3000' command is executed.
21:38:22 INFO  : Context for processor 'microblaze_0' is selected.
21:38:22 INFO  : The application '/home/jashshah/Desktop/Embedded_Lab/Lab_3/workspace/Encoder/Debug/Encoder.elf' is downloaded to processor 'microblaze_0'.
21:38:22 INFO  : ----------------XSDB Script----------------
connect -url tcp:127.0.0.1:3121
targets -set -filter {jtag_cable_name =~ "RealDigital Boo 8874042404B4A" && level==0 && jtag_device_ctx=="jsn1-0362f093-0"}
fpga -file /home/jashshah/Desktop/Embedded_Lab/Lab_3/workspace/Encoder/_ide/bitstream/bd_wrapper.bit
targets -set -nocase -filter {name =~ "*microblaze*#0" && bscan=="USER2" }
loadhw -hw /home/jashshah/Desktop/Embedded_Lab/Lab_3/workspace/Lab_3/export/Lab_3/hw/bd_wrapper.xsa -regs
configparams mdm-detect-bscan-mask 2
targets -set -nocase -filter {name =~ "*microblaze*#0" && bscan=="USER2" }
rst -system
after 3000
targets -set -nocase -filter {name =~ "*microblaze*#0" && bscan=="USER2" }
dow /home/jashshah/Desktop/Embedded_Lab/Lab_3/workspace/Encoder/Debug/Encoder.elf
----------------End of Script----------------

21:38:22 INFO  : Context for processor 'microblaze_0' is selected.
21:38:22 INFO  : 'con' command is executed.
21:38:22 INFO  : ----------------XSDB Script (After Launch)----------------
targets -set -nocase -filter {name =~ "*microblaze*#0" && bscan=="USER2" }
con
----------------End of Script----------------

21:38:22 INFO  : Launch script is exported to file '/home/jashshah/Desktop/Embedded_Lab/Lab_3/workspace/Encoder_system/_ide/scripts/systemdebugger_encoder_system_4_standalone.tcl'
21:41:34 INFO  : Checking for BSP changes to sync application flags for project 'Encoder'...
21:53:27 INFO  : Checking for BSP changes to sync application flags for project 'Encoder'...
21:53:36 INFO  : Disconnected from the channel tcfchan#21.
21:53:36 INFO  : Connected to target on host '127.0.0.1' and port '3121'.
21:53:38 INFO  : Jtag cable 'RealDigital Boo 8874042404B4A' is selected.
21:53:38 INFO  : 'jtag frequency' command is executed.
21:53:39 INFO  : 'targets -set -filter {jtag_cable_name =~ "RealDigital Boo 8874042404B4A" && level==0 && jtag_device_ctx=="jsn1-0362f093-0"}' command is executed.
21:53:40 INFO  : Device configured successfully with "/home/jashshah/Desktop/Embedded_Lab/Lab_3/workspace/Encoder/_ide/bitstream/bd_wrapper.bit"
21:53:40 INFO  : Context for processor 'microblaze_0' is selected.
21:53:40 INFO  : Hardware design and registers information is loaded from '/home/jashshah/Desktop/Embedded_Lab/Lab_3/workspace/Lab_3/export/Lab_3/hw/bd_wrapper.xsa'.
21:53:40 INFO  : 'configparams mdm-detect-bscan-mask 2' command is executed.
21:53:40 INFO  : Context for processor 'microblaze_0' is selected.
21:53:40 INFO  : System reset is completed.
21:53:43 INFO  : 'after 3000' command is executed.
21:53:43 INFO  : Context for processor 'microblaze_0' is selected.
21:53:43 INFO  : The application '/home/jashshah/Desktop/Embedded_Lab/Lab_3/workspace/Encoder/Debug/Encoder.elf' is downloaded to processor 'microblaze_0'.
21:53:43 INFO  : ----------------XSDB Script----------------
connect -url tcp:127.0.0.1:3121
targets -set -filter {jtag_cable_name =~ "RealDigital Boo 8874042404B4A" && level==0 && jtag_device_ctx=="jsn1-0362f093-0"}
fpga -file /home/jashshah/Desktop/Embedded_Lab/Lab_3/workspace/Encoder/_ide/bitstream/bd_wrapper.bit
targets -set -nocase -filter {name =~ "*microblaze*#0" && bscan=="USER2" }
loadhw -hw /home/jashshah/Desktop/Embedded_Lab/Lab_3/workspace/Lab_3/export/Lab_3/hw/bd_wrapper.xsa -regs
configparams mdm-detect-bscan-mask 2
targets -set -nocase -filter {name =~ "*microblaze*#0" && bscan=="USER2" }
rst -system
after 3000
targets -set -nocase -filter {name =~ "*microblaze*#0" && bscan=="USER2" }
dow /home/jashshah/Desktop/Embedded_Lab/Lab_3/workspace/Encoder/Debug/Encoder.elf
----------------End of Script----------------

21:53:43 INFO  : Context for processor 'microblaze_0' is selected.
21:53:43 INFO  : 'con' command is executed.
21:53:43 INFO  : ----------------XSDB Script (After Launch)----------------
targets -set -nocase -filter {name =~ "*microblaze*#0" && bscan=="USER2" }
con
----------------End of Script----------------

21:53:43 INFO  : Launch script is exported to file '/home/jashshah/Desktop/Embedded_Lab/Lab_3/workspace/Encoder_system/_ide/scripts/systemdebugger_encoder_system_4_standalone.tcl'
22:30:10 INFO  : Checking for BSP changes to sync application flags for project 'Encoder'...
22:32:05 INFO  : Disconnected from the channel tcfchan#22.
22:32:05 INFO  : Connected to target on host '127.0.0.1' and port '3121'.
22:32:06 INFO  : Jtag cable 'RealDigital Boo 8874042404B4A' is selected.
22:32:06 INFO  : 'jtag frequency' command is executed.
22:32:06 INFO  : 'targets -set -filter {jtag_cable_name =~ "RealDigital Boo 8874042404B4A" && level==0 && jtag_device_ctx=="jsn1-0362f093-0"}' command is executed.
22:32:06 INFO  : Device configured successfully with "/home/jashshah/Desktop/Embedded_Lab/Lab_3/workspace/Encoder/_ide/bitstream/bd_wrapper.bit"
22:32:07 INFO  : Context for processor 'microblaze_0' is selected.
22:32:07 INFO  : Hardware design and registers information is loaded from '/home/jashshah/Desktop/Embedded_Lab/Lab_3/workspace/Lab_3/export/Lab_3/hw/bd_wrapper.xsa'.
22:32:07 INFO  : 'configparams mdm-detect-bscan-mask 2' command is executed.
22:32:07 INFO  : Context for processor 'microblaze_0' is selected.
22:32:07 INFO  : System reset is completed.
22:32:10 INFO  : 'after 3000' command is executed.
22:32:10 INFO  : Context for processor 'microblaze_0' is selected.
22:32:10 INFO  : The application '/home/jashshah/Desktop/Embedded_Lab/Lab_3/workspace/Encoder/Debug/Encoder.elf' is downloaded to processor 'microblaze_0'.
22:32:10 INFO  : ----------------XSDB Script----------------
connect -url tcp:127.0.0.1:3121
targets -set -filter {jtag_cable_name =~ "RealDigital Boo 8874042404B4A" && level==0 && jtag_device_ctx=="jsn1-0362f093-0"}
fpga -file /home/jashshah/Desktop/Embedded_Lab/Lab_3/workspace/Encoder/_ide/bitstream/bd_wrapper.bit
targets -set -nocase -filter {name =~ "*microblaze*#0" && bscan=="USER2" }
loadhw -hw /home/jashshah/Desktop/Embedded_Lab/Lab_3/workspace/Lab_3/export/Lab_3/hw/bd_wrapper.xsa -regs
configparams mdm-detect-bscan-mask 2
targets -set -nocase -filter {name =~ "*microblaze*#0" && bscan=="USER2" }
rst -system
after 3000
targets -set -nocase -filter {name =~ "*microblaze*#0" && bscan=="USER2" }
dow /home/jashshah/Desktop/Embedded_Lab/Lab_3/workspace/Encoder/Debug/Encoder.elf
----------------End of Script----------------

22:32:10 INFO  : Context for processor 'microblaze_0' is selected.
22:32:10 INFO  : 'con' command is executed.
22:32:10 INFO  : ----------------XSDB Script (After Launch)----------------
targets -set -nocase -filter {name =~ "*microblaze*#0" && bscan=="USER2" }
con
----------------End of Script----------------

22:32:10 INFO  : Launch script is exported to file '/home/jashshah/Desktop/Embedded_Lab/Lab_3/workspace/Encoder_system/_ide/scripts/systemdebugger_encoder_system_4_standalone.tcl'
22:46:24 INFO  : Disconnected from the channel tcfchan#23.
22:46:26 INFO  : Connected to target on host '127.0.0.1' and port '3121'.
22:46:26 INFO  : Jtag cable 'RealDigital Boo 8874042404B4A' is selected.
22:46:26 INFO  : 'jtag frequency' command is executed.
22:46:26 INFO  : 'targets -set -filter {jtag_cable_name =~ "RealDigital Boo 8874042404B4A" && level==0 && jtag_device_ctx=="jsn1-0362f093-0"}' command is executed.
22:46:27 INFO  : Device configured successfully with "/home/jashshah/Desktop/Embedded_Lab/Lab_3/workspace/Encoder/_ide/bitstream/bd_wrapper.bit"
22:46:27 INFO  : Context for processor 'microblaze_0' is selected.
22:46:27 INFO  : Hardware design and registers information is loaded from '/home/jashshah/Desktop/Embedded_Lab/Lab_3/workspace/Lab_3/export/Lab_3/hw/bd_wrapper.xsa'.
22:46:27 INFO  : 'configparams mdm-detect-bscan-mask 2' command is executed.
22:46:27 INFO  : Context for processor 'microblaze_0' is selected.
22:46:27 INFO  : System reset is completed.
22:46:30 INFO  : 'after 3000' command is executed.
22:46:30 INFO  : Context for processor 'microblaze_0' is selected.
22:46:30 INFO  : The application '/home/jashshah/Desktop/Embedded_Lab/Lab_3/workspace/Encoder/Debug/Encoder.elf' is downloaded to processor 'microblaze_0'.
22:46:30 INFO  : ----------------XSDB Script----------------
connect -url tcp:127.0.0.1:3121
targets -set -filter {jtag_cable_name =~ "RealDigital Boo 8874042404B4A" && level==0 && jtag_device_ctx=="jsn1-0362f093-0"}
fpga -file /home/jashshah/Desktop/Embedded_Lab/Lab_3/workspace/Encoder/_ide/bitstream/bd_wrapper.bit
targets -set -nocase -filter {name =~ "*microblaze*#0" && bscan=="USER2" }
loadhw -hw /home/jashshah/Desktop/Embedded_Lab/Lab_3/workspace/Lab_3/export/Lab_3/hw/bd_wrapper.xsa -regs
configparams mdm-detect-bscan-mask 2
targets -set -nocase -filter {name =~ "*microblaze*#0" && bscan=="USER2" }
rst -system
after 3000
targets -set -nocase -filter {name =~ "*microblaze*#0" && bscan=="USER2" }
dow /home/jashshah/Desktop/Embedded_Lab/Lab_3/workspace/Encoder/Debug/Encoder.elf
----------------End of Script----------------

22:46:31 INFO  : Context for processor 'microblaze_0' is selected.
22:46:31 INFO  : 'con' command is executed.
22:46:31 INFO  : ----------------XSDB Script (After Launch)----------------
targets -set -nocase -filter {name =~ "*microblaze*#0" && bscan=="USER2" }
con
----------------End of Script----------------

22:46:31 INFO  : Launch script is exported to file '/home/jashshah/Desktop/Embedded_Lab/Lab_3/workspace/Encoder_system/_ide/scripts/systemdebugger_encoder_system_standalone.tcl'
22:47:47 INFO  : Checking for BSP changes to sync application flags for project 'Encoder'...
00:42:04 INFO  : Checking for BSP changes to sync application flags for project 'Encoder'...
00:42:24 INFO  : Disconnected from the channel tcfchan#24.
00:42:25 INFO  : Connected to target on host '127.0.0.1' and port '3121'.
00:42:25 INFO  : Jtag cable 'RealDigital Boo 8874042404B4A' is selected.
00:42:25 INFO  : 'jtag frequency' command is executed.
00:42:26 INFO  : 'targets -set -filter {jtag_cable_name =~ "RealDigital Boo 8874042404B4A" && level==0 && jtag_device_ctx=="jsn1-0362f093-0"}' command is executed.
00:42:26 INFO  : Device configured successfully with "/home/jashshah/Desktop/Embedded_Lab/Lab_3/workspace/Encoder/_ide/bitstream/bd_wrapper.bit"
00:42:26 INFO  : Context for processor 'microblaze_0' is selected.
00:42:26 INFO  : Hardware design and registers information is loaded from '/home/jashshah/Desktop/Embedded_Lab/Lab_3/workspace/Lab_3/export/Lab_3/hw/bd_wrapper.xsa'.
00:42:26 INFO  : 'configparams mdm-detect-bscan-mask 2' command is executed.
00:42:26 INFO  : Context for processor 'microblaze_0' is selected.
00:42:26 INFO  : System reset is completed.
00:42:29 INFO  : 'after 3000' command is executed.
00:42:29 INFO  : Context for processor 'microblaze_0' is selected.
00:42:30 INFO  : The application '/home/jashshah/Desktop/Embedded_Lab/Lab_3/workspace/Encoder/Debug/Encoder.elf' is downloaded to processor 'microblaze_0'.
00:42:30 INFO  : ----------------XSDB Script----------------
connect -url tcp:127.0.0.1:3121
targets -set -filter {jtag_cable_name =~ "RealDigital Boo 8874042404B4A" && level==0 && jtag_device_ctx=="jsn1-0362f093-0"}
fpga -file /home/jashshah/Desktop/Embedded_Lab/Lab_3/workspace/Encoder/_ide/bitstream/bd_wrapper.bit
targets -set -nocase -filter {name =~ "*microblaze*#0" && bscan=="USER2" }
loadhw -hw /home/jashshah/Desktop/Embedded_Lab/Lab_3/workspace/Lab_3/export/Lab_3/hw/bd_wrapper.xsa -regs
configparams mdm-detect-bscan-mask 2
targets -set -nocase -filter {name =~ "*microblaze*#0" && bscan=="USER2" }
rst -system
after 3000
targets -set -nocase -filter {name =~ "*microblaze*#0" && bscan=="USER2" }
dow /home/jashshah/Desktop/Embedded_Lab/Lab_3/workspace/Encoder/Debug/Encoder.elf
----------------End of Script----------------

00:42:30 INFO  : Context for processor 'microblaze_0' is selected.
00:42:30 INFO  : 'con' command is executed.
00:42:30 INFO  : ----------------XSDB Script (After Launch)----------------
targets -set -nocase -filter {name =~ "*microblaze*#0" && bscan=="USER2" }
con
----------------End of Script----------------

00:42:30 INFO  : Launch script is exported to file '/home/jashshah/Desktop/Embedded_Lab/Lab_3/workspace/Encoder_system/_ide/scripts/systemdebugger_encoder_system_5_standalone.tcl'
00:48:38 INFO  : Checking for BSP changes to sync application flags for project 'Encoder'...
00:49:01 INFO  : Disconnected from the channel tcfchan#25.
00:49:02 INFO  : Connected to target on host '127.0.0.1' and port '3121'.
00:49:03 INFO  : Jtag cable 'RealDigital Boo 8874042404B4A' is selected.
00:49:03 INFO  : 'jtag frequency' command is executed.
00:49:03 INFO  : 'targets -set -filter {jtag_cable_name =~ "RealDigital Boo 8874042404B4A" && level==0 && jtag_device_ctx=="jsn1-0362f093-0"}' command is executed.
00:49:04 INFO  : Device configured successfully with "/home/jashshah/Desktop/Embedded_Lab/Lab_3/workspace/Encoder/_ide/bitstream/bd_wrapper.bit"
00:49:04 INFO  : Context for processor 'microblaze_0' is selected.
00:49:04 INFO  : Hardware design and registers information is loaded from '/home/jashshah/Desktop/Embedded_Lab/Lab_3/workspace/Lab_3/export/Lab_3/hw/bd_wrapper.xsa'.
00:49:04 INFO  : 'configparams mdm-detect-bscan-mask 2' command is executed.
00:49:04 INFO  : Context for processor 'microblaze_0' is selected.
00:49:04 INFO  : System reset is completed.
00:49:07 INFO  : 'after 3000' command is executed.
00:49:07 INFO  : Context for processor 'microblaze_0' is selected.
00:49:07 INFO  : The application '/home/jashshah/Desktop/Embedded_Lab/Lab_3/workspace/Encoder/Debug/Encoder.elf' is downloaded to processor 'microblaze_0'.
00:49:07 INFO  : ----------------XSDB Script----------------
connect -url tcp:127.0.0.1:3121
targets -set -filter {jtag_cable_name =~ "RealDigital Boo 8874042404B4A" && level==0 && jtag_device_ctx=="jsn1-0362f093-0"}
fpga -file /home/jashshah/Desktop/Embedded_Lab/Lab_3/workspace/Encoder/_ide/bitstream/bd_wrapper.bit
targets -set -nocase -filter {name =~ "*microblaze*#0" && bscan=="USER2" }
loadhw -hw /home/jashshah/Desktop/Embedded_Lab/Lab_3/workspace/Lab_3/export/Lab_3/hw/bd_wrapper.xsa -regs
configparams mdm-detect-bscan-mask 2
targets -set -nocase -filter {name =~ "*microblaze*#0" && bscan=="USER2" }
rst -system
after 3000
targets -set -nocase -filter {name =~ "*microblaze*#0" && bscan=="USER2" }
dow /home/jashshah/Desktop/Embedded_Lab/Lab_3/workspace/Encoder/Debug/Encoder.elf
----------------End of Script----------------

00:49:07 INFO  : Context for processor 'microblaze_0' is selected.
00:49:08 INFO  : 'con' command is executed.
00:49:08 INFO  : ----------------XSDB Script (After Launch)----------------
targets -set -nocase -filter {name =~ "*microblaze*#0" && bscan=="USER2" }
con
----------------End of Script----------------

00:49:08 INFO  : Launch script is exported to file '/home/jashshah/Desktop/Embedded_Lab/Lab_3/workspace/Encoder_system/_ide/scripts/systemdebugger_encoder_system_6_standalone.tcl'
00:56:43 INFO  : Checking for BSP changes to sync application flags for project 'Encoder'...
00:56:49 INFO  : Disconnected from the channel tcfchan#26.
00:56:49 INFO  : Connected to target on host '127.0.0.1' and port '3121'.
00:56:50 INFO  : Jtag cable 'RealDigital Boo 8874042404B4A' is selected.
00:56:50 INFO  : 'jtag frequency' command is executed.
00:56:50 INFO  : 'targets -set -filter {jtag_cable_name =~ "RealDigital Boo 8874042404B4A" && level==0 && jtag_device_ctx=="jsn1-0362f093-0"}' command is executed.
00:56:50 INFO  : Device configured successfully with "/home/jashshah/Desktop/Embedded_Lab/Lab_3/workspace/Encoder/_ide/bitstream/bd_wrapper.bit"
00:56:50 INFO  : Context for processor 'microblaze_0' is selected.
00:56:50 INFO  : Hardware design and registers information is loaded from '/home/jashshah/Desktop/Embedded_Lab/Lab_3/workspace/Lab_3/export/Lab_3/hw/bd_wrapper.xsa'.
00:56:50 INFO  : 'configparams mdm-detect-bscan-mask 2' command is executed.
00:56:50 INFO  : Context for processor 'microblaze_0' is selected.
00:56:50 INFO  : System reset is completed.
00:56:53 INFO  : 'after 3000' command is executed.
00:56:53 INFO  : Context for processor 'microblaze_0' is selected.
00:56:54 INFO  : The application '/home/jashshah/Desktop/Embedded_Lab/Lab_3/workspace/Encoder/Debug/Encoder.elf' is downloaded to processor 'microblaze_0'.
00:56:54 INFO  : ----------------XSDB Script----------------
connect -url tcp:127.0.0.1:3121
targets -set -filter {jtag_cable_name =~ "RealDigital Boo 8874042404B4A" && level==0 && jtag_device_ctx=="jsn1-0362f093-0"}
fpga -file /home/jashshah/Desktop/Embedded_Lab/Lab_3/workspace/Encoder/_ide/bitstream/bd_wrapper.bit
targets -set -nocase -filter {name =~ "*microblaze*#0" && bscan=="USER2" }
loadhw -hw /home/jashshah/Desktop/Embedded_Lab/Lab_3/workspace/Lab_3/export/Lab_3/hw/bd_wrapper.xsa -regs
configparams mdm-detect-bscan-mask 2
targets -set -nocase -filter {name =~ "*microblaze*#0" && bscan=="USER2" }
rst -system
after 3000
targets -set -nocase -filter {name =~ "*microblaze*#0" && bscan=="USER2" }
dow /home/jashshah/Desktop/Embedded_Lab/Lab_3/workspace/Encoder/Debug/Encoder.elf
----------------End of Script----------------

00:56:54 INFO  : Context for processor 'microblaze_0' is selected.
00:56:54 INFO  : 'con' command is executed.
00:56:54 INFO  : ----------------XSDB Script (After Launch)----------------
targets -set -nocase -filter {name =~ "*microblaze*#0" && bscan=="USER2" }
con
----------------End of Script----------------

00:56:54 INFO  : Launch script is exported to file '/home/jashshah/Desktop/Embedded_Lab/Lab_3/workspace/Encoder_system/_ide/scripts/systemdebugger_encoder_system_6_standalone.tcl'
00:59:29 INFO  : Checking for BSP changes to sync application flags for project 'Encoder'...
00:59:40 INFO  : Disconnected from the channel tcfchan#27.
00:59:41 INFO  : Connected to target on host '127.0.0.1' and port '3121'.
00:59:41 INFO  : Jtag cable 'RealDigital Boo 8874042404B4A' is selected.
00:59:41 INFO  : 'jtag frequency' command is executed.
00:59:41 INFO  : 'targets -set -filter {jtag_cable_name =~ "RealDigital Boo 8874042404B4A" && level==0 && jtag_device_ctx=="jsn1-0362f093-0"}' command is executed.
00:59:42 INFO  : Device configured successfully with "/home/jashshah/Desktop/Embedded_Lab/Lab_3/workspace/Encoder/_ide/bitstream/bd_wrapper.bit"
00:59:42 INFO  : Context for processor 'microblaze_0' is selected.
00:59:42 INFO  : Hardware design and registers information is loaded from '/home/jashshah/Desktop/Embedded_Lab/Lab_3/workspace/Lab_3/export/Lab_3/hw/bd_wrapper.xsa'.
00:59:42 INFO  : 'configparams mdm-detect-bscan-mask 2' command is executed.
00:59:42 INFO  : Context for processor 'microblaze_0' is selected.
00:59:42 INFO  : System reset is completed.
00:59:45 INFO  : 'after 3000' command is executed.
00:59:45 INFO  : Context for processor 'microblaze_0' is selected.
00:59:45 INFO  : The application '/home/jashshah/Desktop/Embedded_Lab/Lab_3/workspace/Encoder/Debug/Encoder.elf' is downloaded to processor 'microblaze_0'.
00:59:45 INFO  : ----------------XSDB Script----------------
connect -url tcp:127.0.0.1:3121
targets -set -filter {jtag_cable_name =~ "RealDigital Boo 8874042404B4A" && level==0 && jtag_device_ctx=="jsn1-0362f093-0"}
fpga -file /home/jashshah/Desktop/Embedded_Lab/Lab_3/workspace/Encoder/_ide/bitstream/bd_wrapper.bit
targets -set -nocase -filter {name =~ "*microblaze*#0" && bscan=="USER2" }
loadhw -hw /home/jashshah/Desktop/Embedded_Lab/Lab_3/workspace/Lab_3/export/Lab_3/hw/bd_wrapper.xsa -regs
configparams mdm-detect-bscan-mask 2
targets -set -nocase -filter {name =~ "*microblaze*#0" && bscan=="USER2" }
rst -system
after 3000
targets -set -nocase -filter {name =~ "*microblaze*#0" && bscan=="USER2" }
dow /home/jashshah/Desktop/Embedded_Lab/Lab_3/workspace/Encoder/Debug/Encoder.elf
----------------End of Script----------------

00:59:45 INFO  : Context for processor 'microblaze_0' is selected.
00:59:46 INFO  : 'con' command is executed.
00:59:46 INFO  : ----------------XSDB Script (After Launch)----------------
targets -set -nocase -filter {name =~ "*microblaze*#0" && bscan=="USER2" }
con
----------------End of Script----------------

00:59:46 INFO  : Launch script is exported to file '/home/jashshah/Desktop/Embedded_Lab/Lab_3/workspace/Encoder_system/_ide/scripts/systemdebugger_encoder_system_7_standalone.tcl'
01:38:09 INFO  : Checking for BSP changes to sync application flags for project 'Encoder'...
01:38:41 INFO  : Checking for BSP changes to sync application flags for project 'Encoder'...
01:38:48 INFO  : Disconnected from the channel tcfchan#28.
01:38:49 INFO  : Connected to target on host '127.0.0.1' and port '3121'.
01:38:50 INFO  : Jtag cable 'RealDigital Boo 8874042404B4A' is selected.
01:38:50 INFO  : 'jtag frequency' command is executed.
01:38:50 INFO  : 'targets -set -filter {jtag_cable_name =~ "RealDigital Boo 8874042404B4A" && level==0 && jtag_device_ctx=="jsn1-0362f093-0"}' command is executed.
01:38:50 INFO  : Device configured successfully with "/home/jashshah/Desktop/Embedded_Lab/Lab_3/workspace/Encoder/_ide/bitstream/bd_wrapper.bit"
01:38:50 INFO  : Context for processor 'microblaze_0' is selected.
01:38:50 INFO  : Hardware design and registers information is loaded from '/home/jashshah/Desktop/Embedded_Lab/Lab_3/workspace/Lab_3/export/Lab_3/hw/bd_wrapper.xsa'.
01:38:50 INFO  : 'configparams mdm-detect-bscan-mask 2' command is executed.
01:38:51 INFO  : Context for processor 'microblaze_0' is selected.
01:38:51 INFO  : System reset is completed.
01:38:54 INFO  : 'after 3000' command is executed.
01:38:54 INFO  : Context for processor 'microblaze_0' is selected.
01:38:54 INFO  : The application '/home/jashshah/Desktop/Embedded_Lab/Lab_3/workspace/Encoder/Debug/Encoder.elf' is downloaded to processor 'microblaze_0'.
01:38:54 INFO  : ----------------XSDB Script----------------
connect -url tcp:127.0.0.1:3121
targets -set -filter {jtag_cable_name =~ "RealDigital Boo 8874042404B4A" && level==0 && jtag_device_ctx=="jsn1-0362f093-0"}
fpga -file /home/jashshah/Desktop/Embedded_Lab/Lab_3/workspace/Encoder/_ide/bitstream/bd_wrapper.bit
targets -set -nocase -filter {name =~ "*microblaze*#0" && bscan=="USER2" }
loadhw -hw /home/jashshah/Desktop/Embedded_Lab/Lab_3/workspace/Lab_3/export/Lab_3/hw/bd_wrapper.xsa -regs
configparams mdm-detect-bscan-mask 2
targets -set -nocase -filter {name =~ "*microblaze*#0" && bscan=="USER2" }
rst -system
after 3000
targets -set -nocase -filter {name =~ "*microblaze*#0" && bscan=="USER2" }
dow /home/jashshah/Desktop/Embedded_Lab/Lab_3/workspace/Encoder/Debug/Encoder.elf
----------------End of Script----------------

01:38:54 INFO  : Context for processor 'microblaze_0' is selected.
01:38:54 INFO  : 'con' command is executed.
01:38:54 INFO  : ----------------XSDB Script (After Launch)----------------
targets -set -nocase -filter {name =~ "*microblaze*#0" && bscan=="USER2" }
con
----------------End of Script----------------

01:38:54 INFO  : Launch script is exported to file '/home/jashshah/Desktop/Embedded_Lab/Lab_3/workspace/Encoder_system/_ide/scripts/systemdebugger_encoder_system_8_standalone.tcl'
01:44:55 INFO  : Checking for BSP changes to sync application flags for project 'Encoder'...
01:48:12 INFO  : Checking for BSP changes to sync application flags for project 'Encoder'...
01:48:16 INFO  : Disconnected from the channel tcfchan#29.
01:48:16 INFO  : Connected to target on host '127.0.0.1' and port '3121'.
01:48:17 INFO  : Jtag cable 'RealDigital Boo 8874042404B4A' is selected.
01:48:17 INFO  : 'jtag frequency' command is executed.
01:48:17 INFO  : 'targets -set -filter {jtag_cable_name =~ "RealDigital Boo 8874042404B4A" && level==0 && jtag_device_ctx=="jsn1-0362f093-0"}' command is executed.
01:48:17 INFO  : Device configured successfully with "/home/jashshah/Desktop/Embedded_Lab/Lab_3/workspace/Encoder/_ide/bitstream/bd_wrapper.bit"
01:48:17 INFO  : Context for processor 'microblaze_0' is selected.
01:48:18 INFO  : Hardware design and registers information is loaded from '/home/jashshah/Desktop/Embedded_Lab/Lab_3/workspace/Lab_3/export/Lab_3/hw/bd_wrapper.xsa'.
01:48:18 INFO  : 'configparams mdm-detect-bscan-mask 2' command is executed.
01:48:18 INFO  : Context for processor 'microblaze_0' is selected.
01:48:18 INFO  : System reset is completed.
01:48:21 INFO  : 'after 3000' command is executed.
01:48:21 INFO  : Context for processor 'microblaze_0' is selected.
01:48:21 INFO  : The application '/home/jashshah/Desktop/Embedded_Lab/Lab_3/workspace/Encoder/Debug/Encoder.elf' is downloaded to processor 'microblaze_0'.
01:48:21 INFO  : ----------------XSDB Script----------------
connect -url tcp:127.0.0.1:3121
targets -set -filter {jtag_cable_name =~ "RealDigital Boo 8874042404B4A" && level==0 && jtag_device_ctx=="jsn1-0362f093-0"}
fpga -file /home/jashshah/Desktop/Embedded_Lab/Lab_3/workspace/Encoder/_ide/bitstream/bd_wrapper.bit
targets -set -nocase -filter {name =~ "*microblaze*#0" && bscan=="USER2" }
loadhw -hw /home/jashshah/Desktop/Embedded_Lab/Lab_3/workspace/Lab_3/export/Lab_3/hw/bd_wrapper.xsa -regs
configparams mdm-detect-bscan-mask 2
targets -set -nocase -filter {name =~ "*microblaze*#0" && bscan=="USER2" }
rst -system
after 3000
targets -set -nocase -filter {name =~ "*microblaze*#0" && bscan=="USER2" }
dow /home/jashshah/Desktop/Embedded_Lab/Lab_3/workspace/Encoder/Debug/Encoder.elf
----------------End of Script----------------

01:48:21 INFO  : Context for processor 'microblaze_0' is selected.
01:48:21 INFO  : 'con' command is executed.
01:48:21 INFO  : ----------------XSDB Script (After Launch)----------------
targets -set -nocase -filter {name =~ "*microblaze*#0" && bscan=="USER2" }
con
----------------End of Script----------------

01:48:21 INFO  : Launch script is exported to file '/home/jashshah/Desktop/Embedded_Lab/Lab_3/workspace/Encoder_system/_ide/scripts/systemdebugger_encoder_system_8_standalone.tcl'
01:59:07 INFO  : Disconnected from the channel tcfchan#30.
01:59:07 INFO  : Connected to target on host '127.0.0.1' and port '3121'.
01:59:08 INFO  : Jtag cable 'RealDigital Boo 8874042404B4A' is selected.
01:59:08 INFO  : 'jtag frequency' command is executed.
01:59:08 INFO  : 'targets -set -filter {jtag_cable_name =~ "RealDigital Boo 8874042404B4A" && level==0 && jtag_device_ctx=="jsn1-0362f093-0"}' command is executed.
01:59:09 INFO  : Device configured successfully with "/home/jashshah/Desktop/Embedded_Lab/Lab_3/workspace/Encoder/_ide/bitstream/bd_wrapper.bit"
01:59:09 INFO  : Context for processor 'microblaze_0' is selected.
01:59:09 INFO  : Hardware design and registers information is loaded from '/home/jashshah/Desktop/Embedded_Lab/Lab_3/workspace/Lab_3/export/Lab_3/hw/bd_wrapper.xsa'.
01:59:09 INFO  : 'configparams mdm-detect-bscan-mask 2' command is executed.
01:59:09 INFO  : Context for processor 'microblaze_0' is selected.
01:59:09 INFO  : System reset is completed.
01:59:12 INFO  : 'after 3000' command is executed.
01:59:12 INFO  : Context for processor 'microblaze_0' is selected.
01:59:12 INFO  : The application '/home/jashshah/Desktop/Embedded_Lab/Lab_3/workspace/Encoder/Debug/Encoder.elf' is downloaded to processor 'microblaze_0'.
01:59:12 INFO  : ----------------XSDB Script----------------
connect -url tcp:127.0.0.1:3121
targets -set -filter {jtag_cable_name =~ "RealDigital Boo 8874042404B4A" && level==0 && jtag_device_ctx=="jsn1-0362f093-0"}
fpga -file /home/jashshah/Desktop/Embedded_Lab/Lab_3/workspace/Encoder/_ide/bitstream/bd_wrapper.bit
targets -set -nocase -filter {name =~ "*microblaze*#0" && bscan=="USER2" }
loadhw -hw /home/jashshah/Desktop/Embedded_Lab/Lab_3/workspace/Lab_3/export/Lab_3/hw/bd_wrapper.xsa -regs
configparams mdm-detect-bscan-mask 2
targets -set -nocase -filter {name =~ "*microblaze*#0" && bscan=="USER2" }
rst -system
after 3000
targets -set -nocase -filter {name =~ "*microblaze*#0" && bscan=="USER2" }
dow /home/jashshah/Desktop/Embedded_Lab/Lab_3/workspace/Encoder/Debug/Encoder.elf
----------------End of Script----------------

01:59:12 INFO  : Context for processor 'microblaze_0' is selected.
01:59:12 INFO  : 'con' command is executed.
01:59:12 INFO  : ----------------XSDB Script (After Launch)----------------
targets -set -nocase -filter {name =~ "*microblaze*#0" && bscan=="USER2" }
con
----------------End of Script----------------

01:59:12 INFO  : Launch script is exported to file '/home/jashshah/Desktop/Embedded_Lab/Lab_3/workspace/Encoder_system/_ide/scripts/systemdebugger_encoder_system_8_standalone.tcl'
01:59:32 INFO  : Inferring section assignments and sizes from elf file: /home/jashshah/Desktop/Embedded_Lab/Lab_3/workspace/Encoder/Debug/Encoder.elf
02:00:31 INFO  : Successfully generated /home/jashshah/Desktop/Embedded_Lab/Lab_3/workspace/Encoder/src/lscript.ld.
02:00:31 INFO  : Applying linker script to all configurations of project Encoder.
02:00:31 INFO  : Setting rebuild state to true for all configurations of project Encoder.
02:00:41 INFO  : Checking for BSP changes to sync application flags for project 'Encoder'...
02:00:47 INFO  : Disconnected from the channel tcfchan#31.
02:00:48 INFO  : Connected to target on host '127.0.0.1' and port '3121'.
02:00:49 INFO  : Jtag cable 'RealDigital Boo 8874042404B4A' is selected.
02:00:49 INFO  : 'jtag frequency' command is executed.
02:00:49 INFO  : 'targets -set -filter {jtag_cable_name =~ "RealDigital Boo 8874042404B4A" && level==0 && jtag_device_ctx=="jsn1-0362f093-0"}' command is executed.
02:00:49 INFO  : Device configured successfully with "/home/jashshah/Desktop/Embedded_Lab/Lab_3/workspace/Encoder/_ide/bitstream/bd_wrapper.bit"
02:00:49 INFO  : Context for processor 'microblaze_0' is selected.
02:00:50 INFO  : Hardware design and registers information is loaded from '/home/jashshah/Desktop/Embedded_Lab/Lab_3/workspace/Lab_3/export/Lab_3/hw/bd_wrapper.xsa'.
02:00:50 INFO  : 'configparams mdm-detect-bscan-mask 2' command is executed.
02:00:50 INFO  : Context for processor 'microblaze_0' is selected.
02:00:50 INFO  : System reset is completed.
02:00:53 INFO  : 'after 3000' command is executed.
02:00:53 INFO  : Context for processor 'microblaze_0' is selected.
02:00:53 INFO  : The application '/home/jashshah/Desktop/Embedded_Lab/Lab_3/workspace/Encoder/Debug/Encoder.elf' is downloaded to processor 'microblaze_0'.
02:00:53 INFO  : ----------------XSDB Script----------------
connect -url tcp:127.0.0.1:3121
targets -set -filter {jtag_cable_name =~ "RealDigital Boo 8874042404B4A" && level==0 && jtag_device_ctx=="jsn1-0362f093-0"}
fpga -file /home/jashshah/Desktop/Embedded_Lab/Lab_3/workspace/Encoder/_ide/bitstream/bd_wrapper.bit
targets -set -nocase -filter {name =~ "*microblaze*#0" && bscan=="USER2" }
loadhw -hw /home/jashshah/Desktop/Embedded_Lab/Lab_3/workspace/Lab_3/export/Lab_3/hw/bd_wrapper.xsa -regs
configparams mdm-detect-bscan-mask 2
targets -set -nocase -filter {name =~ "*microblaze*#0" && bscan=="USER2" }
rst -system
after 3000
targets -set -nocase -filter {name =~ "*microblaze*#0" && bscan=="USER2" }
dow /home/jashshah/Desktop/Embedded_Lab/Lab_3/workspace/Encoder/Debug/Encoder.elf
----------------End of Script----------------

02:00:53 INFO  : Context for processor 'microblaze_0' is selected.
02:00:53 INFO  : 'con' command is executed.
02:00:53 INFO  : ----------------XSDB Script (After Launch)----------------
targets -set -nocase -filter {name =~ "*microblaze*#0" && bscan=="USER2" }
con
----------------End of Script----------------

02:00:53 INFO  : Launch script is exported to file '/home/jashshah/Desktop/Embedded_Lab/Lab_3/workspace/Encoder_system/_ide/scripts/systemdebugger_encoder_system_9_standalone.tcl'
02:54:59 INFO  : Disconnected from the channel tcfchan#32.
16:08:32 DEBUG : Logs will be stored at '/home/jashshah/Desktop/Embedded_Lab/Lab_3/workspace/IDE.log'.
16:08:37 INFO  : Launching XSCT server: xsct -n  -interactive /home/jashshah/Desktop/Embedded_Lab/Lab_3/workspace/temp_xsdb_launch_script.tcl
16:08:43 INFO  : Registering command handlers for Vitis TCF services
16:08:44 INFO  : XSCT server has started successfully.
16:08:44 INFO  : Platform repository initialization has completed.
16:08:46 INFO  : plnx-install-location is set to ''
16:08:46 INFO  : Successfully done setting XSCT server connection channel  
16:08:46 INFO  : Successfully done query RDI_DATADIR 
16:08:46 INFO  : Successfully done setting workspace for the tool. 
